CRITICAL - 2023-01-02 09:18:49 --> require(E:\htdocs\smkifsu.sch.id\app\ThirdParty\EFINDER\php\connector.minimal.php): failed to open stream: No such file or directory
in APPPATH\Controllers\FileManager.php on line 10.
 1 APPPATH\Controllers\FileManager.php(10): CodeIgniter\Debug\Exceptions->errorHandler(2, 'require(E:\\htdocs\\smkifsu.sch.id\\app\\ThirdParty\\EFINDER\\php\\connector.minimal.php): failed to open stream: No such file or directory', 'APPPATH\\Controllers\\FileManager.php', 10, [])
 2 APPPATH\Controllers\FileManager.php(10): require()
 3 SYSTEMPATH\CodeIgniter.php(927): App\Controllers\FileManager->backend()
 4 SYSTEMPATH\CodeIgniter.php(482): CodeIgniter\CodeIgniter->runController(Object(App\Controllers\FileManager))
 5 SYSTEMPATH\CodeIgniter.php(351): CodeIgniter\CodeIgniter->handleRequest(null, Object(Config\Cache), false)
 6 FCPATH\index.php(67): CodeIgniter\CodeIgniter->run()
CRITICAL - 2023-01-02 09:19:14 --> require(): Failed opening required './autoload.php' (include_path='E:\xampp\xampp.7.4\php\PEAR')
in APPPATH\ThirdParty\ElFINDER\php\connector.minimal.php on line 37.
 1 [internal function]: CodeIgniter\Debug\Exceptions->shutdownHandler()
CRITICAL - 2023-01-02 09:23:09 --> require(): Failed opening required './autoload.php' (include_path='E:\xampp\xampp.7.4\php\PEAR')
in APPPATH\ThirdParty\ElFINDER\php\connector.minimal.php on line 38.
 1 [internal function]: CodeIgniter\Debug\Exceptions->shutdownHandler()
CRITICAL - 2023-01-02 09:23:09 --> require(): Failed opening required './autoload.php' (include_path='E:\xampp\xampp.7.4\php\PEAR')
in APPPATH\ThirdParty\ElFINDER\php\connector.minimal.php on line 38.
 1 [internal function]: CodeIgniter\Debug\Exceptions->shutdownHandler()
CRITICAL - 2023-01-02 09:23:11 --> require(): Failed opening required './autoload.php' (include_path='E:\xampp\xampp.7.4\php\PEAR')
in APPPATH\ThirdParty\ElFINDER\php\connector.minimal.php on line 38.
 1 [internal function]: CodeIgniter\Debug\Exceptions->shutdownHandler()
CRITICAL - 2023-01-02 09:27:12 --> Class 'elFinder' not found
in APPPATH\ThirdParty\ElFINDER\php\connector.minimal.php on line 42.
 1 APPPATH\Controllers\FileManager.php(10): require()
 2 SYSTEMPATH\CodeIgniter.php(927): App\Controllers\FileManager->backend()
 3 SYSTEMPATH\CodeIgniter.php(482): CodeIgniter\CodeIgniter->runController(Object(App\Controllers\FileManager))
 4 SYSTEMPATH\CodeIgniter.php(351): CodeIgniter\CodeIgniter->handleRequest(null, Object(Config\Cache), false)
 5 FCPATH\index.php(67): CodeIgniter\CodeIgniter->run()
CRITICAL - 2023-01-02 09:30:25 --> Class 'elFinder' not found
in APPPATH\ThirdParty\ElFINDER\php\connector.minimal.php on line 42.
 1 APPPATH\Controllers\FileManager.php(10): require()
 2 SYSTEMPATH\CodeIgniter.php(927): App\Controllers\FileManager->backend()
 3 SYSTEMPATH\CodeIgniter.php(482): CodeIgniter\CodeIgniter->runController(Object(App\Controllers\FileManager))
 4 SYSTEMPATH\CodeIgniter.php(351): CodeIgniter\CodeIgniter->handleRequest(null, Object(Config\Cache), false)
 5 FCPATH\index.php(67): CodeIgniter\CodeIgniter->run()
CRITICAL - 2023-01-02 11:25:54 --> syntax error, unexpected '?>'
in APPPATH\Views\filemanager.php on line 19.
 1 SYSTEMPATH\View\View.php(216): CodeIgniter\View\View->CodeIgniter\View\{closure}()
 2 SYSTEMPATH\Common.php(1135): CodeIgniter\View\View->render('filemanager', [], true)
 3 APPPATH\Controllers\FileManager.php(7): view('filemanager')
 4 SYSTEMPATH\CodeIgniter.php(927): App\Controllers\FileManager->index()
 5 SYSTEMPATH\CodeIgniter.php(482): CodeIgniter\CodeIgniter->runController(Object(App\Controllers\FileManager))
 6 SYSTEMPATH\CodeIgniter.php(351): CodeIgniter\CodeIgniter->handleRequest(null, Object(Config\Cache), false)
 7 FCPATH\index.php(67): CodeIgniter\CodeIgniter->run()
CRITICAL - 2023-01-02 20:01:14 --> syntax error, unexpected ','
in APPPATH\Views\filemanager.php on line 13.
 1 SYSTEMPATH\View\View.php(216): CodeIgniter\View\View->CodeIgniter\View\{closure}()
 2 SYSTEMPATH\Common.php(1135): CodeIgniter\View\View->render('filemanager', [], true)
 3 APPPATH\Controllers\FileManager.php(7): view('filemanager')
 4 SYSTEMPATH\CodeIgniter.php(927): App\Controllers\FileManager->index()
 5 SYSTEMPATH\CodeIgniter.php(482): CodeIgniter\CodeIgniter->runController(Object(App\Controllers\FileManager))
 6 SYSTEMPATH\CodeIgniter.php(351): CodeIgniter\CodeIgniter->handleRequest(null, Object(Config\Cache), false)
 7 FCPATH\index.php(67): CodeIgniter\CodeIgniter->run()
CRITICAL - 2023-01-02 20:11:36 --> syntax error, unexpected ','
in APPPATH\Views\admin\post\partials\footer.php on line 3.
 1 SYSTEMPATH\View\View.php(216): CodeIgniter\View\View->CodeIgniter\View\{closure}()
 2 SYSTEMPATH\View\View.php(431): CodeIgniter\View\View->render('admin/post/partials/footer', null, true)
 3 APPPATH\Views\admin\post\add_post.php(158): CodeIgniter\View\View->include('admin/post/partials/footer')
 4 SYSTEMPATH\View\View.php(213): include('APPPATH\\Views\\admin\\post\\add_post.php')
 5 SYSTEMPATH\View\View.php(216): CodeIgniter\View\View->CodeIgniter\View\{closure}()
 6 SYSTEMPATH\Common.php(1135): CodeIgniter\View\View->render('admin/post/add_post', [], true)
 7 APPPATH\Controllers\Admin\Post.php(97): view('admin/post/add_post', [...])
 8 SYSTEMPATH\CodeIgniter.php(927): App\Controllers\Admin\Post->addNew()
 9 SYSTEMPATH\CodeIgniter.php(482): CodeIgniter\CodeIgniter->runController(Object(App\Controllers\Admin\Post))
10 SYSTEMPATH\CodeIgniter.php(351): CodeIgniter\CodeIgniter->handleRequest(null, Object(Config\Cache), false)
11 FCPATH\index.php(67): CodeIgniter\CodeIgniter->run()
