CRITICAL - 2022-12-22 02:00:34 --> Call to undefined method App\Models\Admin\Categories::getAll
in SYSTEMPATH\Model.php on line 774.
 1 APPPATH\Controllers\Admin\Categories.php(12): CodeIgniter\Model->__call('getAll', [])
 2 SYSTEMPATH\CodeIgniter.php(927): App\Controllers\Admin\Categories->index()
 3 SYSTEMPATH\CodeIgniter.php(482): CodeIgniter\CodeIgniter->runController(Object(App\Controllers\Admin\Categories))
 4 SYSTEMPATH\CodeIgniter.php(351): CodeIgniter\CodeIgniter->handleRequest(null, Object(Config\Cache), false)
 5 FCPATH\index.php(67): CodeIgniter\CodeIgniter->run()
 6 SYSTEMPATH\Commands\Server\rewrite.php(46): require_once('FCPATH\\index.php')
CRITICAL - 2022-12-22 02:01:18 --> Call to undefined method CodeIgniter\Database\MySQLi\Result::countAllResults()
in APPPATH\Controllers\Admin\Categories.php on line 12.
 1 SYSTEMPATH\CodeIgniter.php(927): App\Controllers\Admin\Categories->index()
 2 SYSTEMPATH\CodeIgniter.php(482): CodeIgniter\CodeIgniter->runController(Object(App\Controllers\Admin\Categories))
 3 SYSTEMPATH\CodeIgniter.php(351): CodeIgniter\CodeIgniter->handleRequest(null, Object(Config\Cache), false)
 4 FCPATH\index.php(67): CodeIgniter\CodeIgniter->run()
 5 SYSTEMPATH\Commands\Server\rewrite.php(46): require_once('FCPATH\\index.php')
CRITICAL - 2022-12-22 02:26:53 --> There is no data to insert.
in SYSTEMPATH\BaseModel.php on line 1598.
 1 SYSTEMPATH\BaseModel.php(1598): CodeIgniter\Database\Exceptions\DataException::forEmptyDataset('insert')
 2 SYSTEMPATH\BaseModel.php(709): CodeIgniter\BaseModel->transformDataToArray([], 'insert')
 3 SYSTEMPATH\Model.php(667): CodeIgniter\BaseModel->insert([], true)
 4 APPPATH\Controllers\Admin\Categories.php(15): CodeIgniter\Model->insert([])
 5 SYSTEMPATH\CodeIgniter.php(927): App\Controllers\Admin\Categories->index()
 6 SYSTEMPATH\CodeIgniter.php(482): CodeIgniter\CodeIgniter->runController(Object(App\Controllers\Admin\Categories))
 7 SYSTEMPATH\CodeIgniter.php(351): CodeIgniter\CodeIgniter->handleRequest(null, Object(Config\Cache), false)
 8 FCPATH\index.php(67): CodeIgniter\CodeIgniter->run()
 9 SYSTEMPATH\Commands\Server\rewrite.php(46): require_once('FCPATH\\index.php')
CRITICAL - 2022-12-22 02:27:23 --> Call to undefined method App\Models\Admin\Categories::insertNew
in SYSTEMPATH\Model.php on line 774.
 1 APPPATH\Controllers\Admin\Categories.php(15): CodeIgniter\Model->__call('insertNew', [...])
 2 SYSTEMPATH\CodeIgniter.php(927): App\Controllers\Admin\Categories->index()
 3 SYSTEMPATH\CodeIgniter.php(482): CodeIgniter\CodeIgniter->runController(Object(App\Controllers\Admin\Categories))
 4 SYSTEMPATH\CodeIgniter.php(351): CodeIgniter\CodeIgniter->handleRequest(null, Object(Config\Cache), false)
 5 FCPATH\index.php(67): CodeIgniter\CodeIgniter->run()
 6 SYSTEMPATH\Commands\Server\rewrite.php(46): require_once('FCPATH\\index.php')
CRITICAL - 2022-12-22 02:28:14 --> Undefined index: slug
in APPPATH\Models\Admin\Categories.php on line 25.
 1 APPPATH\Models\Admin\Categories.php(25): CodeIgniter\Debug\Exceptions->errorHandler(8, 'Undefined index: slug', 'APPPATH\\Models\\Admin\\Categories.php', 25, [...])
 2 APPPATH\Controllers\Admin\Categories.php(15): App\Models\Admin\Categories->insertPost([])
 3 SYSTEMPATH\CodeIgniter.php(927): App\Controllers\Admin\Categories->index()
 4 SYSTEMPATH\CodeIgniter.php(482): CodeIgniter\CodeIgniter->runController(Object(App\Controllers\Admin\Categories))
 5 SYSTEMPATH\CodeIgniter.php(351): CodeIgniter\CodeIgniter->handleRequest(null, Object(Config\Cache), false)
 6 FCPATH\index.php(67): CodeIgniter\CodeIgniter->run()
 7 SYSTEMPATH\Commands\Server\rewrite.php(46): require_once('FCPATH\\index.php')
CRITICAL - 2022-12-22 02:28:32 --> Undefined index: slug
in APPPATH\Models\Admin\Categories.php on line 25.
 1 APPPATH\Models\Admin\Categories.php(25): CodeIgniter\Debug\Exceptions->errorHandler(8, 'Undefined index: slug', 'APPPATH\\Models\\Admin\\Categories.php', 25, [...])
 2 APPPATH\Controllers\Admin\Categories.php(15): App\Models\Admin\Categories->insertPost([])
 3 SYSTEMPATH\CodeIgniter.php(927): App\Controllers\Admin\Categories->index()
 4 SYSTEMPATH\CodeIgniter.php(482): CodeIgniter\CodeIgniter->runController(Object(App\Controllers\Admin\Categories))
 5 SYSTEMPATH\CodeIgniter.php(351): CodeIgniter\CodeIgniter->handleRequest(null, Object(Config\Cache), false)
 6 FCPATH\index.php(67): CodeIgniter\CodeIgniter->run()
 7 SYSTEMPATH\Commands\Server\rewrite.php(46): require_once('FCPATH\\index.php')
CRITICAL - 2022-12-22 02:28:38 --> Undefined index: slug
in APPPATH\Models\Admin\Categories.php on line 25.
 1 APPPATH\Models\Admin\Categories.php(25): CodeIgniter\Debug\Exceptions->errorHandler(8, 'Undefined index: slug', 'APPPATH\\Models\\Admin\\Categories.php', 25, [...])
 2 APPPATH\Controllers\Admin\Categories.php(15): App\Models\Admin\Categories->insertPost([])
 3 SYSTEMPATH\CodeIgniter.php(927): App\Controllers\Admin\Categories->index()
 4 SYSTEMPATH\CodeIgniter.php(482): CodeIgniter\CodeIgniter->runController(Object(App\Controllers\Admin\Categories))
 5 SYSTEMPATH\CodeIgniter.php(351): CodeIgniter\CodeIgniter->handleRequest(null, Object(Config\Cache), false)
 6 FCPATH\index.php(67): CodeIgniter\CodeIgniter->run()
 7 SYSTEMPATH\Commands\Server\rewrite.php(46): require_once('FCPATH\\index.php')
CRITICAL - 2022-12-22 02:29:19 --> Undefined index: slug
in APPPATH\Models\Admin\Categories.php on line 25.
 1 APPPATH\Models\Admin\Categories.php(25): CodeIgniter\Debug\Exceptions->errorHandler(8, 'Undefined index: slug', 'APPPATH\\Models\\Admin\\Categories.php', 25, [...])
 2 APPPATH\Controllers\Admin\Categories.php(15): App\Models\Admin\Categories->insertPost([])
 3 SYSTEMPATH\CodeIgniter.php(927): App\Controllers\Admin\Categories->index()
 4 SYSTEMPATH\CodeIgniter.php(482): CodeIgniter\CodeIgniter->runController(Object(App\Controllers\Admin\Categories))
 5 SYSTEMPATH\CodeIgniter.php(351): CodeIgniter\CodeIgniter->handleRequest(null, Object(Config\Cache), false)
 6 FCPATH\index.php(67): CodeIgniter\CodeIgniter->run()
 7 SYSTEMPATH\Commands\Server\rewrite.php(46): require_once('FCPATH\\index.php')
CRITICAL - 2022-12-22 02:29:21 --> Undefined index: slug
in APPPATH\Models\Admin\Categories.php on line 25.
 1 APPPATH\Models\Admin\Categories.php(25): CodeIgniter\Debug\Exceptions->errorHandler(8, 'Undefined index: slug', 'APPPATH\\Models\\Admin\\Categories.php', 25, [...])
 2 APPPATH\Controllers\Admin\Categories.php(15): App\Models\Admin\Categories->insertPost([])
 3 SYSTEMPATH\CodeIgniter.php(927): App\Controllers\Admin\Categories->index()
 4 SYSTEMPATH\CodeIgniter.php(482): CodeIgniter\CodeIgniter->runController(Object(App\Controllers\Admin\Categories))
 5 SYSTEMPATH\CodeIgniter.php(351): CodeIgniter\CodeIgniter->handleRequest(null, Object(Config\Cache), false)
 6 FCPATH\index.php(67): CodeIgniter\CodeIgniter->run()
 7 SYSTEMPATH\Commands\Server\rewrite.php(46): require_once('FCPATH\\index.php')
ERROR - 2022-12-22 05:38:17 --> Error connecting to the database: mysqli_sql_exception: No connection could be made because the target machine actively refused it.
 in E:\htdocs\smkifsu.sch.id\system\Database\MySQLi\Connection.php:171
Stack trace:
#0 E:\htdocs\smkifsu.sch.id\system\Database\MySQLi\Connection.php(171): mysqli->real_connect('localhost', 'root', '', 'digiifsu', 3306, '', 0)
#1 E:\htdocs\smkifsu.sch.id\system\Database\BaseConnection.php(382): CodeIgniter\Database\MySQLi\Connection->connect(false)
#2 E:\htdocs\smkifsu.sch.id\system\Database\BaseConnection.php(561): CodeIgniter\Database\BaseConnection->initialize()
#3 E:\htdocs\smkifsu.sch.id\system\Database\BaseBuilder.php(1585): CodeIgniter\Database\BaseConnection->query('SELECT *\nFROM `...', Array, false)
#4 E:\htdocs\smkifsu.sch.id\system\Model.php(772): CodeIgniter\Database\BaseBuilder->get()
#5 E:\htdocs\smkifsu.sch.id\app\Controllers\Admin\Categories.php(29): CodeIgniter\Model->__call('get', Array)
#6 E:\htdocs\smkifsu.sch.id\system\CodeIgniter.php(927): App\Controllers\Admin\Categories->index()
#7 E:\htdocs\smkifsu.sch.id\system\CodeIgniter.php(482): CodeIgniter\CodeIgniter->runController(Object(App\Controllers\Admin\Categories))
#8 E:\htdocs\smkifsu.sch.id\system\CodeIgniter.php(351): CodeIgniter\CodeIgniter->handleRequest(NULL, Object(Config\Cache), false)
#9 E:\htdocs\smkifsu.sch.id\public\index.php(67): CodeIgniter\CodeIgniter->run()
#10 E:\htdocs\smkifsu.sch.id\system\Commands\Server\rewrite.php(46): require_once('E:\\htdocs\\smkif...')
#11 {main}

Next CodeIgniter\Database\Exceptions\DatabaseException: No connection could be made because the target machine actively refused it.
 in E:\htdocs\smkifsu.sch.id\system\Database\MySQLi\Connection.php:215
Stack trace:
#0 E:\htdocs\smkifsu.sch.id\system\Database\BaseConnection.php(382): CodeIgniter\Database\MySQLi\Connection->connect(false)
#1 E:\htdocs\smkifsu.sch.id\system\Database\BaseConnection.php(561): CodeIgniter\Database\BaseConnection->initialize()
#2 E:\htdocs\smkifsu.sch.id\system\Database\BaseBuilder.php(1585): CodeIgniter\Database\BaseConnection->query('SELECT *\nFROM `...', Array, false)
#3 E:\htdocs\smkifsu.sch.id\system\Model.php(772): CodeIgniter\Database\BaseBuilder->get()
#4 E:\htdocs\smkifsu.sch.id\app\Controllers\Admin\Categories.php(29): CodeIgniter\Model->__call('get', Array)
#5 E:\htdocs\smkifsu.sch.id\system\CodeIgniter.php(927): App\Controllers\Admin\Categories->index()
#6 E:\htdocs\smkifsu.sch.id\system\CodeIgniter.php(482): CodeIgniter\CodeIgniter->runController(Object(App\Controllers\Admin\Categories))
#7 E:\htdocs\smkifsu.sch.id\system\CodeIgniter.php(351): CodeIgniter\CodeIgniter->handleRequest(NULL, Object(Config\Cache), false)
#8 E:\htdocs\smkifsu.sch.id\public\index.php(67): CodeIgniter\CodeIgniter->run()
#9 E:\htdocs\smkifsu.sch.id\system\Commands\Server\rewrite.php(46): require_once('E:\\htdocs\\smkif...')
#10 {main}
CRITICAL - 2022-12-22 05:38:17 --> Unable to connect to the database.
Main connection [MySQLi]: No connection could be made because the target machine actively refused it.

in SYSTEMPATH\Database\BaseConnection.php on line 418.
 1 SYSTEMPATH\Database\BaseConnection.php(561): CodeIgniter\Database\BaseConnection->initialize()
 2 SYSTEMPATH\Database\BaseBuilder.php(1585): CodeIgniter\Database\BaseConnection->query('SELECT *
FROM `tb_post_categories`', [], false)
 3 SYSTEMPATH\Model.php(772): CodeIgniter\Database\BaseBuilder->get()
 4 APPPATH\Controllers\Admin\Categories.php(29): CodeIgniter\Model->__call('get', [])
 5 SYSTEMPATH\CodeIgniter.php(927): App\Controllers\Admin\Categories->index()
 6 SYSTEMPATH\CodeIgniter.php(482): CodeIgniter\CodeIgniter->runController(Object(App\Controllers\Admin\Categories))
 7 SYSTEMPATH\CodeIgniter.php(351): CodeIgniter\CodeIgniter->handleRequest(null, Object(Config\Cache), false)
 8 FCPATH\index.php(67): CodeIgniter\CodeIgniter->run()
 9 SYSTEMPATH\Commands\Server\rewrite.php(46): require_once('FCPATH\\index.php')
ERROR - 2022-12-22 05:39:24 --> Error connecting to the database: mysqli_sql_exception: No connection could be made because the target machine actively refused it.
 in E:\htdocs\smkifsu.sch.id\system\Database\MySQLi\Connection.php:171
Stack trace:
#0 E:\htdocs\smkifsu.sch.id\system\Database\MySQLi\Connection.php(171): mysqli->real_connect('localhost', 'root', '', 'digiifsu', 3306, '', 0)
#1 E:\htdocs\smkifsu.sch.id\system\Database\BaseConnection.php(382): CodeIgniter\Database\MySQLi\Connection->connect(false)
#2 E:\htdocs\smkifsu.sch.id\system\Database\BaseConnection.php(561): CodeIgniter\Database\BaseConnection->initialize()
#3 E:\htdocs\smkifsu.sch.id\system\Database\BaseBuilder.php(1585): CodeIgniter\Database\BaseConnection->query('SELECT *\nFROM `...', Array, false)
#4 E:\htdocs\smkifsu.sch.id\system\Model.php(772): CodeIgniter\Database\BaseBuilder->get()
#5 E:\htdocs\smkifsu.sch.id\app\Controllers\Admin\Categories.php(29): CodeIgniter\Model->__call('get', Array)
#6 E:\htdocs\smkifsu.sch.id\system\CodeIgniter.php(927): App\Controllers\Admin\Categories->index()
#7 E:\htdocs\smkifsu.sch.id\system\CodeIgniter.php(482): CodeIgniter\CodeIgniter->runController(Object(App\Controllers\Admin\Categories))
#8 E:\htdocs\smkifsu.sch.id\system\CodeIgniter.php(351): CodeIgniter\CodeIgniter->handleRequest(NULL, Object(Config\Cache), false)
#9 E:\htdocs\smkifsu.sch.id\public\index.php(67): CodeIgniter\CodeIgniter->run()
#10 E:\htdocs\smkifsu.sch.id\system\Commands\Server\rewrite.php(46): require_once('E:\\htdocs\\smkif...')
#11 {main}

Next CodeIgniter\Database\Exceptions\DatabaseException: No connection could be made because the target machine actively refused it.
 in E:\htdocs\smkifsu.sch.id\system\Database\MySQLi\Connection.php:215
Stack trace:
#0 E:\htdocs\smkifsu.sch.id\system\Database\BaseConnection.php(382): CodeIgniter\Database\MySQLi\Connection->connect(false)
#1 E:\htdocs\smkifsu.sch.id\system\Database\BaseConnection.php(561): CodeIgniter\Database\BaseConnection->initialize()
#2 E:\htdocs\smkifsu.sch.id\system\Database\BaseBuilder.php(1585): CodeIgniter\Database\BaseConnection->query('SELECT *\nFROM `...', Array, false)
#3 E:\htdocs\smkifsu.sch.id\system\Model.php(772): CodeIgniter\Database\BaseBuilder->get()
#4 E:\htdocs\smkifsu.sch.id\app\Controllers\Admin\Categories.php(29): CodeIgniter\Model->__call('get', Array)
#5 E:\htdocs\smkifsu.sch.id\system\CodeIgniter.php(927): App\Controllers\Admin\Categories->index()
#6 E:\htdocs\smkifsu.sch.id\system\CodeIgniter.php(482): CodeIgniter\CodeIgniter->runController(Object(App\Controllers\Admin\Categories))
#7 E:\htdocs\smkifsu.sch.id\system\CodeIgniter.php(351): CodeIgniter\CodeIgniter->handleRequest(NULL, Object(Config\Cache), false)
#8 E:\htdocs\smkifsu.sch.id\public\index.php(67): CodeIgniter\CodeIgniter->run()
#9 E:\htdocs\smkifsu.sch.id\system\Commands\Server\rewrite.php(46): require_once('E:\\htdocs\\smkif...')
#10 {main}
CRITICAL - 2022-12-22 05:39:24 --> Unable to connect to the database.
Main connection [MySQLi]: No connection could be made because the target machine actively refused it.

in SYSTEMPATH\Database\BaseConnection.php on line 418.
 1 SYSTEMPATH\Database\BaseConnection.php(561): CodeIgniter\Database\BaseConnection->initialize()
 2 SYSTEMPATH\Database\BaseBuilder.php(1585): CodeIgniter\Database\BaseConnection->query('SELECT *
FROM `tb_post_categories`', [], false)
 3 SYSTEMPATH\Model.php(772): CodeIgniter\Database\BaseBuilder->get()
 4 APPPATH\Controllers\Admin\Categories.php(29): CodeIgniter\Model->__call('get', [])
 5 SYSTEMPATH\CodeIgniter.php(927): App\Controllers\Admin\Categories->index()
 6 SYSTEMPATH\CodeIgniter.php(482): CodeIgniter\CodeIgniter->runController(Object(App\Controllers\Admin\Categories))
 7 SYSTEMPATH\CodeIgniter.php(351): CodeIgniter\CodeIgniter->handleRequest(null, Object(Config\Cache), false)
 8 FCPATH\index.php(67): CodeIgniter\CodeIgniter->run()
 9 SYSTEMPATH\Commands\Server\rewrite.php(46): require_once('FCPATH\\index.php')
CRITICAL - 2022-12-22 21:25:57 --> Call to undefined method App\Models\Admin\Posts::getResult
in SYSTEMPATH\Model.php on line 774.
 1 APPPATH\Controllers\Admin\Post.php(105): CodeIgniter\Model->__call('getResult', [])
 2 SYSTEMPATH\CodeIgniter.php(927): App\Controllers\Admin\Post->update('15')
 3 SYSTEMPATH\CodeIgniter.php(482): CodeIgniter\CodeIgniter->runController(Object(App\Controllers\Admin\Post))
 4 SYSTEMPATH\CodeIgniter.php(351): CodeIgniter\CodeIgniter->handleRequest(null, Object(Config\Cache), false)
 5 FCPATH\index.php(67): CodeIgniter\CodeIgniter->run()
CRITICAL - 2022-12-22 21:26:16 --> Call to undefined method App\Models\Admin\Posts::getResultArray
in SYSTEMPATH\Model.php on line 774.
 1 APPPATH\Controllers\Admin\Post.php(105): CodeIgniter\Model->__call('getResultArray', [])
 2 SYSTEMPATH\CodeIgniter.php(927): App\Controllers\Admin\Post->update('15')
 3 SYSTEMPATH\CodeIgniter.php(482): CodeIgniter\CodeIgniter->runController(Object(App\Controllers\Admin\Post))
 4 SYSTEMPATH\CodeIgniter.php(351): CodeIgniter\CodeIgniter->handleRequest(null, Object(Config\Cache), false)
 5 FCPATH\index.php(67): CodeIgniter\CodeIgniter->run()
CRITICAL - 2022-12-22 21:26:17 --> Call to undefined method App\Models\Admin\Posts::getResultArray
in SYSTEMPATH\Model.php on line 774.
 1 APPPATH\Controllers\Admin\Post.php(105): CodeIgniter\Model->__call('getResultArray', [])
 2 SYSTEMPATH\CodeIgniter.php(927): App\Controllers\Admin\Post->update('15')
 3 SYSTEMPATH\CodeIgniter.php(482): CodeIgniter\CodeIgniter->runController(Object(App\Controllers\Admin\Post))
 4 SYSTEMPATH\CodeIgniter.php(351): CodeIgniter\CodeIgniter->handleRequest(null, Object(Config\Cache), false)
 5 FCPATH\index.php(67): CodeIgniter\CodeIgniter->run()
CRITICAL - 2022-12-22 21:26:41 --> Call to undefined method CodeIgniter\Database\MySQLi\Result::getResults()
in APPPATH\Controllers\Admin\Post.php on line 105.
 1 SYSTEMPATH\CodeIgniter.php(927): App\Controllers\Admin\Post->update('15')
 2 SYSTEMPATH\CodeIgniter.php(482): CodeIgniter\CodeIgniter->runController(Object(App\Controllers\Admin\Post))
 3 SYSTEMPATH\CodeIgniter.php(351): CodeIgniter\CodeIgniter->handleRequest(null, Object(Config\Cache), false)
 4 FCPATH\index.php(67): CodeIgniter\CodeIgniter->run()
CRITICAL - 2022-12-22 21:26:52 --> syntax error, unexpected ')'
in APPPATH\Controllers\Admin\Post.php on line 105.
 1 SYSTEMPATH\Autoloader\Autoloader.php(259): CodeIgniter\Autoloader\Autoloader->includeFile('APPPATH\\Controllers\\Admin\\Post.php')
 2 SYSTEMPATH\Autoloader\Autoloader.php(237): CodeIgniter\Autoloader\Autoloader->loadInNamespace('App\\Controllers\\Admin\\Post')
 3 [internal function]: CodeIgniter\Autoloader\Autoloader->loadClass('App\\Controllers\\Admin\\Post')
 4 [internal function]: spl_autoload_call('App\\Controllers\\Admin\\Post')
 5 SYSTEMPATH\CodeIgniter.php(877): class_exists('\\App\\Controllers\\Admin\\Post', true)
 6 SYSTEMPATH\CodeIgniter.php(469): CodeIgniter\CodeIgniter->startController()
 7 SYSTEMPATH\CodeIgniter.php(351): CodeIgniter\CodeIgniter->handleRequest(null, Object(Config\Cache), false)
 8 FCPATH\index.php(67): CodeIgniter\CodeIgniter->run()
CRITICAL - 2022-12-22 21:26:58 --> Call to undefined method CodeIgniter\Database\MySQLi\Result::find()
in APPPATH\Controllers\Admin\Post.php on line 105.
 1 SYSTEMPATH\CodeIgniter.php(927): App\Controllers\Admin\Post->update('15')
 2 SYSTEMPATH\CodeIgniter.php(482): CodeIgniter\CodeIgniter->runController(Object(App\Controllers\Admin\Post))
 3 SYSTEMPATH\CodeIgniter.php(351): CodeIgniter\CodeIgniter->handleRequest(null, Object(Config\Cache), false)
 4 FCPATH\index.php(67): CodeIgniter\CodeIgniter->run()
CRITICAL - 2022-12-22 21:27:19 --> Call to undefined method App\Models\Admin\Posts::findOne
in SYSTEMPATH\Model.php on line 774.
 1 APPPATH\Controllers\Admin\Post.php(105): CodeIgniter\Model->__call('findOne', [])
 2 SYSTEMPATH\CodeIgniter.php(927): App\Controllers\Admin\Post->update('15')
 3 SYSTEMPATH\CodeIgniter.php(482): CodeIgniter\CodeIgniter->runController(Object(App\Controllers\Admin\Post))
 4 SYSTEMPATH\CodeIgniter.php(351): CodeIgniter\CodeIgniter->handleRequest(null, Object(Config\Cache), false)
 5 FCPATH\index.php(67): CodeIgniter\CodeIgniter->run()
CRITICAL - 2022-12-22 21:34:02 --> Call to undefined method CodeIgniter\Database\MySQLi\Builder::find()
in APPPATH\Controllers\Admin\Post.php on line 105.
 1 SYSTEMPATH\CodeIgniter.php(927): App\Controllers\Admin\Post->update('15')
 2 SYSTEMPATH\CodeIgniter.php(482): CodeIgniter\CodeIgniter->runController(Object(App\Controllers\Admin\Post))
 3 SYSTEMPATH\CodeIgniter.php(351): CodeIgniter\CodeIgniter->handleRequest(null, Object(Config\Cache), false)
 4 FCPATH\index.php(67): CodeIgniter\CodeIgniter->run()
CRITICAL - 2022-12-22 21:34:21 --> Call to undefined method CodeIgniter\Database\MySQLi\Builder::find()
in APPPATH\Controllers\Admin\Post.php on line 105.
 1 SYSTEMPATH\CodeIgniter.php(927): App\Controllers\Admin\Post->update('15')
 2 SYSTEMPATH\CodeIgniter.php(482): CodeIgniter\CodeIgniter->runController(Object(App\Controllers\Admin\Post))
 3 SYSTEMPATH\CodeIgniter.php(351): CodeIgniter\CodeIgniter->handleRequest(null, Object(Config\Cache), false)
 4 FCPATH\index.php(67): CodeIgniter\CodeIgniter->run()
CRITICAL - 2022-12-22 21:34:31 --> Call to undefined method CodeIgniter\Database\MySQLi\Result::find()
in APPPATH\Controllers\Admin\Post.php on line 105.
 1 SYSTEMPATH\CodeIgniter.php(927): App\Controllers\Admin\Post->update('15')
 2 SYSTEMPATH\CodeIgniter.php(482): CodeIgniter\CodeIgniter->runController(Object(App\Controllers\Admin\Post))
 3 SYSTEMPATH\CodeIgniter.php(351): CodeIgniter\CodeIgniter->handleRequest(null, Object(Config\Cache), false)
 4 FCPATH\index.php(67): CodeIgniter\CodeIgniter->run()
CRITICAL - 2022-12-22 21:36:05 --> Call to undefined method CodeIgniter\Database\MySQLi\Result::first()
in APPPATH\Controllers\Admin\Post.php on line 104.
 1 SYSTEMPATH\CodeIgniter.php(927): App\Controllers\Admin\Post->update('15')
 2 SYSTEMPATH\CodeIgniter.php(482): CodeIgniter\CodeIgniter->runController(Object(App\Controllers\Admin\Post))
 3 SYSTEMPATH\CodeIgniter.php(351): CodeIgniter\CodeIgniter->handleRequest(null, Object(Config\Cache), false)
 4 FCPATH\index.php(67): CodeIgniter\CodeIgniter->run()
CRITICAL - 2022-12-22 21:36:17 --> Call to undefined method CodeIgniter\Database\MySQLi\Builder::first()
in APPPATH\Controllers\Admin\Post.php on line 104.
 1 SYSTEMPATH\CodeIgniter.php(927): App\Controllers\Admin\Post->update('15')
 2 SYSTEMPATH\CodeIgniter.php(482): CodeIgniter\CodeIgniter->runController(Object(App\Controllers\Admin\Post))
 3 SYSTEMPATH\CodeIgniter.php(351): CodeIgniter\CodeIgniter->handleRequest(null, Object(Config\Cache), false)
 4 FCPATH\index.php(67): CodeIgniter\CodeIgniter->run()
CRITICAL - 2022-12-22 21:36:32 --> Call to undefined method CodeIgniter\Database\MySQLi\Builder::first()
in APPPATH\Controllers\Admin\Post.php on line 104.
 1 SYSTEMPATH\CodeIgniter.php(927): App\Controllers\Admin\Post->update('15')
 2 SYSTEMPATH\CodeIgniter.php(482): CodeIgniter\CodeIgniter->runController(Object(App\Controllers\Admin\Post))
 3 SYSTEMPATH\CodeIgniter.php(351): CodeIgniter\CodeIgniter->handleRequest(null, Object(Config\Cache), false)
 4 FCPATH\index.php(67): CodeIgniter\CodeIgniter->run()
CRITICAL - 2022-12-22 21:37:58 --> Call to undefined method CodeIgniter\Database\MySQLi\Result::first()
in APPPATH\Controllers\Admin\Post.php on line 104.
 1 SYSTEMPATH\CodeIgniter.php(927): App\Controllers\Admin\Post->update('15')
 2 SYSTEMPATH\CodeIgniter.php(482): CodeIgniter\CodeIgniter->runController(Object(App\Controllers\Admin\Post))
 3 SYSTEMPATH\CodeIgniter.php(351): CodeIgniter\CodeIgniter->handleRequest(null, Object(Config\Cache), false)
 4 FCPATH\index.php(67): CodeIgniter\CodeIgniter->run()
CRITICAL - 2022-12-22 21:38:26 --> Call to undefined method CodeIgniter\Database\MySQLi\Builder::getResult()
in APPPATH\Controllers\Admin\Post.php on line 104.
 1 SYSTEMPATH\CodeIgniter.php(927): App\Controllers\Admin\Post->update('15')
 2 SYSTEMPATH\CodeIgniter.php(482): CodeIgniter\CodeIgniter->runController(Object(App\Controllers\Admin\Post))
 3 SYSTEMPATH\CodeIgniter.php(351): CodeIgniter\CodeIgniter->handleRequest(null, Object(Config\Cache), false)
 4 FCPATH\index.php(67): CodeIgniter\CodeIgniter->run()
ERROR - 2022-12-22 21:38:34 --> mysqli_sql_exception: Unknown column 'tb_posts.id' in 'where clause' in E:\htdocs\smkifsu.sch.id\system\Database\MySQLi\Connection.php:292
Stack trace:
#0 E:\htdocs\smkifsu.sch.id\system\Database\MySQLi\Connection.php(292): mysqli->query('SELECT `tb_post...', 0)
#1 E:\htdocs\smkifsu.sch.id\system\Database\BaseConnection.php(666): CodeIgniter\Database\MySQLi\Connection->execute('SELECT `tb_post...')
#2 E:\htdocs\smkifsu.sch.id\system\Database\BaseConnection.php(593): CodeIgniter\Database\BaseConnection->simpleQuery('SELECT `tb_post...')
#3 E:\htdocs\smkifsu.sch.id\system\Database\BaseBuilder.php(1718): CodeIgniter\Database\BaseConnection->query('SELECT `tb_post...', Array, false)
#4 E:\htdocs\smkifsu.sch.id\app\Controllers\Admin\Post.php(104): CodeIgniter\Database\BaseBuilder->getWhere('tb_posts.id', 15)
#5 E:\htdocs\smkifsu.sch.id\system\CodeIgniter.php(927): App\Controllers\Admin\Post->update('15')
#6 E:\htdocs\smkifsu.sch.id\system\CodeIgniter.php(482): CodeIgniter\CodeIgniter->runController(Object(App\Controllers\Admin\Post))
#7 E:\htdocs\smkifsu.sch.id\system\CodeIgniter.php(351): CodeIgniter\CodeIgniter->handleRequest(NULL, Object(Config\Cache), false)
#8 E:\htdocs\smkifsu.sch.id\public\index.php(67): CodeIgniter\CodeIgniter->run()
#9 {main}
CRITICAL - 2022-12-22 21:38:34 --> Unknown column 'tb_posts.id' in 'where clause'
in SYSTEMPATH\Database\MySQLi\Connection.php on line 292.
 1 SYSTEMPATH\Database\MySQLi\Connection.php(292): mysqli->query('SELECT `tb_post`.*, `tb_post_categories`.`nama` as `nama_category`, `tb_users`.`nama_lengkap`
FROM `tb_post`
LEFT JOIN `tb_post_categories` ON `tb_post_categories`.`id`=`tb_post`.`id_category`
LEFT JOIN `tb_users` ON `tb_users`.`id`=`tb_post`.`author`
WHERE `tb_posts`.`id` IS NULL
 LIMIT 15', 0)
 2 SYSTEMPATH\Database\BaseConnection.php(666): CodeIgniter\Database\MySQLi\Connection->execute('SELECT `tb_post`.*, `tb_post_categories`.`nama` as `nama_category`, `tb_users`.`nama_lengkap`
FROM `tb_post`
LEFT JOIN `tb_post_categories` ON `tb_post_categories`.`id`=`tb_post`.`id_category`
LEFT JOIN `tb_users` ON `tb_users`.`id`=`tb_post`.`author`
WHERE `tb_posts`.`id` IS NULL
 LIMIT 15')
 3 SYSTEMPATH\Database\BaseConnection.php(593): CodeIgniter\Database\BaseConnection->simpleQuery('SELECT `tb_post`.*, `tb_post_categories`.`nama` as `nama_category`, `tb_users`.`nama_lengkap`
FROM `tb_post`
LEFT JOIN `tb_post_categories` ON `tb_post_categories`.`id`=`tb_post`.`id_category`
LEFT JOIN `tb_users` ON `tb_users`.`id`=`tb_post`.`author`
WHERE `tb_posts`.`id` IS NULL
 LIMIT 15')
 4 SYSTEMPATH\Database\BaseBuilder.php(1718): CodeIgniter\Database\BaseConnection->query('SELECT `tb_post`.*, `tb_post_categories`.`nama` as `nama_category`, `tb_users`.`nama_lengkap`
FROM `tb_post`
LEFT JOIN `tb_post_categories` ON `tb_post_categories`.`id`=`tb_post`.`id_category`
LEFT JOIN `tb_users` ON `tb_users`.`id`=`tb_post`.`author`
WHERE `tb_posts`.`id` IS NULL
 LIMIT 15', [], false)
 5 APPPATH\Controllers\Admin\Post.php(104): CodeIgniter\Database\BaseBuilder->getWhere('tb_posts.id', 15)
 6 SYSTEMPATH\CodeIgniter.php(927): App\Controllers\Admin\Post->update('15')
 7 SYSTEMPATH\CodeIgniter.php(482): CodeIgniter\CodeIgniter->runController(Object(App\Controllers\Admin\Post))
 8 SYSTEMPATH\CodeIgniter.php(351): CodeIgniter\CodeIgniter->handleRequest(null, Object(Config\Cache), false)
 9 FCPATH\index.php(67): CodeIgniter\CodeIgniter->run()
CRITICAL - 2022-12-22 21:41:45 --> Call to a member function getCompiledSelect() on array
in APPPATH\Controllers\Admin\Post.php on line 105.
 1 SYSTEMPATH\CodeIgniter.php(927): App\Controllers\Admin\Post->update('15')
 2 SYSTEMPATH\CodeIgniter.php(482): CodeIgniter\CodeIgniter->runController(Object(App\Controllers\Admin\Post))
 3 SYSTEMPATH\CodeIgniter.php(351): CodeIgniter\CodeIgniter->handleRequest(null, Object(Config\Cache), false)
 4 FCPATH\index.php(67): CodeIgniter\CodeIgniter->run()
CRITICAL - 2022-12-22 21:44:22 --> Cannot use object of type stdClass as array
in APPPATH\Controllers\Admin\Post.php on line 105.
 1 SYSTEMPATH\CodeIgniter.php(927): App\Controllers\Admin\Post->update('15')
 2 SYSTEMPATH\CodeIgniter.php(482): CodeIgniter\CodeIgniter->runController(Object(App\Controllers\Admin\Post))
 3 SYSTEMPATH\CodeIgniter.php(351): CodeIgniter\CodeIgniter->handleRequest(null, Object(Config\Cache), false)
 4 FCPATH\index.php(67): CodeIgniter\CodeIgniter->run()
CRITICAL - 2022-12-22 22:04:49 --> Undefined property: stdClass::$publish_at
in APPPATH\Views\admin\post\edit_post.php on line 128.
 1 APPPATH\Views\admin\post\edit_post.php(128): CodeIgniter\Debug\Exceptions->errorHandler(8, 'Undefined property: stdClass::$publish_at', 'APPPATH\\Views\\admin\\post\\edit_post.php', 128, [...])
 2 SYSTEMPATH\View\View.php(213): include('APPPATH\\Views\\admin\\post\\edit_post.php')
 3 SYSTEMPATH\View\View.php(216): CodeIgniter\View\View->CodeIgniter\View\{closure}()
 4 SYSTEMPATH\Common.php(1135): CodeIgniter\View\View->render('admin/post/edit_post', [], true)
 5 APPPATH\Controllers\Admin\Post.php(107): view('admin/post/edit_post', [...])
 6 SYSTEMPATH\CodeIgniter.php(927): App\Controllers\Admin\Post->update('16')
 7 SYSTEMPATH\CodeIgniter.php(482): CodeIgniter\CodeIgniter->runController(Object(App\Controllers\Admin\Post))
 8 SYSTEMPATH\CodeIgniter.php(351): CodeIgniter\CodeIgniter->handleRequest(null, Object(Config\Cache), false)
 9 FCPATH\index.php(67): CodeIgniter\CodeIgniter->run()
CRITICAL - 2022-12-22 23:23:41 --> Call to undefined function App\Controllers\Admin\htmlspecaddialchars()
in APPPATH\Controllers\Admin\Post.php on line 78.
 1 SYSTEMPATH\CodeIgniter.php(927): App\Controllers\Admin\Post->addNew()
 2 SYSTEMPATH\CodeIgniter.php(482): CodeIgniter\CodeIgniter->runController(Object(App\Controllers\Admin\Post))
 3 SYSTEMPATH\CodeIgniter.php(351): CodeIgniter\CodeIgniter->handleRequest(null, Object(Config\Cache), false)
 4 FCPATH\index.php(67): CodeIgniter\CodeIgniter->run()
