ERROR - 2022-12-21 00:25:01 --> mysqli_sql_exception: Unknown table 'digiifsu.tb_pagescategories' in C:\Users\User\Desktop\dev\smkifsu.sch.id\system\Database\MySQLi\Connection.php:292
Stack trace:
#0 C:\Users\User\Desktop\dev\smkifsu.sch.id\system\Database\MySQLi\Connection.php(292): mysqli->query('DROP TABLE `tb_...', 0)
#1 C:\Users\User\Desktop\dev\smkifsu.sch.id\system\Database\BaseConnection.php(666): CodeIgniter\Database\MySQLi\Connection->execute('DROP TABLE `tb_...')
#2 C:\Users\User\Desktop\dev\smkifsu.sch.id\system\Database\BaseConnection.php(593): CodeIgniter\Database\BaseConnection->simpleQuery('DROP TABLE `tb_...')
#3 C:\Users\User\Desktop\dev\smkifsu.sch.id\system\Database\Forge.php(600): CodeIgniter\Database\BaseConnection->query('DROP TABLE `tb_...')
#4 C:\Users\User\Desktop\dev\smkifsu.sch.id\app\Database\Migrations\2022-12-16-041345_TbPagesCategories.php(35): CodeIgniter\Database\Forge->dropTable('tb_PagesCategor...')
#5 C:\Users\User\Desktop\dev\smkifsu.sch.id\system\Database\MigrationRunner.php(868): App\Database\Migrations\TbPagesCategories->down()
#6 C:\Users\User\Desktop\dev\smkifsu.sch.id\system\Database\MigrationRunner.php(298): CodeIgniter\Database\MigrationRunner->migrate('down', Object(stdClass))
#7 C:\Users\User\Desktop\dev\smkifsu.sch.id\system\Commands\Database\MigrateRollback.php(92): CodeIgniter\Database\MigrationRunner->regress(0)
#8 C:\Users\User\Desktop\dev\smkifsu.sch.id\system\CLI\Commands.php(63): CodeIgniter\Commands\Database\MigrateRollback->run(Array)
#9 C:\Users\User\Desktop\dev\smkifsu.sch.id\system\CLI\BaseCommand.php(112): CodeIgniter\CLI\Commands->run('migrate:rollbac...', Array)
#10 C:\Users\User\Desktop\dev\smkifsu.sch.id\system\Commands\Database\MigrateRefresh.php(84): CodeIgniter\CLI\BaseCommand->call('migrate:rollbac...', Array)
#11 C:\Users\User\Desktop\dev\smkifsu.sch.id\system\CLI\Commands.php(63): CodeIgniter\Commands\Database\MigrateRefresh->run(Array)
#12 C:\Users\User\Desktop\dev\smkifsu.sch.id\system\CLI\CommandRunner.php(65): CodeIgniter\CLI\Commands->run('migrate:refresh', Array)
#13 C:\Users\User\Desktop\dev\smkifsu.sch.id\system\CLI\CommandRunner.php(51): CodeIgniter\CLI\CommandRunner->index(Array)
#14 C:\Users\User\Desktop\dev\smkifsu.sch.id\system\CodeIgniter.php(920): CodeIgniter\CLI\CommandRunner->_remap('index', Array)
#15 C:\Users\User\Desktop\dev\smkifsu.sch.id\system\CodeIgniter.php(482): CodeIgniter\CodeIgniter->runController(Object(CodeIgniter\CLI\CommandRunner))
#16 C:\Users\User\Desktop\dev\smkifsu.sch.id\system\CodeIgniter.php(347): CodeIgniter\CodeIgniter->handleRequest(NULL, Object(Config\Cache), false)
#17 C:\Users\User\Desktop\dev\smkifsu.sch.id\system\CLI\Console.php(48): CodeIgniter\CodeIgniter->run()
#18 C:\Users\User\Desktop\dev\smkifsu.sch.id\spark(98): CodeIgniter\CLI\Console->run()
#19 {main}
CRITICAL - 2022-12-21 00:39:18 --> syntax error, unexpected 'if' (T_IF), expecting ':'
in APPPATH\Views\admin\post\all_post.php on line 58.
 1 SYSTEMPATH\View\View.php(216): CodeIgniter\View\View->CodeIgniter\View\{closure}()
 2 SYSTEMPATH\Common.php(1134): CodeIgniter\View\View->render('admin/post/all_post', [], true)
 3 APPPATH\Controllers\Admin\Post.php(18): view('admin/post/all_post', [...])
 4 SYSTEMPATH\CodeIgniter.php(927): App\Controllers\Admin\Post->index()
 5 SYSTEMPATH\CodeIgniter.php(482): CodeIgniter\CodeIgniter->runController(Object(App\Controllers\Admin\Post))
 6 SYSTEMPATH\CodeIgniter.php(351): CodeIgniter\CodeIgniter->handleRequest(null, Object(Config\Cache), false)
 7 FCPATH\index.php(67): CodeIgniter\CodeIgniter->run()
 8 SYSTEMPATH\Commands\Server\rewrite.php(46): require_once('FCPATH\\index.php')
CRITICAL - 2022-12-21 00:41:17 --> Call to undefined method CodeIgniter\Database\MySQLi\Result::getAll()
in APPPATH\Views\admin\post\add_post.php on line 81.
 1 SYSTEMPATH\View\View.php(213): include()
 2 SYSTEMPATH\View\View.php(216): CodeIgniter\View\View->CodeIgniter\View\{closure}()
 3 SYSTEMPATH\Common.php(1134): CodeIgniter\View\View->render('admin/post/add_post', [], true)
 4 APPPATH\Controllers\Admin\Post.php(92): view('admin/post/add_post', [...])
 5 SYSTEMPATH\CodeIgniter.php(927): App\Controllers\Admin\Post->addNew()
 6 SYSTEMPATH\CodeIgniter.php(482): CodeIgniter\CodeIgniter->runController(Object(App\Controllers\Admin\Post))
 7 SYSTEMPATH\CodeIgniter.php(351): CodeIgniter\CodeIgniter->handleRequest(null, Object(Config\Cache), false)
 8 FCPATH\index.php(67): CodeIgniter\CodeIgniter->run()
 9 SYSTEMPATH\Commands\Server\rewrite.php(46): require_once('FCPATH\\index.php')
CRITICAL - 2022-12-21 00:41:51 --> Call to undefined method CodeIgniter\Database\MySQLi\Result::findAll()
in APPPATH\Views\admin\post\add_post.php on line 81.
 1 SYSTEMPATH\View\View.php(213): include()
 2 SYSTEMPATH\View\View.php(216): CodeIgniter\View\View->CodeIgniter\View\{closure}()
 3 SYSTEMPATH\Common.php(1134): CodeIgniter\View\View->render('admin/post/add_post', [], true)
 4 APPPATH\Controllers\Admin\Post.php(92): view('admin/post/add_post', [...])
 5 SYSTEMPATH\CodeIgniter.php(927): App\Controllers\Admin\Post->addNew()
 6 SYSTEMPATH\CodeIgniter.php(482): CodeIgniter\CodeIgniter->runController(Object(App\Controllers\Admin\Post))
 7 SYSTEMPATH\CodeIgniter.php(351): CodeIgniter\CodeIgniter->handleRequest(null, Object(Config\Cache), false)
 8 FCPATH\index.php(67): CodeIgniter\CodeIgniter->run()
 9 SYSTEMPATH\Commands\Server\rewrite.php(46): require_once('FCPATH\\index.php')
CRITICAL - 2022-12-21 00:41:57 --> Call to undefined method CodeIgniter\Database\MySQLi\Result::find()
in APPPATH\Views\admin\post\add_post.php on line 81.
 1 SYSTEMPATH\View\View.php(213): include()
 2 SYSTEMPATH\View\View.php(216): CodeIgniter\View\View->CodeIgniter\View\{closure}()
 3 SYSTEMPATH\Common.php(1134): CodeIgniter\View\View->render('admin/post/add_post', [], true)
 4 APPPATH\Controllers\Admin\Post.php(92): view('admin/post/add_post', [...])
 5 SYSTEMPATH\CodeIgniter.php(927): App\Controllers\Admin\Post->addNew()
 6 SYSTEMPATH\CodeIgniter.php(482): CodeIgniter\CodeIgniter->runController(Object(App\Controllers\Admin\Post))
 7 SYSTEMPATH\CodeIgniter.php(351): CodeIgniter\CodeIgniter->handleRequest(null, Object(Config\Cache), false)
 8 FCPATH\index.php(67): CodeIgniter\CodeIgniter->run()
 9 SYSTEMPATH\Commands\Server\rewrite.php(46): require_once('FCPATH\\index.php')
CRITICAL - 2022-12-21 00:41:58 --> Call to undefined method CodeIgniter\Database\MySQLi\Result::find()
in APPPATH\Views\admin\post\add_post.php on line 81.
 1 SYSTEMPATH\View\View.php(213): include()
 2 SYSTEMPATH\View\View.php(216): CodeIgniter\View\View->CodeIgniter\View\{closure}()
 3 SYSTEMPATH\Common.php(1134): CodeIgniter\View\View->render('admin/post/add_post', [], true)
 4 APPPATH\Controllers\Admin\Post.php(92): view('admin/post/add_post', [...])
 5 SYSTEMPATH\CodeIgniter.php(927): App\Controllers\Admin\Post->addNew()
 6 SYSTEMPATH\CodeIgniter.php(482): CodeIgniter\CodeIgniter->runController(Object(App\Controllers\Admin\Post))
 7 SYSTEMPATH\CodeIgniter.php(351): CodeIgniter\CodeIgniter->handleRequest(null, Object(Config\Cache), false)
 8 FCPATH\index.php(67): CodeIgniter\CodeIgniter->run()
 9 SYSTEMPATH\Commands\Server\rewrite.php(46): require_once('FCPATH\\index.php')
