ERROR - 2022-12-18 20:58:03 --> Error connecting to the database: mysqli_sql_exception: No connection could be made because the target machine actively refused it in C:\Users\LIVA\Desktop\codeigniter4-framework-6ffad15\system\Database\MySQLi\Connection.php:171
Stack trace:
#0 C:\Users\LIVA\Desktop\codeigniter4-framework-6ffad15\system\Database\MySQLi\Connection.php(171): mysqli->real_connect('localhost', 'root', '', 'digiifsu_web', 3306, '', 0)
#1 C:\Users\LIVA\Desktop\codeigniter4-framework-6ffad15\system\Database\BaseConnection.php(382): CodeIgniter\Database\MySQLi\Connection->connect(false)
#2 C:\Users\LIVA\Desktop\codeigniter4-framework-6ffad15\system\Database\BaseConnection.php(561): CodeIgniter\Database\BaseConnection->initialize()
#3 C:\Users\LIVA\Desktop\codeigniter4-framework-6ffad15\system\Database\BaseBuilder.php(1585): CodeIgniter\Database\BaseConnection->query('SELECT `tb_post...', Array, false)
#4 C:\Users\LIVA\Desktop\codeigniter4-framework-6ffad15\app\Controllers\Admin\Post.php(16): CodeIgniter\Database\BaseBuilder->get()
#5 C:\Users\LIVA\Desktop\codeigniter4-framework-6ffad15\system\CodeIgniter.php(927): App\Controllers\Admin\Post->index()
#6 C:\Users\LIVA\Desktop\codeigniter4-framework-6ffad15\system\CodeIgniter.php(482): CodeIgniter\CodeIgniter->runController(Object(App\Controllers\Admin\Post))
#7 C:\Users\LIVA\Desktop\codeigniter4-framework-6ffad15\system\CodeIgniter.php(351): CodeIgniter\CodeIgniter->handleRequest(NULL, Object(Config\Cache), false)
#8 C:\Users\LIVA\Desktop\codeigniter4-framework-6ffad15\public\index.php(67): CodeIgniter\CodeIgniter->run()
#9 C:\Users\LIVA\Desktop\codeigniter4-framework-6ffad15\system\Commands\Server\rewrite.php(46): require_once('C:\\Users\\LIVA\\D...')
#10 {main}

Next CodeIgniter\Database\Exceptions\DatabaseException: No connection could be made because the target machine actively refused it in C:\Users\LIVA\Desktop\codeigniter4-framework-6ffad15\system\Database\MySQLi\Connection.php:215
Stack trace:
#0 C:\Users\LIVA\Desktop\codeigniter4-framework-6ffad15\system\Database\BaseConnection.php(382): CodeIgniter\Database\MySQLi\Connection->connect(false)
#1 C:\Users\LIVA\Desktop\codeigniter4-framework-6ffad15\system\Database\BaseConnection.php(561): CodeIgniter\Database\BaseConnection->initialize()
#2 C:\Users\LIVA\Desktop\codeigniter4-framework-6ffad15\system\Database\BaseBuilder.php(1585): CodeIgniter\Database\BaseConnection->query('SELECT `tb_post...', Array, false)
#3 C:\Users\LIVA\Desktop\codeigniter4-framework-6ffad15\app\Controllers\Admin\Post.php(16): CodeIgniter\Database\BaseBuilder->get()
#4 C:\Users\LIVA\Desktop\codeigniter4-framework-6ffad15\system\CodeIgniter.php(927): App\Controllers\Admin\Post->index()
#5 C:\Users\LIVA\Desktop\codeigniter4-framework-6ffad15\system\CodeIgniter.php(482): CodeIgniter\CodeIgniter->runController(Object(App\Controllers\Admin\Post))
#6 C:\Users\LIVA\Desktop\codeigniter4-framework-6ffad15\system\CodeIgniter.php(351): CodeIgniter\CodeIgniter->handleRequest(NULL, Object(Config\Cache), false)
#7 C:\Users\LIVA\Desktop\codeigniter4-framework-6ffad15\public\index.php(67): CodeIgniter\CodeIgniter->run()
#8 C:\Users\LIVA\Desktop\codeigniter4-framework-6ffad15\system\Commands\Server\rewrite.php(46): require_once('C:\\Users\\LIVA\\D...')
#9 {main}
CRITICAL - 2022-12-18 20:58:03 --> Unable to connect to the database.
Main connection [MySQLi]: No connection could be made because the target machine actively refused it
in SYSTEMPATH\Database\BaseConnection.php on line 418.
 1 SYSTEMPATH\Database\BaseConnection.php(561): CodeIgniter\Database\BaseConnection->initialize()
 2 SYSTEMPATH\Database\BaseBuilder.php(1585): CodeIgniter\Database\BaseConnection->query('SELECT `tb_post`.*, `tb_post_categories`.`nama` as `nama_category`
FROM `tb_post`
LEFT JOIN `tb_post_categories` ON `tb_post_categories`.`id`=`tb_post`.`id_category`
ORDER BY `create_at` DESC', [], false)
 3 APPPATH\Controllers\Admin\Post.php(16): CodeIgniter\Database\BaseBuilder->get()
 4 SYSTEMPATH\CodeIgniter.php(927): App\Controllers\Admin\Post->index()
 5 SYSTEMPATH\CodeIgniter.php(482): CodeIgniter\CodeIgniter->runController(Object(App\Controllers\Admin\Post))
 6 SYSTEMPATH\CodeIgniter.php(351): CodeIgniter\CodeIgniter->handleRequest(null, Object(Config\Cache), false)
 7 FCPATH\index.php(67): CodeIgniter\CodeIgniter->run()
 8 SYSTEMPATH\Commands\Server\rewrite.php(46): require_once('FCPATH\\index.php')
ERROR - 2022-12-18 20:58:07 --> Error connecting to the database: mysqli_sql_exception: No connection could be made because the target machine actively refused it in C:\Users\LIVA\Desktop\codeigniter4-framework-6ffad15\system\Database\MySQLi\Connection.php:171
Stack trace:
#0 C:\Users\LIVA\Desktop\codeigniter4-framework-6ffad15\system\Database\MySQLi\Connection.php(171): mysqli->real_connect('localhost', 'root', '', 'digiifsu_web', 3306, '', 0)
#1 C:\Users\LIVA\Desktop\codeigniter4-framework-6ffad15\system\Database\BaseConnection.php(382): CodeIgniter\Database\MySQLi\Connection->connect(false)
#2 C:\Users\LIVA\Desktop\codeigniter4-framework-6ffad15\system\Database\BaseConnection.php(561): CodeIgniter\Database\BaseConnection->initialize()
#3 C:\Users\LIVA\Desktop\codeigniter4-framework-6ffad15\system\Database\BaseBuilder.php(1585): CodeIgniter\Database\BaseConnection->query('SELECT `tb_post...', Array, false)
#4 C:\Users\LIVA\Desktop\codeigniter4-framework-6ffad15\app\Controllers\Admin\Post.php(16): CodeIgniter\Database\BaseBuilder->get()
#5 C:\Users\LIVA\Desktop\codeigniter4-framework-6ffad15\system\CodeIgniter.php(927): App\Controllers\Admin\Post->index()
#6 C:\Users\LIVA\Desktop\codeigniter4-framework-6ffad15\system\CodeIgniter.php(482): CodeIgniter\CodeIgniter->runController(Object(App\Controllers\Admin\Post))
#7 C:\Users\LIVA\Desktop\codeigniter4-framework-6ffad15\system\CodeIgniter.php(351): CodeIgniter\CodeIgniter->handleRequest(NULL, Object(Config\Cache), false)
#8 C:\Users\LIVA\Desktop\codeigniter4-framework-6ffad15\public\index.php(67): CodeIgniter\CodeIgniter->run()
#9 C:\Users\LIVA\Desktop\codeigniter4-framework-6ffad15\system\Commands\Server\rewrite.php(46): require_once('C:\\Users\\LIVA\\D...')
#10 {main}

Next CodeIgniter\Database\Exceptions\DatabaseException: No connection could be made because the target machine actively refused it in C:\Users\LIVA\Desktop\codeigniter4-framework-6ffad15\system\Database\MySQLi\Connection.php:215
Stack trace:
#0 C:\Users\LIVA\Desktop\codeigniter4-framework-6ffad15\system\Database\BaseConnection.php(382): CodeIgniter\Database\MySQLi\Connection->connect(false)
#1 C:\Users\LIVA\Desktop\codeigniter4-framework-6ffad15\system\Database\BaseConnection.php(561): CodeIgniter\Database\BaseConnection->initialize()
#2 C:\Users\LIVA\Desktop\codeigniter4-framework-6ffad15\system\Database\BaseBuilder.php(1585): CodeIgniter\Database\BaseConnection->query('SELECT `tb_post...', Array, false)
#3 C:\Users\LIVA\Desktop\codeigniter4-framework-6ffad15\app\Controllers\Admin\Post.php(16): CodeIgniter\Database\BaseBuilder->get()
#4 C:\Users\LIVA\Desktop\codeigniter4-framework-6ffad15\system\CodeIgniter.php(927): App\Controllers\Admin\Post->index()
#5 C:\Users\LIVA\Desktop\codeigniter4-framework-6ffad15\system\CodeIgniter.php(482): CodeIgniter\CodeIgniter->runController(Object(App\Controllers\Admin\Post))
#6 C:\Users\LIVA\Desktop\codeigniter4-framework-6ffad15\system\CodeIgniter.php(351): CodeIgniter\CodeIgniter->handleRequest(NULL, Object(Config\Cache), false)
#7 C:\Users\LIVA\Desktop\codeigniter4-framework-6ffad15\public\index.php(67): CodeIgniter\CodeIgniter->run()
#8 C:\Users\LIVA\Desktop\codeigniter4-framework-6ffad15\system\Commands\Server\rewrite.php(46): require_once('C:\\Users\\LIVA\\D...')
#9 {main}
CRITICAL - 2022-12-18 20:58:07 --> Unable to connect to the database.
Main connection [MySQLi]: No connection could be made because the target machine actively refused it
in SYSTEMPATH\Database\BaseConnection.php on line 418.
 1 SYSTEMPATH\Database\BaseConnection.php(561): CodeIgniter\Database\BaseConnection->initialize()
 2 SYSTEMPATH\Database\BaseBuilder.php(1585): CodeIgniter\Database\BaseConnection->query('SELECT `tb_post`.*, `tb_post_categories`.`nama` as `nama_category`
FROM `tb_post`
LEFT JOIN `tb_post_categories` ON `tb_post_categories`.`id`=`tb_post`.`id_category`
ORDER BY `create_at` DESC', [], false)
 3 APPPATH\Controllers\Admin\Post.php(16): CodeIgniter\Database\BaseBuilder->get()
 4 SYSTEMPATH\CodeIgniter.php(927): App\Controllers\Admin\Post->index()
 5 SYSTEMPATH\CodeIgniter.php(482): CodeIgniter\CodeIgniter->runController(Object(App\Controllers\Admin\Post))
 6 SYSTEMPATH\CodeIgniter.php(351): CodeIgniter\CodeIgniter->handleRequest(null, Object(Config\Cache), false)
 7 FCPATH\index.php(67): CodeIgniter\CodeIgniter->run()
 8 SYSTEMPATH\Commands\Server\rewrite.php(46): require_once('FCPATH\\index.php')
ERROR - 2022-12-18 21:00:16 --> Error connecting to the database: mysqli_sql_exception: Access denied for user 'root'@'localhost' (using password: YES) in C:\Users\LIVA\Desktop\codeigniter4-framework-6ffad15\system\Database\MySQLi\Connection.php:171
Stack trace:
#0 C:\Users\LIVA\Desktop\codeigniter4-framework-6ffad15\system\Database\MySQLi\Connection.php(171): mysqli->real_connect('localhost', 'root', 'root', 'digiifsu', 3306, '', 0)
#1 C:\Users\LIVA\Desktop\codeigniter4-framework-6ffad15\system\Database\BaseConnection.php(382): CodeIgniter\Database\MySQLi\Connection->connect(false)
#2 C:\Users\LIVA\Desktop\codeigniter4-framework-6ffad15\system\Database\BaseConnection.php(561): CodeIgniter\Database\BaseConnection->initialize()
#3 C:\Users\LIVA\Desktop\codeigniter4-framework-6ffad15\system\Database\BaseConnection.php(1360): CodeIgniter\Database\BaseConnection->query('SHOW TABLES FRO...')
#4 C:\Users\LIVA\Desktop\codeigniter4-framework-6ffad15\system\Database\BaseConnection.php(1394): CodeIgniter\Database\BaseConnection->listTables()
#5 C:\Users\LIVA\Desktop\codeigniter4-framework-6ffad15\system\Database\MigrationRunner.php(759): CodeIgniter\Database\BaseConnection->tableExists('migrations')
#6 C:\Users\LIVA\Desktop\codeigniter4-framework-6ffad15\system\Database\MigrationRunner.php(167): CodeIgniter\Database\MigrationRunner->ensureTable()
#7 C:\Users\LIVA\Desktop\codeigniter4-framework-6ffad15\system\Commands\Database\Migrate.php(84): CodeIgniter\Database\MigrationRunner->latest(NULL)
#8 C:\Users\LIVA\Desktop\codeigniter4-framework-6ffad15\system\CLI\Commands.php(63): CodeIgniter\Commands\Database\Migrate->run(Array)
#9 C:\Users\LIVA\Desktop\codeigniter4-framework-6ffad15\system\CLI\CommandRunner.php(65): CodeIgniter\CLI\Commands->run('migrate', Array)
#10 C:\Users\LIVA\Desktop\codeigniter4-framework-6ffad15\system\CLI\CommandRunner.php(51): CodeIgniter\CLI\CommandRunner->index(Array)
#11 C:\Users\LIVA\Desktop\codeigniter4-framework-6ffad15\system\CodeIgniter.php(920): CodeIgniter\CLI\CommandRunner->_remap('index', Array)
#12 C:\Users\LIVA\Desktop\codeigniter4-framework-6ffad15\system\CodeIgniter.php(482): CodeIgniter\CodeIgniter->runController(Object(CodeIgniter\CLI\CommandRunner))
#13 C:\Users\LIVA\Desktop\codeigniter4-framework-6ffad15\system\CodeIgniter.php(347): CodeIgniter\CodeIgniter->handleRequest(NULL, Object(Config\Cache), false)
#14 C:\Users\LIVA\Desktop\codeigniter4-framework-6ffad15\system\CLI\Console.php(48): CodeIgniter\CodeIgniter->run()
#15 C:\Users\LIVA\Desktop\codeigniter4-framework-6ffad15\spark(98): CodeIgniter\CLI\Console->run()
#16 {main}

Next CodeIgniter\Database\Exceptions\DatabaseException: Access denied for user '****'@'localhost' (using password: YES) in C:\Users\LIVA\Desktop\codeigniter4-framework-6ffad15\system\Database\MySQLi\Connection.php:215
Stack trace:
#0 C:\Users\LIVA\Desktop\codeigniter4-framework-6ffad15\system\Database\BaseConnection.php(382): CodeIgniter\Database\MySQLi\Connection->connect(false)
#1 C:\Users\LIVA\Desktop\codeigniter4-framework-6ffad15\system\Database\BaseConnection.php(561): CodeIgniter\Database\BaseConnection->initialize()
#2 C:\Users\LIVA\Desktop\codeigniter4-framework-6ffad15\system\Database\BaseConnection.php(1360): CodeIgniter\Database\BaseConnection->query('SHOW TABLES FRO...')
#3 C:\Users\LIVA\Desktop\codeigniter4-framework-6ffad15\system\Database\BaseConnection.php(1394): CodeIgniter\Database\BaseConnection->listTables()
#4 C:\Users\LIVA\Desktop\codeigniter4-framework-6ffad15\system\Database\MigrationRunner.php(759): CodeIgniter\Database\BaseConnection->tableExists('migrations')
#5 C:\Users\LIVA\Desktop\codeigniter4-framework-6ffad15\system\Database\MigrationRunner.php(167): CodeIgniter\Database\MigrationRunner->ensureTable()
#6 C:\Users\LIVA\Desktop\codeigniter4-framework-6ffad15\system\Commands\Database\Migrate.php(84): CodeIgniter\Database\MigrationRunner->latest(NULL)
#7 C:\Users\LIVA\Desktop\codeigniter4-framework-6ffad15\system\CLI\Commands.php(63): CodeIgniter\Commands\Database\Migrate->run(Array)
#8 C:\Users\LIVA\Desktop\codeigniter4-framework-6ffad15\system\CLI\CommandRunner.php(65): CodeIgniter\CLI\Commands->run('migrate', Array)
#9 C:\Users\LIVA\Desktop\codeigniter4-framework-6ffad15\system\CLI\CommandRunner.php(51): CodeIgniter\CLI\CommandRunner->index(Array)
#10 C:\Users\LIVA\Desktop\codeigniter4-framework-6ffad15\system\CodeIgniter.php(920): CodeIgniter\CLI\CommandRunner->_remap('index', Array)
#11 C:\Users\LIVA\Desktop\codeigniter4-framework-6ffad15\system\CodeIgniter.php(482): CodeIgniter\CodeIgniter->runController(Object(CodeIgniter\CLI\CommandRunner))
#12 C:\Users\LIVA\Desktop\codeigniter4-framework-6ffad15\system\CodeIgniter.php(347): CodeIgniter\CodeIgniter->handleRequest(NULL, Object(Config\Cache), false)
#13 C:\Users\LIVA\Desktop\codeigniter4-framework-6ffad15\system\CLI\Console.php(48): CodeIgniter\CodeIgniter->run()
#14 C:\Users\LIVA\Desktop\codeigniter4-framework-6ffad15\spark(98): CodeIgniter\CLI\Console->run()
#15 {main}
