CRITICAL - 2022-12-20 22:42:23 --> Invalid body indentation level (expecting an indentation level of at least 8)
in SYSTEMPATH\Commands\Database\ShowTableInfo.php on line 53.
 1 SYSTEMPATH\Autoloader\Autoloader.php(259): CodeIgniter\Autoloader\Autoloader->includeFile('SYSTEMPATH\\Commands\\Database\\ShowTableInfo.php')
 2 SYSTEMPATH\Autoloader\Autoloader.php(237): CodeIgniter\Autoloader\Autoloader->loadInNamespace('CodeIgniter\\Commands\\Database\\ShowTableInfo')
 3 [internal function]: CodeIgniter\Autoloader\Autoloader->loadClass('CodeIgniter\\Commands\\Database\\ShowTableInfo')
 4 [internal function]: spl_autoload_call('CodeIgniter\\Commands\\Database\\ShowTableInfo')
 5 SYSTEMPATH\CLI\Commands.php(101): class_exists('CodeIgniter\\Commands\\Database\\ShowTableInfo')
 6 SYSTEMPATH\CLI\Commands.php(46): CodeIgniter\CLI\Commands->discoverCommands()
 7 SYSTEMPATH\Config\Services.php(162): CodeIgniter\CLI\Commands->__construct()
 8 SYSTEMPATH\Config\BaseService.php(253): CodeIgniter\Config\Services::commands(false)
 9 SYSTEMPATH\Config\BaseService.php(194): CodeIgniter\Config\BaseService::__callStatic('commands', [...])
10 SYSTEMPATH\Config\Services.php(159): CodeIgniter\Config\BaseService::getSharedInstance('commands')
11 SYSTEMPATH\Config\BaseService.php(253): CodeIgniter\Config\Services::commands()
12 SYSTEMPATH\CLI\CommandRunner.php(35): CodeIgniter\Config\BaseService::__callStatic('commands', [])
13 SYSTEMPATH\CodeIgniter.php(889): CodeIgniter\CLI\CommandRunner->__construct()
14 SYSTEMPATH\CodeIgniter.php(473): CodeIgniter\CodeIgniter->createController()
15 SYSTEMPATH\CodeIgniter.php(347): CodeIgniter\CodeIgniter->handleRequest(null, Object(Config\Cache), false)
16 SYSTEMPATH\CLI\Console.php(48): CodeIgniter\CodeIgniter->run()
17 ROOTPATH\spark(98): CodeIgniter\CLI\Console->run()
CRITICAL - 2022-12-20 22:43:04 --> Invalid body indentation level (expecting an indentation level of at least 8)
in SYSTEMPATH\Commands\Database\ShowTableInfo.php on line 53.
 1 SYSTEMPATH\Autoloader\Autoloader.php(259): CodeIgniter\Autoloader\Autoloader->includeFile('SYSTEMPATH\\Commands\\Database\\ShowTableInfo.php')
 2 SYSTEMPATH\Autoloader\Autoloader.php(237): CodeIgniter\Autoloader\Autoloader->loadInNamespace('CodeIgniter\\Commands\\Database\\ShowTableInfo')
 3 [internal function]: CodeIgniter\Autoloader\Autoloader->loadClass('CodeIgniter\\Commands\\Database\\ShowTableInfo')
 4 [internal function]: spl_autoload_call('CodeIgniter\\Commands\\Database\\ShowTableInfo')
 5 SYSTEMPATH\CLI\Commands.php(101): class_exists('CodeIgniter\\Commands\\Database\\ShowTableInfo')
 6 SYSTEMPATH\CLI\Commands.php(46): CodeIgniter\CLI\Commands->discoverCommands()
 7 SYSTEMPATH\Config\Services.php(162): CodeIgniter\CLI\Commands->__construct()
 8 SYSTEMPATH\Config\BaseService.php(253): CodeIgniter\Config\Services::commands(false)
 9 SYSTEMPATH\Config\BaseService.php(194): CodeIgniter\Config\BaseService::__callStatic('commands', [...])
10 SYSTEMPATH\Config\Services.php(159): CodeIgniter\Config\BaseService::getSharedInstance('commands')
11 SYSTEMPATH\Config\BaseService.php(253): CodeIgniter\Config\Services::commands()
12 SYSTEMPATH\CLI\CommandRunner.php(35): CodeIgniter\Config\BaseService::__callStatic('commands', [])
13 SYSTEMPATH\CodeIgniter.php(889): CodeIgniter\CLI\CommandRunner->__construct()
14 SYSTEMPATH\CodeIgniter.php(473): CodeIgniter\CodeIgniter->createController()
15 SYSTEMPATH\CodeIgniter.php(347): CodeIgniter\CodeIgniter->handleRequest(null, Object(Config\Cache), false)
16 SYSTEMPATH\CLI\Console.php(48): CodeIgniter\CodeIgniter->run()
17 ROOTPATH\spark(98): CodeIgniter\CLI\Console->run()
CRITICAL - 2022-12-20 22:43:34 --> Invalid body indentation level (expecting an indentation level of at least 8)
in SYSTEMPATH\Commands\Database\ShowTableInfo.php on line 53.
 1 SYSTEMPATH\Autoloader\Autoloader.php(259): CodeIgniter\Autoloader\Autoloader->includeFile('SYSTEMPATH\\Commands\\Database\\ShowTableInfo.php')
 2 SYSTEMPATH\Autoloader\Autoloader.php(237): CodeIgniter\Autoloader\Autoloader->loadInNamespace('CodeIgniter\\Commands\\Database\\ShowTableInfo')
 3 [internal function]: CodeIgniter\Autoloader\Autoloader->loadClass('CodeIgniter\\Commands\\Database\\ShowTableInfo')
 4 [internal function]: spl_autoload_call('CodeIgniter\\Commands\\Database\\ShowTableInfo')
 5 SYSTEMPATH\CLI\Commands.php(101): class_exists('CodeIgniter\\Commands\\Database\\ShowTableInfo')
 6 SYSTEMPATH\CLI\Commands.php(46): CodeIgniter\CLI\Commands->discoverCommands()
 7 SYSTEMPATH\Config\Services.php(162): CodeIgniter\CLI\Commands->__construct()
 8 SYSTEMPATH\Config\BaseService.php(253): CodeIgniter\Config\Services::commands(false)
 9 SYSTEMPATH\Config\BaseService.php(194): CodeIgniter\Config\BaseService::__callStatic('commands', [...])
10 SYSTEMPATH\Config\Services.php(159): CodeIgniter\Config\BaseService::getSharedInstance('commands')
11 SYSTEMPATH\Config\BaseService.php(253): CodeIgniter\Config\Services::commands()
12 SYSTEMPATH\CLI\CommandRunner.php(35): CodeIgniter\Config\BaseService::__callStatic('commands', [])
13 SYSTEMPATH\CodeIgniter.php(889): CodeIgniter\CLI\CommandRunner->__construct()
14 SYSTEMPATH\CodeIgniter.php(473): CodeIgniter\CodeIgniter->createController()
15 SYSTEMPATH\CodeIgniter.php(347): CodeIgniter\CodeIgniter->handleRequest(null, Object(Config\Cache), false)
16 SYSTEMPATH\CLI\Console.php(48): CodeIgniter\CodeIgniter->run()
17 ROOTPATH\spark(98): CodeIgniter\CLI\Console->run()
CRITICAL - 2022-12-20 22:44:07 --> Invalid body indentation level (expecting an indentation level of at least 8)
in SYSTEMPATH\Commands\Database\ShowTableInfo.php on line 53.
 1 SYSTEMPATH\Autoloader\Autoloader.php(259): CodeIgniter\Autoloader\Autoloader->includeFile('SYSTEMPATH\\Commands\\Database\\ShowTableInfo.php')
 2 SYSTEMPATH\Autoloader\Autoloader.php(237): CodeIgniter\Autoloader\Autoloader->loadInNamespace('CodeIgniter\\Commands\\Database\\ShowTableInfo')
 3 [internal function]: CodeIgniter\Autoloader\Autoloader->loadClass('CodeIgniter\\Commands\\Database\\ShowTableInfo')
 4 [internal function]: spl_autoload_call('CodeIgniter\\Commands\\Database\\ShowTableInfo')
 5 SYSTEMPATH\CLI\Commands.php(101): class_exists('CodeIgniter\\Commands\\Database\\ShowTableInfo')
 6 SYSTEMPATH\CLI\Commands.php(46): CodeIgniter\CLI\Commands->discoverCommands()
 7 SYSTEMPATH\Config\Services.php(162): CodeIgniter\CLI\Commands->__construct()
 8 SYSTEMPATH\Config\BaseService.php(253): CodeIgniter\Config\Services::commands(false)
 9 SYSTEMPATH\Config\BaseService.php(194): CodeIgniter\Config\BaseService::__callStatic('commands', [...])
10 SYSTEMPATH\Config\Services.php(159): CodeIgniter\Config\BaseService::getSharedInstance('commands')
11 SYSTEMPATH\Config\BaseService.php(253): CodeIgniter\Config\Services::commands()
12 SYSTEMPATH\CLI\CommandRunner.php(35): CodeIgniter\Config\BaseService::__callStatic('commands', [])
13 SYSTEMPATH\CodeIgniter.php(889): CodeIgniter\CLI\CommandRunner->__construct()
14 SYSTEMPATH\CodeIgniter.php(473): CodeIgniter\CodeIgniter->createController()
15 SYSTEMPATH\CodeIgniter.php(347): CodeIgniter\CodeIgniter->handleRequest(null, Object(Config\Cache), false)
16 SYSTEMPATH\CLI\Console.php(48): CodeIgniter\CodeIgniter->run()
17 ROOTPATH\spark(98): CodeIgniter\CLI\Console->run()
CRITICAL - 2022-12-20 22:45:10 --> Invalid body indentation level (expecting an indentation level of at least 8)
in SYSTEMPATH\Commands\Database\ShowTableInfo.php on line 53.
 1 SYSTEMPATH\Autoloader\Autoloader.php(259): CodeIgniter\Autoloader\Autoloader->includeFile('SYSTEMPATH\\Commands\\Database\\ShowTableInfo.php')
 2 SYSTEMPATH\Autoloader\Autoloader.php(237): CodeIgniter\Autoloader\Autoloader->loadInNamespace('CodeIgniter\\Commands\\Database\\ShowTableInfo')
 3 [internal function]: CodeIgniter\Autoloader\Autoloader->loadClass('CodeIgniter\\Commands\\Database\\ShowTableInfo')
 4 [internal function]: spl_autoload_call('CodeIgniter\\Commands\\Database\\ShowTableInfo')
 5 SYSTEMPATH\CLI\Commands.php(101): class_exists('CodeIgniter\\Commands\\Database\\ShowTableInfo')
 6 SYSTEMPATH\CLI\Commands.php(46): CodeIgniter\CLI\Commands->discoverCommands()
 7 SYSTEMPATH\Config\Services.php(162): CodeIgniter\CLI\Commands->__construct()
 8 SYSTEMPATH\Config\BaseService.php(253): CodeIgniter\Config\Services::commands(false)
 9 SYSTEMPATH\Config\BaseService.php(194): CodeIgniter\Config\BaseService::__callStatic('commands', [...])
10 SYSTEMPATH\Config\Services.php(159): CodeIgniter\Config\BaseService::getSharedInstance('commands')
11 SYSTEMPATH\Config\BaseService.php(253): CodeIgniter\Config\Services::commands()
12 SYSTEMPATH\CLI\CommandRunner.php(35): CodeIgniter\Config\BaseService::__callStatic('commands', [])
13 SYSTEMPATH\CodeIgniter.php(889): CodeIgniter\CLI\CommandRunner->__construct()
14 SYSTEMPATH\CodeIgniter.php(473): CodeIgniter\CodeIgniter->createController()
15 SYSTEMPATH\CodeIgniter.php(347): CodeIgniter\CodeIgniter->handleRequest(null, Object(Config\Cache), false)
16 SYSTEMPATH\CLI\Console.php(48): CodeIgniter\CodeIgniter->run()
17 ROOTPATH\spark(98): CodeIgniter\CLI\Console->run()
CRITICAL - 2022-12-20 22:45:11 --> Invalid body indentation level (expecting an indentation level of at least 8)
in SYSTEMPATH\Commands\Database\ShowTableInfo.php on line 53.
 1 SYSTEMPATH\Autoloader\Autoloader.php(259): CodeIgniter\Autoloader\Autoloader->includeFile('SYSTEMPATH\\Commands\\Database\\ShowTableInfo.php')
 2 SYSTEMPATH\Autoloader\Autoloader.php(237): CodeIgniter\Autoloader\Autoloader->loadInNamespace('CodeIgniter\\Commands\\Database\\ShowTableInfo')
 3 [internal function]: CodeIgniter\Autoloader\Autoloader->loadClass('CodeIgniter\\Commands\\Database\\ShowTableInfo')
 4 [internal function]: spl_autoload_call('CodeIgniter\\Commands\\Database\\ShowTableInfo')
 5 SYSTEMPATH\CLI\Commands.php(101): class_exists('CodeIgniter\\Commands\\Database\\ShowTableInfo')
 6 SYSTEMPATH\CLI\Commands.php(46): CodeIgniter\CLI\Commands->discoverCommands()
 7 SYSTEMPATH\Config\Services.php(162): CodeIgniter\CLI\Commands->__construct()
 8 SYSTEMPATH\Config\BaseService.php(253): CodeIgniter\Config\Services::commands(false)
 9 SYSTEMPATH\Config\BaseService.php(194): CodeIgniter\Config\BaseService::__callStatic('commands', [...])
10 SYSTEMPATH\Config\Services.php(159): CodeIgniter\Config\BaseService::getSharedInstance('commands')
11 SYSTEMPATH\Config\BaseService.php(253): CodeIgniter\Config\Services::commands()
12 SYSTEMPATH\CLI\CommandRunner.php(35): CodeIgniter\Config\BaseService::__callStatic('commands', [])
13 SYSTEMPATH\CodeIgniter.php(889): CodeIgniter\CLI\CommandRunner->__construct()
14 SYSTEMPATH\CodeIgniter.php(473): CodeIgniter\CodeIgniter->createController()
15 SYSTEMPATH\CodeIgniter.php(347): CodeIgniter\CodeIgniter->handleRequest(null, Object(Config\Cache), false)
16 SYSTEMPATH\CLI\Console.php(48): CodeIgniter\CodeIgniter->run()
17 ROOTPATH\spark(98): CodeIgniter\CLI\Console->run()
CRITICAL - 2022-12-20 22:46:59 --> Invalid body indentation level (expecting an indentation level of at least 8)
in SYSTEMPATH\Commands\Database\ShowTableInfo.php on line 53.
 1 SYSTEMPATH\Autoloader\Autoloader.php(259): CodeIgniter\Autoloader\Autoloader->includeFile('SYSTEMPATH\\Commands\\Database\\ShowTableInfo.php')
 2 SYSTEMPATH\Autoloader\Autoloader.php(237): CodeIgniter\Autoloader\Autoloader->loadInNamespace('CodeIgniter\\Commands\\Database\\ShowTableInfo')
 3 [internal function]: CodeIgniter\Autoloader\Autoloader->loadClass('CodeIgniter\\Commands\\Database\\ShowTableInfo')
 4 [internal function]: spl_autoload_call('CodeIgniter\\Commands\\Database\\ShowTableInfo')
 5 SYSTEMPATH\CLI\Commands.php(101): class_exists('CodeIgniter\\Commands\\Database\\ShowTableInfo')
 6 SYSTEMPATH\CLI\Commands.php(46): CodeIgniter\CLI\Commands->discoverCommands()
 7 SYSTEMPATH\Config\Services.php(162): CodeIgniter\CLI\Commands->__construct()
 8 SYSTEMPATH\Config\BaseService.php(253): CodeIgniter\Config\Services::commands(false)
 9 SYSTEMPATH\Config\BaseService.php(194): CodeIgniter\Config\BaseService::__callStatic('commands', [...])
10 SYSTEMPATH\Config\Services.php(159): CodeIgniter\Config\BaseService::getSharedInstance('commands')
11 SYSTEMPATH\Config\BaseService.php(253): CodeIgniter\Config\Services::commands()
12 SYSTEMPATH\CLI\CommandRunner.php(35): CodeIgniter\Config\BaseService::__callStatic('commands', [])
13 SYSTEMPATH\CodeIgniter.php(889): CodeIgniter\CLI\CommandRunner->__construct()
14 SYSTEMPATH\CodeIgniter.php(473): CodeIgniter\CodeIgniter->createController()
15 SYSTEMPATH\CodeIgniter.php(347): CodeIgniter\CodeIgniter->handleRequest(null, Object(Config\Cache), false)
16 SYSTEMPATH\CLI\Console.php(48): CodeIgniter\CodeIgniter->run()
17 ROOTPATH\spark(98): CodeIgniter\CLI\Console->run()
CRITICAL - 2022-12-20 22:47:17 --> Invalid body indentation level (expecting an indentation level of at least 8)
in SYSTEMPATH\Commands\Database\ShowTableInfo.php on line 53.
 1 SYSTEMPATH\Autoloader\Autoloader.php(259): CodeIgniter\Autoloader\Autoloader->includeFile('SYSTEMPATH\\Commands\\Database\\ShowTableInfo.php')
 2 SYSTEMPATH\Autoloader\Autoloader.php(237): CodeIgniter\Autoloader\Autoloader->loadInNamespace('CodeIgniter\\Commands\\Database\\ShowTableInfo')
 3 [internal function]: CodeIgniter\Autoloader\Autoloader->loadClass('CodeIgniter\\Commands\\Database\\ShowTableInfo')
 4 [internal function]: spl_autoload_call('CodeIgniter\\Commands\\Database\\ShowTableInfo')
 5 SYSTEMPATH\CLI\Commands.php(101): class_exists('CodeIgniter\\Commands\\Database\\ShowTableInfo')
 6 SYSTEMPATH\CLI\Commands.php(46): CodeIgniter\CLI\Commands->discoverCommands()
 7 SYSTEMPATH\Config\Services.php(162): CodeIgniter\CLI\Commands->__construct()
 8 SYSTEMPATH\Config\BaseService.php(253): CodeIgniter\Config\Services::commands(false)
 9 SYSTEMPATH\Config\BaseService.php(194): CodeIgniter\Config\BaseService::__callStatic('commands', [...])
10 SYSTEMPATH\Config\Services.php(159): CodeIgniter\Config\BaseService::getSharedInstance('commands')
11 SYSTEMPATH\Config\BaseService.php(253): CodeIgniter\Config\Services::commands()
12 SYSTEMPATH\CLI\CommandRunner.php(35): CodeIgniter\Config\BaseService::__callStatic('commands', [])
13 SYSTEMPATH\CodeIgniter.php(889): CodeIgniter\CLI\CommandRunner->__construct()
14 SYSTEMPATH\CodeIgniter.php(473): CodeIgniter\CodeIgniter->createController()
15 SYSTEMPATH\CodeIgniter.php(347): CodeIgniter\CodeIgniter->handleRequest(null, Object(Config\Cache), false)
16 SYSTEMPATH\CLI\Console.php(48): CodeIgniter\CodeIgniter->run()
17 ROOTPATH\spark(98): CodeIgniter\CLI\Console->run()
CRITICAL - 2022-12-20 23:35:04 --> syntax error, unexpected '?>'
in APPPATH\Views\admin\post\add_post.php on line 158.
 1 SYSTEMPATH\View\View.php(216): CodeIgniter\View\View->CodeIgniter\View\{closure}()
 2 SYSTEMPATH\Common.php(1134): CodeIgniter\View\View->render('admin/post/add_post', [], true)
 3 APPPATH\Controllers\Admin\Post.php(84): view('admin/post/add_post', [...])
 4 SYSTEMPATH\CodeIgniter.php(927): App\Controllers\Admin\Post->addNew()
 5 SYSTEMPATH\CodeIgniter.php(482): CodeIgniter\CodeIgniter->runController(Object(App\Controllers\Admin\Post))
 6 SYSTEMPATH\CodeIgniter.php(351): CodeIgniter\CodeIgniter->handleRequest(null, Object(Config\Cache), false)
 7 FCPATH\index.php(67): CodeIgniter\CodeIgniter->run()
 8 SYSTEMPATH\Commands\Server\rewrite.php(46): require_once('FCPATH\\index.php')
