CRITICAL - 2022-12-23 00:00:26 --> Invalid file: modal/modal_file_manager.php
in SYSTEMPATH\Exceptions\FrameworkException.php on line 33.
 1 SYSTEMPATH\View\View.php(201): CodeIgniter\Exceptions\FrameworkException::forInvalidFile('modal/modal_file_manager.php')
 2 SYSTEMPATH\View\View.php(431): CodeIgniter\View\View->render('modal/modal_file_manager', null, true)
 3 APPPATH\Views\admin\post\partials\footer.php(7): CodeIgniter\View\View->include('modal/modal_file_manager')
 4 SYSTEMPATH\View\View.php(213): include('APPPATH\\Views\\admin\\post\\partials\\footer.php')
 5 SYSTEMPATH\View\View.php(216): CodeIgniter\View\View->CodeIgniter\View\{closure}()
 6 SYSTEMPATH\View\View.php(431): CodeIgniter\View\View->render('admin/post/partials/footer', null, true)
 7 APPPATH\Views\admin\post\edit_post.php(154): CodeIgniter\View\View->include('admin/post/partials/footer')
 8 SYSTEMPATH\View\View.php(213): include('APPPATH\\Views\\admin\\post\\edit_post.php')
 9 SYSTEMPATH\View\View.php(216): CodeIgniter\View\View->CodeIgniter\View\{closure}()
10 SYSTEMPATH\Common.php(1135): CodeIgniter\View\View->render('admin/post/edit_post', [], true)
11 APPPATH\Controllers\Admin\Post.php(110): view('admin/post/edit_post', [...])
12 SYSTEMPATH\CodeIgniter.php(927): App\Controllers\Admin\Post->update('1')
13 SYSTEMPATH\CodeIgniter.php(482): CodeIgniter\CodeIgniter->runController(Object(App\Controllers\Admin\Post))
14 SYSTEMPATH\CodeIgniter.php(351): CodeIgniter\CodeIgniter->handleRequest(null, Object(Config\Cache), false)
15 FCPATH\index.php(67): CodeIgniter\CodeIgniter->run()
CRITICAL - 2022-12-23 00:19:45 --> Invalid file: storage.php
in SYSTEMPATH\Exceptions\FrameworkException.php on line 33.
 1 SYSTEMPATH\View\View.php(201): CodeIgniter\Exceptions\FrameworkException::forInvalidFile('storage.php')
 2 SYSTEMPATH\Common.php(1135): CodeIgniter\View\View->render('storage', [], true)
 3 APPPATH\Controllers\Storage.php(12): view('storage', [...])
 4 SYSTEMPATH\CodeIgniter.php(927): App\Controllers\Storage->index()
 5 SYSTEMPATH\CodeIgniter.php(482): CodeIgniter\CodeIgniter->runController(Object(App\Controllers\Storage))
 6 SYSTEMPATH\CodeIgniter.php(351): CodeIgniter\CodeIgniter->handleRequest(null, Object(Config\Cache), false)
 7 FCPATH\index.php(67): CodeIgniter\CodeIgniter->run()
CRITICAL - 2022-12-23 01:04:10 --> Use of undefined constant PUBLICPATH - assumed 'PUBLICPATH' (this will throw an Error in a future version of PHP)
in APPPATH\Controllers\Storage.php on line 12.
 1 APPPATH\Controllers\Storage.php(12): CodeIgniter\Debug\Exceptions->errorHandler(2, 'Use of undefined constant PUBLICPATH - assumed \'PUBLICPATH\' (this will throw an Error in a future version of PHP)', 'APPPATH\\Controllers\\Storage.php', 12, [])
 2 SYSTEMPATH\CodeIgniter.php(927): App\Controllers\Storage->index()
 3 SYSTEMPATH\CodeIgniter.php(482): CodeIgniter\CodeIgniter->runController(Object(App\Controllers\Storage))
 4 SYSTEMPATH\CodeIgniter.php(351): CodeIgniter\CodeIgniter->handleRequest(null, Object(Config\Cache), false)
 5 FCPATH\index.php(67): CodeIgniter\CodeIgniter->run()
 6 SYSTEMPATH\Commands\Server\rewrite.php(46): require_once('FCPATH\\index.php')
CRITICAL - 2022-12-23 01:04:17 --> Use of undefined constant PUBLICPATH - assumed 'PUBLICPATH' (this will throw an Error in a future version of PHP)
in APPPATH\Controllers\Storage.php on line 12.
 1 APPPATH\Controllers\Storage.php(12): CodeIgniter\Debug\Exceptions->errorHandler(2, 'Use of undefined constant PUBLICPATH - assumed \'PUBLICPATH\' (this will throw an Error in a future version of PHP)', 'APPPATH\\Controllers\\Storage.php', 12, [])
 2 SYSTEMPATH\CodeIgniter.php(927): App\Controllers\Storage->index()
 3 SYSTEMPATH\CodeIgniter.php(482): CodeIgniter\CodeIgniter->runController(Object(App\Controllers\Storage))
 4 SYSTEMPATH\CodeIgniter.php(351): CodeIgniter\CodeIgniter->handleRequest(null, Object(Config\Cache), false)
 5 FCPATH\index.php(67): CodeIgniter\CodeIgniter->run()
 6 SYSTEMPATH\Commands\Server\rewrite.php(46): require_once('FCPATH\\index.php')
CRITICAL - 2022-12-23 01:04:41 --> Use of undefined constant PUBLICPATH - assumed 'PUBLICPATH' (this will throw an Error in a future version of PHP)
in APPPATH\Controllers\Storage.php on line 12.
 1 APPPATH\Controllers\Storage.php(12): CodeIgniter\Debug\Exceptions->errorHandler(2, 'Use of undefined constant PUBLICPATH - assumed \'PUBLICPATH\' (this will throw an Error in a future version of PHP)', 'APPPATH\\Controllers\\Storage.php', 12, [])
 2 SYSTEMPATH\CodeIgniter.php(927): App\Controllers\Storage->index()
 3 SYSTEMPATH\CodeIgniter.php(482): CodeIgniter\CodeIgniter->runController(Object(App\Controllers\Storage))
 4 SYSTEMPATH\CodeIgniter.php(351): CodeIgniter\CodeIgniter->handleRequest(null, Object(Config\Cache), false)
 5 FCPATH\index.php(67): CodeIgniter\CodeIgniter->run()
 6 SYSTEMPATH\Commands\Server\rewrite.php(46): require_once('FCPATH\\index.php')
CRITICAL - 2022-12-23 01:04:56 --> Use of undefined constant PUBLICPATH - assumed 'PUBLICPATH' (this will throw an Error in a future version of PHP)
in APPPATH\Controllers\Storage.php on line 12.
 1 APPPATH\Controllers\Storage.php(12): CodeIgniter\Debug\Exceptions->errorHandler(2, 'Use of undefined constant PUBLICPATH - assumed \'PUBLICPATH\' (this will throw an Error in a future version of PHP)', 'APPPATH\\Controllers\\Storage.php', 12, [])
 2 SYSTEMPATH\CodeIgniter.php(927): App\Controllers\Storage->index()
 3 SYSTEMPATH\CodeIgniter.php(482): CodeIgniter\CodeIgniter->runController(Object(App\Controllers\Storage))
 4 SYSTEMPATH\CodeIgniter.php(351): CodeIgniter\CodeIgniter->handleRequest(null, Object(Config\Cache), false)
 5 FCPATH\index.php(67): CodeIgniter\CodeIgniter->run()
 6 SYSTEMPATH\Commands\Server\rewrite.php(46): require_once('FCPATH\\index.php')
CRITICAL - 2022-12-23 01:05:33 --> Use of undefined constant PUBLICPATH - assumed 'PUBLICPATH' (this will throw an Error in a future version of PHP)
in APPPATH\Controllers\Storage.php on line 12.
 1 APPPATH\Controllers\Storage.php(12): CodeIgniter\Debug\Exceptions->errorHandler(2, 'Use of undefined constant PUBLICPATH - assumed \'PUBLICPATH\' (this will throw an Error in a future version of PHP)', 'APPPATH\\Controllers\\Storage.php', 12, [])
 2 SYSTEMPATH\CodeIgniter.php(927): App\Controllers\Storage->index()
 3 SYSTEMPATH\CodeIgniter.php(482): CodeIgniter\CodeIgniter->runController(Object(App\Controllers\Storage))
 4 SYSTEMPATH\CodeIgniter.php(351): CodeIgniter\CodeIgniter->handleRequest(null, Object(Config\Cache), false)
 5 FCPATH\index.php(67): CodeIgniter\CodeIgniter->run()
 6 SYSTEMPATH\Commands\Server\rewrite.php(46): require_once('FCPATH\\index.php')
CRITICAL - 2022-12-23 01:18:39 --> syntax error, unexpected ';', expecting '('
in APPPATH\Views\storage.php on line 247.
 1 SYSTEMPATH\View\View.php(216): CodeIgniter\View\View->CodeIgniter\View\{closure}()
 2 SYSTEMPATH\Common.php(1135): CodeIgniter\View\View->render('storage', [], true)
 3 APPPATH\Controllers\Storage.php(20): view('storage', [...])
 4 SYSTEMPATH\CodeIgniter.php(927): App\Controllers\Storage->index()
 5 SYSTEMPATH\CodeIgniter.php(482): CodeIgniter\CodeIgniter->runController(Object(App\Controllers\Storage))
 6 SYSTEMPATH\CodeIgniter.php(351): CodeIgniter\CodeIgniter->handleRequest(null, Object(Config\Cache), false)
 7 FCPATH\index.php(67): CodeIgniter\CodeIgniter->run()
 8 SYSTEMPATH\Commands\Server\rewrite.php(46): require_once('FCPATH\\index.php')
CRITICAL - 2022-12-23 01:19:10 --> is_dir() expects parameter 1 to be a valid path, array given
in APPPATH\Views\storage.php on line 243.
 1 [internal function]: CodeIgniter\Debug\Exceptions->errorHandler(2, 'is_dir() expects parameter 1 to be a valid path, array given', 'APPPATH\\Views\\storage.php', 243, [...])
 2 APPPATH\Views\storage.php(243): is_dir([...])
 3 SYSTEMPATH\View\View.php(213): include('APPPATH\\Views\\storage.php')
 4 SYSTEMPATH\View\View.php(216): CodeIgniter\View\View->CodeIgniter\View\{closure}()
 5 SYSTEMPATH\Common.php(1135): CodeIgniter\View\View->render('storage', [], true)
 6 APPPATH\Controllers\Storage.php(20): view('storage', [...])
 7 SYSTEMPATH\CodeIgniter.php(927): App\Controllers\Storage->index()
 8 SYSTEMPATH\CodeIgniter.php(482): CodeIgniter\CodeIgniter->runController(Object(App\Controllers\Storage))
 9 SYSTEMPATH\CodeIgniter.php(351): CodeIgniter\CodeIgniter->handleRequest(null, Object(Config\Cache), false)
10 FCPATH\index.php(67): CodeIgniter\CodeIgniter->run()
11 SYSTEMPATH\Commands\Server\rewrite.php(46): require_once('FCPATH\\index.php')
CRITICAL - 2022-12-23 01:37:45 --> Array to string conversion
in APPPATH\Views\storage.php on line 256.
 1 APPPATH\Views\storage.php(256): CodeIgniter\Debug\Exceptions->errorHandler(8, 'Array to string conversion', 'APPPATH\\Views\\storage.php', 256, [...])
 2 SYSTEMPATH\View\View.php(213): include('APPPATH\\Views\\storage.php')
 3 SYSTEMPATH\View\View.php(216): CodeIgniter\View\View->CodeIgniter\View\{closure}()
 4 SYSTEMPATH\Common.php(1135): CodeIgniter\View\View->render('storage', [], true)
 5 APPPATH\Controllers\Storage.php(20): view('storage', [...])
 6 SYSTEMPATH\CodeIgniter.php(927): App\Controllers\Storage->index()
 7 SYSTEMPATH\CodeIgniter.php(482): CodeIgniter\CodeIgniter->runController(Object(App\Controllers\Storage))
 8 SYSTEMPATH\CodeIgniter.php(351): CodeIgniter\CodeIgniter->handleRequest(null, Object(Config\Cache), false)
 9 FCPATH\index.php(67): CodeIgniter\CodeIgniter->run()
10 SYSTEMPATH\Commands\Server\rewrite.php(46): require_once('FCPATH\\index.php')
CRITICAL - 2022-12-23 01:40:45 --> Array to string conversion
in APPPATH\Views\storage.php on line 258.
 1 APPPATH\Views\storage.php(258): CodeIgniter\Debug\Exceptions->errorHandler(8, 'Array to string conversion', 'APPPATH\\Views\\storage.php', 258, [...])
 2 SYSTEMPATH\View\View.php(213): include('APPPATH\\Views\\storage.php')
 3 SYSTEMPATH\View\View.php(216): CodeIgniter\View\View->CodeIgniter\View\{closure}()
 4 SYSTEMPATH\Common.php(1135): CodeIgniter\View\View->render('storage', [], true)
 5 APPPATH\Controllers\Storage.php(20): view('storage', [...])
 6 SYSTEMPATH\CodeIgniter.php(927): App\Controllers\Storage->index()
 7 SYSTEMPATH\CodeIgniter.php(482): CodeIgniter\CodeIgniter->runController(Object(App\Controllers\Storage))
 8 SYSTEMPATH\CodeIgniter.php(351): CodeIgniter\CodeIgniter->handleRequest(null, Object(Config\Cache), false)
 9 FCPATH\index.php(67): CodeIgniter\CodeIgniter->run()
10 SYSTEMPATH\Commands\Server\rewrite.php(46): require_once('FCPATH\\index.php')
CRITICAL - 2022-12-23 01:43:05 --> Array to string conversion
in APPPATH\Views\storage.php on line 256.
 1 APPPATH\Views\storage.php(256): CodeIgniter\Debug\Exceptions->errorHandler(8, 'Array to string conversion', 'APPPATH\\Views\\storage.php', 256, [...])
 2 SYSTEMPATH\View\View.php(213): include('APPPATH\\Views\\storage.php')
 3 SYSTEMPATH\View\View.php(216): CodeIgniter\View\View->CodeIgniter\View\{closure}()
 4 SYSTEMPATH\Common.php(1135): CodeIgniter\View\View->render('storage', [], true)
 5 APPPATH\Controllers\Storage.php(20): view('storage', [...])
 6 SYSTEMPATH\CodeIgniter.php(927): App\Controllers\Storage->index()
 7 SYSTEMPATH\CodeIgniter.php(482): CodeIgniter\CodeIgniter->runController(Object(App\Controllers\Storage))
 8 SYSTEMPATH\CodeIgniter.php(351): CodeIgniter\CodeIgniter->handleRequest(null, Object(Config\Cache), false)
 9 FCPATH\index.php(67): CodeIgniter\CodeIgniter->run()
10 SYSTEMPATH\Commands\Server\rewrite.php(46): require_once('FCPATH\\index.php')
CRITICAL - 2022-12-23 02:06:37 --> include(E:\htdocs\smkifsu.sch.id\app\ThirdyParty\kcfinder\index.php): failed to open stream: No such file or directory
in APPPATH\Controllers\Storage.php on line 12.
 1 APPPATH\Controllers\Storage.php(12): CodeIgniter\Debug\Exceptions->errorHandler(2, 'include(E:\\htdocs\\smkifsu.sch.id\\app\\ThirdyParty\\kcfinder\\index.php): failed to open stream: No such file or directory', 'APPPATH\\Controllers\\Storage.php', 12, [])
 2 APPPATH\Controllers\Storage.php(12): include()
 3 SYSTEMPATH\CodeIgniter.php(927): App\Controllers\Storage->index()
 4 SYSTEMPATH\CodeIgniter.php(482): CodeIgniter\CodeIgniter->runController(Object(App\Controllers\Storage))
 5 SYSTEMPATH\CodeIgniter.php(351): CodeIgniter\CodeIgniter->handleRequest(null, Object(Config\Cache), false)
 6 FCPATH\index.php(67): CodeIgniter\CodeIgniter->run()
 7 SYSTEMPATH\Commands\Server\rewrite.php(46): require_once('FCPATH\\index.php')
CRITICAL - 2022-12-23 02:07:23 --> require(core/autoload.php): failed to open stream: No such file or directory
in APPPATH\ThirdParty\kcfinder\core\bootstrap.php on line 43.
 1 APPPATH\ThirdParty\kcfinder\core\bootstrap.php(43): CodeIgniter\Debug\Exceptions->errorHandler(2, 'require(core/autoload.php): failed to open stream: No such file or directory', 'APPPATH\\ThirdParty\\kcfinder\\core\\bootstrap.php', 43, [...])
 2 APPPATH\ThirdParty\kcfinder\core\bootstrap.php(43): require()
 3 APPPATH\ThirdParty\kcfinder\browse.php(15): require('APPPATH\\ThirdParty\\kcfinder\\core\\bootstrap.php')
 4 APPPATH\ThirdParty\kcfinder\index.php(2): require('APPPATH\\ThirdParty\\kcfinder\\browse.php')
 5 APPPATH\Controllers\Storage.php(12): include('APPPATH\\ThirdParty\\kcfinder\\index.php')
 6 SYSTEMPATH\CodeIgniter.php(927): App\Controllers\Storage->index()
 7 SYSTEMPATH\CodeIgniter.php(482): CodeIgniter\CodeIgniter->runController(Object(App\Controllers\Storage))
 8 SYSTEMPATH\CodeIgniter.php(351): CodeIgniter\CodeIgniter->handleRequest(null, Object(Config\Cache), false)
 9 FCPATH\index.php(67): CodeIgniter\CodeIgniter->run()
10 SYSTEMPATH\Commands\Server\rewrite.php(46): require_once('FCPATH\\index.php')
CRITICAL - 2022-12-23 02:08:28 --> syntax error, unexpected '"core/bootstrap.php"' (T_CONSTANT_ENCAPSED_STRING)
in APPPATH\ThirdParty\kcfinder\browse.php on line 15.
 1 APPPATH\Controllers\Storage.php(12): include()
 2 SYSTEMPATH\CodeIgniter.php(927): App\Controllers\Storage->index()
 3 SYSTEMPATH\CodeIgniter.php(482): CodeIgniter\CodeIgniter->runController(Object(App\Controllers\Storage))
 4 SYSTEMPATH\CodeIgniter.php(351): CodeIgniter\CodeIgniter->handleRequest(null, Object(Config\Cache), false)
 5 FCPATH\index.php(67): CodeIgniter\CodeIgniter->run()
 6 SYSTEMPATH\Commands\Server\rewrite.php(46): require_once('FCPATH\\index.php')
CRITICAL - 2022-12-23 02:09:13 --> require(ThirdParty\kcfinder\core/bootstrap.php): failed to open stream: No such file or directory
in APPPATH\ThirdParty\kcfinder\browse.php on line 15.
 1 APPPATH\ThirdParty\kcfinder\browse.php(15): CodeIgniter\Debug\Exceptions->errorHandler(2, 'require(ThirdParty\\kcfinder\\core/bootstrap.php): failed to open stream: No such file or directory', 'APPPATH\\ThirdParty\\kcfinder\\browse.php', 15, [])
 2 APPPATH\ThirdParty\kcfinder\browse.php(15): require()
 3 APPPATH\ThirdParty\kcfinder\index.php(2): require('APPPATH\\ThirdParty\\kcfinder\\browse.php')
 4 APPPATH\Controllers\Storage.php(12): include('APPPATH\\ThirdParty\\kcfinder\\index.php')
 5 SYSTEMPATH\CodeIgniter.php(927): App\Controllers\Storage->index()
 6 SYSTEMPATH\CodeIgniter.php(482): CodeIgniter\CodeIgniter->runController(Object(App\Controllers\Storage))
 7 SYSTEMPATH\CodeIgniter.php(351): CodeIgniter\CodeIgniter->handleRequest(null, Object(Config\Cache), false)
 8 FCPATH\index.php(67): CodeIgniter\CodeIgniter->run()
 9 SYSTEMPATH\Commands\Server\rewrite.php(46): require_once('FCPATH\\index.php')
CRITICAL - 2022-12-23 02:09:26 --> require(/ThirdParty\kcfinder\core/bootstrap.php): failed to open stream: No such file or directory
in APPPATH\ThirdParty\kcfinder\browse.php on line 15.
 1 APPPATH\ThirdParty\kcfinder\browse.php(15): CodeIgniter\Debug\Exceptions->errorHandler(2, 'require(/ThirdParty\\kcfinder\\core/bootstrap.php): failed to open stream: No such file or directory', 'APPPATH\\ThirdParty\\kcfinder\\browse.php', 15, [])
 2 APPPATH\ThirdParty\kcfinder\browse.php(15): require()
 3 APPPATH\ThirdParty\kcfinder\index.php(2): require('APPPATH\\ThirdParty\\kcfinder\\browse.php')
 4 APPPATH\Controllers\Storage.php(12): include('APPPATH\\ThirdParty\\kcfinder\\index.php')
 5 SYSTEMPATH\CodeIgniter.php(927): App\Controllers\Storage->index()
 6 SYSTEMPATH\CodeIgniter.php(482): CodeIgniter\CodeIgniter->runController(Object(App\Controllers\Storage))
 7 SYSTEMPATH\CodeIgniter.php(351): CodeIgniter\CodeIgniter->handleRequest(null, Object(Config\Cache), false)
 8 FCPATH\index.php(67): CodeIgniter\CodeIgniter->run()
 9 SYSTEMPATH\Commands\Server\rewrite.php(46): require_once('FCPATH\\index.php')
CRITICAL - 2022-12-23 02:09:41 --> require(./ThirdParty\kcfinder\core/bootstrap.php): failed to open stream: No such file or directory
in APPPATH\ThirdParty\kcfinder\browse.php on line 15.
 1 APPPATH\ThirdParty\kcfinder\browse.php(15): CodeIgniter\Debug\Exceptions->errorHandler(2, 'require(./ThirdParty\\kcfinder\\core/bootstrap.php): failed to open stream: No such file or directory', 'APPPATH\\ThirdParty\\kcfinder\\browse.php', 15, [])
 2 APPPATH\ThirdParty\kcfinder\browse.php(15): require()
 3 APPPATH\ThirdParty\kcfinder\index.php(2): require('APPPATH\\ThirdParty\\kcfinder\\browse.php')
 4 APPPATH\Controllers\Storage.php(12): include('APPPATH\\ThirdParty\\kcfinder\\index.php')
 5 SYSTEMPATH\CodeIgniter.php(927): App\Controllers\Storage->index()
 6 SYSTEMPATH\CodeIgniter.php(482): CodeIgniter\CodeIgniter->runController(Object(App\Controllers\Storage))
 7 SYSTEMPATH\CodeIgniter.php(351): CodeIgniter\CodeIgniter->handleRequest(null, Object(Config\Cache), false)
 8 FCPATH\index.php(67): CodeIgniter\CodeIgniter->run()
 9 SYSTEMPATH\Commands\Server\rewrite.php(46): require_once('FCPATH\\index.php')
CRITICAL - 2022-12-23 02:09:59 --> require(E:\htdocs\smkifsu.sch.id\app\ThirdParty\kcfinder./ThirdParty\kcfinder\core/bootstrap.php): failed to open stream: No such file or directory
in APPPATH\ThirdParty\kcfinder\browse.php on line 15.
 1 APPPATH\ThirdParty\kcfinder\browse.php(15): CodeIgniter\Debug\Exceptions->errorHandler(2, 'require(E:\\htdocs\\smkifsu.sch.id\\app\\ThirdParty\\kcfinder./ThirdParty\\kcfinder\\core/bootstrap.php): failed to open stream: No such file or directory', 'APPPATH\\ThirdParty\\kcfinder\\browse.php', 15, [])
 2 APPPATH\ThirdParty\kcfinder\browse.php(15): require()
 3 APPPATH\ThirdParty\kcfinder\index.php(2): require('APPPATH\\ThirdParty\\kcfinder\\browse.php')
 4 APPPATH\Controllers\Storage.php(12): include('APPPATH\\ThirdParty\\kcfinder\\index.php')
 5 SYSTEMPATH\CodeIgniter.php(927): App\Controllers\Storage->index()
 6 SYSTEMPATH\CodeIgniter.php(482): CodeIgniter\CodeIgniter->runController(Object(App\Controllers\Storage))
 7 SYSTEMPATH\CodeIgniter.php(351): CodeIgniter\CodeIgniter->handleRequest(null, Object(Config\Cache), false)
 8 FCPATH\index.php(67): CodeIgniter\CodeIgniter->run()
 9 SYSTEMPATH\Commands\Server\rewrite.php(46): require_once('FCPATH\\index.php')
CRITICAL - 2022-12-23 02:10:38 --> require(core/autoload.php): failed to open stream: No such file or directory
in APPPATH\ThirdParty\kcfinder\core\bootstrap.php on line 43.
 1 APPPATH\ThirdParty\kcfinder\core\bootstrap.php(43): CodeIgniter\Debug\Exceptions->errorHandler(2, 'require(core/autoload.php): failed to open stream: No such file or directory', 'APPPATH\\ThirdParty\\kcfinder\\core\\bootstrap.php', 43, [...])
 2 APPPATH\ThirdParty\kcfinder\core\bootstrap.php(43): require()
 3 APPPATH\ThirdParty\kcfinder\browse.php(15): require('APPPATH\\ThirdParty\\kcfinder\\core\\bootstrap.php')
 4 APPPATH\ThirdParty\kcfinder\index.php(2): require('APPPATH\\ThirdParty\\kcfinder\\browse.php')
 5 APPPATH\Controllers\Storage.php(12): include('APPPATH\\ThirdParty\\kcfinder\\index.php')
 6 SYSTEMPATH\CodeIgniter.php(927): App\Controllers\Storage->index()
 7 SYSTEMPATH\CodeIgniter.php(482): CodeIgniter\CodeIgniter->runController(Object(App\Controllers\Storage))
 8 SYSTEMPATH\CodeIgniter.php(351): CodeIgniter\CodeIgniter->handleRequest(null, Object(Config\Cache), false)
 9 FCPATH\index.php(67): CodeIgniter\CodeIgniter->run()
10 SYSTEMPATH\Commands\Server\rewrite.php(46): require_once('FCPATH\\index.php')
CRITICAL - 2022-12-23 02:11:49 --> require(core/autoload.php): failed to open stream: No such file or directory
in APPPATH\ThirdParty\kcfinder\core\bootstrap.php on line 43.
 1 APPPATH\ThirdParty\kcfinder\core\bootstrap.php(43): CodeIgniter\Debug\Exceptions->errorHandler(2, 'require(core/autoload.php): failed to open stream: No such file or directory', 'APPPATH\\ThirdParty\\kcfinder\\core\\bootstrap.php', 43, [...])
 2 APPPATH\ThirdParty\kcfinder\core\bootstrap.php(43): require()
 3 APPPATH\ThirdParty\kcfinder\browse.php(15): require('APPPATH\\ThirdParty\\kcfinder\\core\\bootstrap.php')
 4 APPPATH\ThirdParty\kcfinder\index.php(2): require('APPPATH\\ThirdParty\\kcfinder\\browse.php')
 5 APPPATH\Controllers\Storage.php(12): include('APPPATH\\ThirdParty\\kcfinder\\index.php')
 6 SYSTEMPATH\CodeIgniter.php(927): App\Controllers\Storage->index()
 7 SYSTEMPATH\CodeIgniter.php(482): CodeIgniter\CodeIgniter->runController(Object(App\Controllers\Storage))
 8 SYSTEMPATH\CodeIgniter.php(351): CodeIgniter\CodeIgniter->handleRequest(null, Object(Config\Cache), false)
 9 FCPATH\index.php(67): CodeIgniter\CodeIgniter->run()
10 SYSTEMPATH\Commands\Server\rewrite.php(46): require_once('FCPATH\\index.php')
CRITICAL - 2022-12-23 02:13:00 --> require(E:\htdocs\smkifsu.sch.id\app\ThirdParty\kcfinder\core\core/autoload.php): failed to open stream: No such file or directory
in APPPATH\ThirdParty\kcfinder\core\bootstrap.php on line 44.
 1 APPPATH\ThirdParty\kcfinder\core\bootstrap.php(44): CodeIgniter\Debug\Exceptions->errorHandler(2, 'require(E:\\htdocs\\smkifsu.sch.id\\app\\ThirdParty\\kcfinder\\core\\core/autoload.php): failed to open stream: No such file or directory', 'APPPATH\\ThirdParty\\kcfinder\\core\\bootstrap.php', 44, [...])
 2 APPPATH\ThirdParty\kcfinder\core\bootstrap.php(44): require()
 3 APPPATH\ThirdParty\kcfinder\browse.php(15): require('APPPATH\\ThirdParty\\kcfinder\\core\\bootstrap.php')
 4 APPPATH\ThirdParty\kcfinder\index.php(2): require('APPPATH\\ThirdParty\\kcfinder\\browse.php')
 5 APPPATH\Controllers\Storage.php(12): include('APPPATH\\ThirdParty\\kcfinder\\index.php')
 6 SYSTEMPATH\CodeIgniter.php(927): App\Controllers\Storage->index()
 7 SYSTEMPATH\CodeIgniter.php(482): CodeIgniter\CodeIgniter->runController(Object(App\Controllers\Storage))
 8 SYSTEMPATH\CodeIgniter.php(351): CodeIgniter\CodeIgniter->handleRequest(null, Object(Config\Cache), false)
 9 FCPATH\index.php(67): CodeIgniter\CodeIgniter->run()
10 SYSTEMPATH\Commands\Server\rewrite.php(46): require_once('FCPATH\\index.php')
CRITICAL - 2022-12-23 02:13:34 --> require(E:\htdocs\smkifsu.sch.id\app\ThirdParty\kcfinder\core): failed to open stream: Permission denied
in APPPATH\ThirdParty\kcfinder\core\autoload.php on line 14.
 1 APPPATH\ThirdParty\kcfinder\core\autoload.php(14): CodeIgniter\Debug\Exceptions->errorHandler(2, 'require(E:\\htdocs\\smkifsu.sch.id\\app\\ThirdParty\\kcfinder\\core): failed to open stream: Permission denied', 'APPPATH\\ThirdParty\\kcfinder\\core\\autoload.php', 14, [...])
 2 APPPATH\ThirdParty\kcfinder\core\autoload.php(14): require()
 3 APPPATH\ThirdParty\kcfinder\core\bootstrap.php(44): require('APPPATH\\ThirdParty\\kcfinder\\core\\autoload.php')
 4 APPPATH\ThirdParty\kcfinder\browse.php(15): require('APPPATH\\ThirdParty\\kcfinder\\core\\bootstrap.php')
 5 APPPATH\ThirdParty\kcfinder\index.php(2): require('APPPATH\\ThirdParty\\kcfinder\\browse.php')
 6 APPPATH\Controllers\Storage.php(12): include('APPPATH\\ThirdParty\\kcfinder\\index.php')
 7 SYSTEMPATH\CodeIgniter.php(927): App\Controllers\Storage->index()
 8 SYSTEMPATH\CodeIgniter.php(482): CodeIgniter\CodeIgniter->runController(Object(App\Controllers\Storage))
 9 SYSTEMPATH\CodeIgniter.php(351): CodeIgniter\CodeIgniter->handleRequest(null, Object(Config\Cache), false)
10 FCPATH\index.php(67): CodeIgniter\CodeIgniter->run()
11 SYSTEMPATH\Commands\Server\rewrite.php(46): require_once('FCPATH\\index.php')
CRITICAL - 2022-12-23 02:14:15 --> Array to string conversion
in APPPATH\ThirdParty\kcfinder\core\autoload.php on line 25.
 1 APPPATH\ThirdParty\kcfinder\core\autoload.php(25): CodeIgniter\Debug\Exceptions->errorHandler(8, 'Array to string conversion', 'APPPATH\\ThirdParty\\kcfinder\\core\\autoload.php', 25, [...])
 2 [internal function]: App\Controllers\Storage->{closure}([...])
 3 APPPATH\ThirdParty\kcfinder\browse.php(17): spl_autoload_call('kcfinder\\browser')
 4 APPPATH\ThirdParty\kcfinder\index.php(2): require('APPPATH\\ThirdParty\\kcfinder\\browse.php')
 5 APPPATH\Controllers\Storage.php(12): include('APPPATH\\ThirdParty\\kcfinder\\index.php')
 6 SYSTEMPATH\CodeIgniter.php(927): App\Controllers\Storage->index()
 7 SYSTEMPATH\CodeIgniter.php(482): CodeIgniter\CodeIgniter->runController(Object(App\Controllers\Storage))
 8 SYSTEMPATH\CodeIgniter.php(351): CodeIgniter\CodeIgniter->handleRequest(null, Object(Config\Cache), false)
 9 FCPATH\index.php(67): CodeIgniter\CodeIgniter->run()
10 SYSTEMPATH\Commands\Server\rewrite.php(46): require_once('FCPATH\\index.php')
CRITICAL - 2022-12-23 02:15:15 --> Undefined variable: dir
in APPPATH\ThirdParty\kcfinder\core\autoload.php on line 25.
 1 APPPATH\ThirdParty\kcfinder\core\autoload.php(25): CodeIgniter\Debug\Exceptions->errorHandler(8, 'Undefined variable: dir', 'APPPATH\\ThirdParty\\kcfinder\\core\\autoload.php', 25, [...])
 2 [internal function]: App\Controllers\Storage->{closure}([...])
 3 APPPATH\ThirdParty\kcfinder\browse.php(17): spl_autoload_call('kcfinder\\browser')
 4 APPPATH\ThirdParty\kcfinder\index.php(2): require('APPPATH\\ThirdParty\\kcfinder\\browse.php')
 5 APPPATH\Controllers\Storage.php(12): include('APPPATH\\ThirdParty\\kcfinder\\index.php')
 6 SYSTEMPATH\CodeIgniter.php(927): App\Controllers\Storage->index()
 7 SYSTEMPATH\CodeIgniter.php(482): CodeIgniter\CodeIgniter->runController(Object(App\Controllers\Storage))
 8 SYSTEMPATH\CodeIgniter.php(351): CodeIgniter\CodeIgniter->handleRequest(null, Object(Config\Cache), false)
 9 FCPATH\index.php(67): CodeIgniter\CodeIgniter->run()
10 SYSTEMPATH\Commands\Server\rewrite.php(46): require_once('FCPATH\\index.php')
CRITICAL - 2022-12-23 02:16:05 --> Undefined variable: dirdir
in APPPATH\ThirdParty\kcfinder\core\autoload.php on line 25.
 1 APPPATH\ThirdParty\kcfinder\core\autoload.php(25): CodeIgniter\Debug\Exceptions->errorHandler(8, 'Undefined variable: dirdir', 'APPPATH\\ThirdParty\\kcfinder\\core\\autoload.php', 25, [...])
 2 [internal function]: App\Controllers\Storage->{closure}([...])
 3 APPPATH\ThirdParty\kcfinder\browse.php(17): spl_autoload_call('kcfinder\\browser')
 4 APPPATH\ThirdParty\kcfinder\index.php(2): require('APPPATH\\ThirdParty\\kcfinder\\browse.php')
 5 APPPATH\Controllers\Storage.php(12): include('APPPATH\\ThirdParty\\kcfinder\\index.php')
 6 SYSTEMPATH\CodeIgniter.php(927): App\Controllers\Storage->index()
 7 SYSTEMPATH\CodeIgniter.php(482): CodeIgniter\CodeIgniter->runController(Object(App\Controllers\Storage))
 8 SYSTEMPATH\CodeIgniter.php(351): CodeIgniter\CodeIgniter->handleRequest(null, Object(Config\Cache), false)
 9 FCPATH\index.php(67): CodeIgniter\CodeIgniter->run()
10 SYSTEMPATH\Commands\Server\rewrite.php(46): require_once('FCPATH\\index.php')
CRITICAL - 2022-12-23 02:16:25 --> require(core/class/browser.php): failed to open stream: No such file or directory
in APPPATH\ThirdParty\kcfinder\core\autoload.php on line 26.
 1 APPPATH\ThirdParty\kcfinder\core\autoload.php(26): CodeIgniter\Debug\Exceptions->errorHandler(2, 'require(core/class/browser.php): failed to open stream: No such file or directory', 'APPPATH\\ThirdParty\\kcfinder\\core\\autoload.php', 26, [...])
 2 APPPATH\ThirdParty\kcfinder\core\autoload.php(26): require()
 3 [internal function]: App\Controllers\Storage->{closure}([...])
 4 APPPATH\ThirdParty\kcfinder\browse.php(17): spl_autoload_call('kcfinder\\browser')
 5 APPPATH\ThirdParty\kcfinder\index.php(2): require('APPPATH\\ThirdParty\\kcfinder\\browse.php')
 6 APPPATH\Controllers\Storage.php(12): include('APPPATH\\ThirdParty\\kcfinder\\index.php')
 7 SYSTEMPATH\CodeIgniter.php(927): App\Controllers\Storage->index()
 8 SYSTEMPATH\CodeIgniter.php(482): CodeIgniter\CodeIgniter->runController(Object(App\Controllers\Storage))
 9 SYSTEMPATH\CodeIgniter.php(351): CodeIgniter\CodeIgniter->handleRequest(null, Object(Config\Cache), false)
10 FCPATH\index.php(67): CodeIgniter\CodeIgniter->run()
11 SYSTEMPATH\Commands\Server\rewrite.php(46): require_once('FCPATH\\index.php')
CRITICAL - 2022-12-23 02:30:54 --> Call to undefined method CodeIgniter\View\View::extends()
in APPPATH\Views\storage.php on line 2.
 1 SYSTEMPATH\View\View.php(213): include()
 2 SYSTEMPATH\View\View.php(216): CodeIgniter\View\View->CodeIgniter\View\{closure}()
 3 SYSTEMPATH\Common.php(1135): CodeIgniter\View\View->render('storage', [], true)
 4 APPPATH\Controllers\Storage.php(21): view('storage', [...])
 5 SYSTEMPATH\CodeIgniter.php(927): App\Controllers\Storage->index()
 6 SYSTEMPATH\CodeIgniter.php(482): CodeIgniter\CodeIgniter->runController(Object(App\Controllers\Storage))
 7 SYSTEMPATH\CodeIgniter.php(351): CodeIgniter\CodeIgniter->handleRequest(null, Object(Config\Cache), false)
 8 FCPATH\index.php(67): CodeIgniter\CodeIgniter->run()
 9 SYSTEMPATH\Commands\Server\rewrite.php(46): require_once('FCPATH\\index.php')
CRITICAL - 2022-12-23 02:30:56 --> Call to undefined method CodeIgniter\View\View::extends()
in APPPATH\Views\storage.php on line 2.
 1 SYSTEMPATH\View\View.php(213): include()
 2 SYSTEMPATH\View\View.php(216): CodeIgniter\View\View->CodeIgniter\View\{closure}()
 3 SYSTEMPATH\Common.php(1135): CodeIgniter\View\View->render('storage', [], true)
 4 APPPATH\Controllers\Storage.php(21): view('storage', [...])
 5 SYSTEMPATH\CodeIgniter.php(927): App\Controllers\Storage->index()
 6 SYSTEMPATH\CodeIgniter.php(482): CodeIgniter\CodeIgniter->runController(Object(App\Controllers\Storage))
 7 SYSTEMPATH\CodeIgniter.php(351): CodeIgniter\CodeIgniter->handleRequest(null, Object(Config\Cache), false)
 8 FCPATH\index.php(67): CodeIgniter\CodeIgniter->run()
 9 SYSTEMPATH\Commands\Server\rewrite.php(46): require_once('FCPATH\\index.php')
CRITICAL - 2022-12-23 02:35:30 --> syntax error, unexpected '?>', expecting ')'
in APPPATH\Views\storage.php on line 278.
 1 SYSTEMPATH\View\View.php(216): CodeIgniter\View\View->CodeIgniter\View\{closure}()
 2 SYSTEMPATH\Common.php(1135): CodeIgniter\View\View->render('storage', [], true)
 3 APPPATH\Controllers\Storage.php(20): view('storage', [...])
 4 SYSTEMPATH\CodeIgniter.php(927): App\Controllers\Storage->index()
 5 SYSTEMPATH\CodeIgniter.php(482): CodeIgniter\CodeIgniter->runController(Object(App\Controllers\Storage))
 6 SYSTEMPATH\CodeIgniter.php(351): CodeIgniter\CodeIgniter->handleRequest(null, Object(Config\Cache), false)
 7 FCPATH\index.php(67): CodeIgniter\CodeIgniter->run()
 8 SYSTEMPATH\Commands\Server\rewrite.php(46): require_once('FCPATH\\index.php')
CRITICAL - 2022-12-23 02:58:47 --> There is no data to update.
in SYSTEMPATH\BaseModel.php on line 1598.
 1 SYSTEMPATH\BaseModel.php(1598): CodeIgniter\Database\Exceptions\DataException::forEmptyDataset('update')
 2 SYSTEMPATH\BaseModel.php(853): CodeIgniter\BaseModel->transformDataToArray(null, 'update')
 3 SYSTEMPATH\Model.php(693): CodeIgniter\BaseModel->update([...], null)
 4 APPPATH\Controllers\Admin\Post.php(120): CodeIgniter\Model->update([...])
 5 SYSTEMPATH\CodeIgniter.php(927): App\Controllers\Admin\Post->update('1')
 6 SYSTEMPATH\CodeIgniter.php(482): CodeIgniter\CodeIgniter->runController(Object(App\Controllers\Admin\Post))
 7 SYSTEMPATH\CodeIgniter.php(351): CodeIgniter\CodeIgniter->handleRequest(null, Object(Config\Cache), false)
 8 FCPATH\index.php(67): CodeIgniter\CodeIgniter->run()
 9 SYSTEMPATH\Commands\Server\rewrite.php(46): require_once('FCPATH\\index.php')
CRITICAL - 2022-12-23 02:59:15 --> There is no data to update.
in SYSTEMPATH\BaseModel.php on line 1598.
 1 SYSTEMPATH\BaseModel.php(1598): CodeIgniter\Database\Exceptions\DataException::forEmptyDataset('update')
 2 SYSTEMPATH\BaseModel.php(853): CodeIgniter\BaseModel->transformDataToArray(null, 'update')
 3 SYSTEMPATH\Model.php(693): CodeIgniter\BaseModel->update([...], null)
 4 APPPATH\Controllers\Admin\Post.php(120): CodeIgniter\Model->update([...])
 5 SYSTEMPATH\CodeIgniter.php(927): App\Controllers\Admin\Post->update('1')
 6 SYSTEMPATH\CodeIgniter.php(482): CodeIgniter\CodeIgniter->runController(Object(App\Controllers\Admin\Post))
 7 SYSTEMPATH\CodeIgniter.php(351): CodeIgniter\CodeIgniter->handleRequest(null, Object(Config\Cache), false)
 8 FCPATH\index.php(67): CodeIgniter\CodeIgniter->run()
 9 SYSTEMPATH\Commands\Server\rewrite.php(46): require_once('FCPATH\\index.php')
CRITICAL - 2022-12-23 02:59:44 --> There is no data to update.
in SYSTEMPATH\BaseModel.php on line 1598.
 1 SYSTEMPATH\BaseModel.php(1598): CodeIgniter\Database\Exceptions\DataException::forEmptyDataset('update')
 2 SYSTEMPATH\BaseModel.php(853): CodeIgniter\BaseModel->transformDataToArray(null, 'update')
 3 SYSTEMPATH\Model.php(693): CodeIgniter\BaseModel->update([...], null)
 4 APPPATH\Controllers\Admin\Post.php(122): CodeIgniter\Model->update([...])
 5 SYSTEMPATH\CodeIgniter.php(927): App\Controllers\Admin\Post->update('1')
 6 SYSTEMPATH\CodeIgniter.php(482): CodeIgniter\CodeIgniter->runController(Object(App\Controllers\Admin\Post))
 7 SYSTEMPATH\CodeIgniter.php(351): CodeIgniter\CodeIgniter->handleRequest(null, Object(Config\Cache), false)
 8 FCPATH\index.php(67): CodeIgniter\CodeIgniter->run()
 9 SYSTEMPATH\Commands\Server\rewrite.php(46): require_once('FCPATH\\index.php')
CRITICAL - 2022-12-23 02:59:52 --> There is no data to update.
in SYSTEMPATH\BaseModel.php on line 1598.
 1 SYSTEMPATH\BaseModel.php(1598): CodeIgniter\Database\Exceptions\DataException::forEmptyDataset('update')
 2 SYSTEMPATH\BaseModel.php(853): CodeIgniter\BaseModel->transformDataToArray(null, 'update')
 3 SYSTEMPATH\Model.php(693): CodeIgniter\BaseModel->update([...], null)
 4 APPPATH\Controllers\Admin\Post.php(121): CodeIgniter\Model->update([...])
 5 SYSTEMPATH\CodeIgniter.php(927): App\Controllers\Admin\Post->update('1')
 6 SYSTEMPATH\CodeIgniter.php(482): CodeIgniter\CodeIgniter->runController(Object(App\Controllers\Admin\Post))
 7 SYSTEMPATH\CodeIgniter.php(351): CodeIgniter\CodeIgniter->handleRequest(null, Object(Config\Cache), false)
 8 FCPATH\index.php(67): CodeIgniter\CodeIgniter->run()
 9 SYSTEMPATH\Commands\Server\rewrite.php(46): require_once('FCPATH\\index.php')
CRITICAL - 2022-12-23 03:00:07 --> There is no data to update.
in SYSTEMPATH\BaseModel.php on line 1598.
 1 SYSTEMPATH\BaseModel.php(1598): CodeIgniter\Database\Exceptions\DataException::forEmptyDataset('update')
 2 SYSTEMPATH\BaseModel.php(853): CodeIgniter\BaseModel->transformDataToArray(null, 'update')
 3 SYSTEMPATH\Model.php(693): CodeIgniter\BaseModel->update([...], null)
 4 APPPATH\Controllers\Admin\Post.php(121): CodeIgniter\Model->update([...])
 5 SYSTEMPATH\CodeIgniter.php(927): App\Controllers\Admin\Post->update('1')
 6 SYSTEMPATH\CodeIgniter.php(482): CodeIgniter\CodeIgniter->runController(Object(App\Controllers\Admin\Post))
 7 SYSTEMPATH\CodeIgniter.php(351): CodeIgniter\CodeIgniter->handleRequest(null, Object(Config\Cache), false)
 8 FCPATH\index.php(67): CodeIgniter\CodeIgniter->run()
 9 SYSTEMPATH\Commands\Server\rewrite.php(46): require_once('FCPATH\\index.php')
CRITICAL - 2022-12-23 03:00:30 --> There is no data to update.
in SYSTEMPATH\BaseModel.php on line 1598.
 1 SYSTEMPATH\BaseModel.php(1598): CodeIgniter\Database\Exceptions\DataException::forEmptyDataset('update')
 2 SYSTEMPATH\BaseModel.php(853): CodeIgniter\BaseModel->transformDataToArray(null, 'update')
 3 SYSTEMPATH\Model.php(693): CodeIgniter\BaseModel->update([...], null)
 4 APPPATH\Controllers\Admin\Post.php(122): CodeIgniter\Model->update([...])
 5 SYSTEMPATH\CodeIgniter.php(927): App\Controllers\Admin\Post->update('1')
 6 SYSTEMPATH\CodeIgniter.php(482): CodeIgniter\CodeIgniter->runController(Object(App\Controllers\Admin\Post))
 7 SYSTEMPATH\CodeIgniter.php(351): CodeIgniter\CodeIgniter->handleRequest(null, Object(Config\Cache), false)
 8 FCPATH\index.php(67): CodeIgniter\CodeIgniter->run()
 9 SYSTEMPATH\Commands\Server\rewrite.php(46): require_once('FCPATH\\index.php')
CRITICAL - 2022-12-23 03:03:42 --> syntax error, unexpected 'if' (T_IF)
in APPPATH\Controllers\Admin\Post.php on line 132.
 1 SYSTEMPATH\Autoloader\Autoloader.php(259): CodeIgniter\Autoloader\Autoloader->includeFile('APPPATH\\Controllers\\Admin\\Post.php')
 2 SYSTEMPATH\Autoloader\Autoloader.php(237): CodeIgniter\Autoloader\Autoloader->loadInNamespace('App\\Controllers\\Admin\\Post')
 3 [internal function]: CodeIgniter\Autoloader\Autoloader->loadClass('App\\Controllers\\Admin\\Post')
 4 [internal function]: spl_autoload_call('App\\Controllers\\Admin\\Post')
 5 SYSTEMPATH\CodeIgniter.php(877): class_exists('\\App\\Controllers\\Admin\\Post', true)
 6 SYSTEMPATH\CodeIgniter.php(469): CodeIgniter\CodeIgniter->startController()
 7 SYSTEMPATH\CodeIgniter.php(351): CodeIgniter\CodeIgniter->handleRequest(null, Object(Config\Cache), false)
 8 FCPATH\index.php(67): CodeIgniter\CodeIgniter->run()
 9 SYSTEMPATH\Commands\Server\rewrite.php(46): require_once('FCPATH\\index.php')
CRITICAL - 2022-12-23 03:04:04 --> There is no data to update.
in SYSTEMPATH\BaseModel.php on line 1598.
 1 SYSTEMPATH\BaseModel.php(1598): CodeIgniter\Database\Exceptions\DataException::forEmptyDataset('update')
 2 SYSTEMPATH\BaseModel.php(853): CodeIgniter\BaseModel->transformDataToArray(null, 'update')
 3 SYSTEMPATH\Model.php(693): CodeIgniter\BaseModel->update([...], null)
 4 APPPATH\Controllers\Admin\Post.php(132): CodeIgniter\Model->update([...])
 5 SYSTEMPATH\CodeIgniter.php(927): App\Controllers\Admin\Post->update('1')
 6 SYSTEMPATH\CodeIgniter.php(482): CodeIgniter\CodeIgniter->runController(Object(App\Controllers\Admin\Post))
 7 SYSTEMPATH\CodeIgniter.php(351): CodeIgniter\CodeIgniter->handleRequest(null, Object(Config\Cache), false)
 8 FCPATH\index.php(67): CodeIgniter\CodeIgniter->run()
 9 SYSTEMPATH\Commands\Server\rewrite.php(46): require_once('FCPATH\\index.php')
CRITICAL - 2022-12-23 03:28:45 --> Array to string conversion
in APPPATH\Views\storage.php on line 243.
 1 APPPATH\Views\storage.php(243): CodeIgniter\Debug\Exceptions->errorHandler(8, 'Array to string conversion', 'APPPATH\\Views\\storage.php', 243, [...])
 2 SYSTEMPATH\View\View.php(213): include('APPPATH\\Views\\storage.php')
 3 SYSTEMPATH\View\View.php(216): CodeIgniter\View\View->CodeIgniter\View\{closure}()
 4 SYSTEMPATH\Common.php(1135): CodeIgniter\View\View->render('storage', [], true)
 5 APPPATH\Controllers\Storage.php(20): view('storage', [...])
 6 SYSTEMPATH\CodeIgniter.php(927): App\Controllers\Storage->index()
 7 SYSTEMPATH\CodeIgniter.php(482): CodeIgniter\CodeIgniter->runController(Object(App\Controllers\Storage))
 8 SYSTEMPATH\CodeIgniter.php(351): CodeIgniter\CodeIgniter->handleRequest(null, Object(Config\Cache), false)
 9 FCPATH\index.php(67): CodeIgniter\CodeIgniter->run()
10 SYSTEMPATH\Commands\Server\rewrite.php(46): require_once('FCPATH\\index.php')
CRITICAL - 2022-12-23 03:28:59 --> Array to string conversion
in APPPATH\Views\storage.php on line 243.
 1 APPPATH\Views\storage.php(243): CodeIgniter\Debug\Exceptions->errorHandler(8, 'Array to string conversion', 'APPPATH\\Views\\storage.php', 243, [...])
 2 SYSTEMPATH\View\View.php(213): include('APPPATH\\Views\\storage.php')
 3 SYSTEMPATH\View\View.php(216): CodeIgniter\View\View->CodeIgniter\View\{closure}()
 4 SYSTEMPATH\Common.php(1135): CodeIgniter\View\View->render('storage', [], true)
 5 APPPATH\Controllers\Storage.php(20): view('storage', [...])
 6 SYSTEMPATH\CodeIgniter.php(927): App\Controllers\Storage->index()
 7 SYSTEMPATH\CodeIgniter.php(482): CodeIgniter\CodeIgniter->runController(Object(App\Controllers\Storage))
 8 SYSTEMPATH\CodeIgniter.php(351): CodeIgniter\CodeIgniter->handleRequest(null, Object(Config\Cache), false)
 9 FCPATH\index.php(67): CodeIgniter\CodeIgniter->run()
10 SYSTEMPATH\Commands\Server\rewrite.php(46): require_once('FCPATH\\index.php')
CRITICAL - 2022-12-23 03:29:45 --> Array to string conversion
in APPPATH\Views\storage.php on line 242.
 1 APPPATH\Views\storage.php(242): CodeIgniter\Debug\Exceptions->errorHandler(8, 'Array to string conversion', 'APPPATH\\Views\\storage.php', 242, [...])
 2 SYSTEMPATH\View\View.php(213): include('APPPATH\\Views\\storage.php')
 3 SYSTEMPATH\View\View.php(216): CodeIgniter\View\View->CodeIgniter\View\{closure}()
 4 SYSTEMPATH\Common.php(1135): CodeIgniter\View\View->render('storage', [], true)
 5 APPPATH\Controllers\Storage.php(20): view('storage', [...])
 6 SYSTEMPATH\CodeIgniter.php(927): App\Controllers\Storage->index()
 7 SYSTEMPATH\CodeIgniter.php(482): CodeIgniter\CodeIgniter->runController(Object(App\Controllers\Storage))
 8 SYSTEMPATH\CodeIgniter.php(351): CodeIgniter\CodeIgniter->handleRequest(null, Object(Config\Cache), false)
 9 FCPATH\index.php(67): CodeIgniter\CodeIgniter->run()
10 SYSTEMPATH\Commands\Server\rewrite.php(46): require_once('FCPATH\\index.php')
CRITICAL - 2022-12-23 03:30:10 --> Array to string conversion
in APPPATH\Views\storage.php on line 242.
 1 APPPATH\Views\storage.php(242): CodeIgniter\Debug\Exceptions->errorHandler(8, 'Array to string conversion', 'APPPATH\\Views\\storage.php', 242, [...])
 2 SYSTEMPATH\View\View.php(213): include('APPPATH\\Views\\storage.php')
 3 SYSTEMPATH\View\View.php(216): CodeIgniter\View\View->CodeIgniter\View\{closure}()
 4 SYSTEMPATH\Common.php(1135): CodeIgniter\View\View->render('storage', [], true)
 5 APPPATH\Controllers\Storage.php(20): view('storage', [...])
 6 SYSTEMPATH\CodeIgniter.php(927): App\Controllers\Storage->index()
 7 SYSTEMPATH\CodeIgniter.php(482): CodeIgniter\CodeIgniter->runController(Object(App\Controllers\Storage))
 8 SYSTEMPATH\CodeIgniter.php(351): CodeIgniter\CodeIgniter->handleRequest(null, Object(Config\Cache), false)
 9 FCPATH\index.php(67): CodeIgniter\CodeIgniter->run()
10 SYSTEMPATH\Commands\Server\rewrite.php(46): require_once('FCPATH\\index.php')
CRITICAL - 2022-12-23 03:30:54 --> Array to string conversion
in APPPATH\Views\storage.php on line 242.
 1 APPPATH\Views\storage.php(242): CodeIgniter\Debug\Exceptions->errorHandler(8, 'Array to string conversion', 'APPPATH\\Views\\storage.php', 242, [...])
 2 SYSTEMPATH\View\View.php(213): include('APPPATH\\Views\\storage.php')
 3 SYSTEMPATH\View\View.php(216): CodeIgniter\View\View->CodeIgniter\View\{closure}()
 4 SYSTEMPATH\Common.php(1135): CodeIgniter\View\View->render('storage', [], true)
 5 APPPATH\Controllers\Storage.php(20): view('storage', [...])
 6 SYSTEMPATH\CodeIgniter.php(927): App\Controllers\Storage->index()
 7 SYSTEMPATH\CodeIgniter.php(482): CodeIgniter\CodeIgniter->runController(Object(App\Controllers\Storage))
 8 SYSTEMPATH\CodeIgniter.php(351): CodeIgniter\CodeIgniter->handleRequest(null, Object(Config\Cache), false)
 9 FCPATH\index.php(67): CodeIgniter\CodeIgniter->run()
10 SYSTEMPATH\Commands\Server\rewrite.php(46): require_once('FCPATH\\index.php')
CRITICAL - 2022-12-23 03:33:00 --> trim() expects parameter 1 to be string, array given
in APPPATH\Views\storage.php on line 243.
 1 [internal function]: CodeIgniter\Debug\Exceptions->errorHandler(2, 'trim() expects parameter 1 to be string, array given', 'APPPATH\\Views\\storage.php', 243, [...])
 2 APPPATH\Views\storage.php(243): trim([], 'E:\\')
 3 SYSTEMPATH\View\View.php(213): include('APPPATH\\Views\\storage.php')
 4 SYSTEMPATH\View\View.php(216): CodeIgniter\View\View->CodeIgniter\View\{closure}()
 5 SYSTEMPATH\Common.php(1135): CodeIgniter\View\View->render('storage', [], true)
 6 APPPATH\Controllers\Storage.php(20): view('storage', [...])
 7 SYSTEMPATH\CodeIgniter.php(927): App\Controllers\Storage->index()
 8 SYSTEMPATH\CodeIgniter.php(482): CodeIgniter\CodeIgniter->runController(Object(App\Controllers\Storage))
 9 SYSTEMPATH\CodeIgniter.php(351): CodeIgniter\CodeIgniter->handleRequest(null, Object(Config\Cache), false)
10 FCPATH\index.php(67): CodeIgniter\CodeIgniter->run()
11 SYSTEMPATH\Commands\Server\rewrite.php(46): require_once('FCPATH\\index.php')
CRITICAL - 2022-12-23 03:34:52 --> syntax error, unexpected '<'
in APPPATH\Views\storage.php on line 242.
 1 SYSTEMPATH\View\View.php(216): CodeIgniter\View\View->CodeIgniter\View\{closure}()
 2 SYSTEMPATH\Common.php(1135): CodeIgniter\View\View->render('storage', [], true)
 3 APPPATH\Controllers\Storage.php(20): view('storage', [...])
 4 SYSTEMPATH\CodeIgniter.php(927): App\Controllers\Storage->index()
 5 SYSTEMPATH\CodeIgniter.php(482): CodeIgniter\CodeIgniter->runController(Object(App\Controllers\Storage))
 6 SYSTEMPATH\CodeIgniter.php(351): CodeIgniter\CodeIgniter->handleRequest(null, Object(Config\Cache), false)
 7 FCPATH\index.php(67): CodeIgniter\CodeIgniter->run()
 8 SYSTEMPATH\Commands\Server\rewrite.php(46): require_once('FCPATH\\index.php')
CRITICAL - 2022-12-23 04:13:03 --> Undefined variable: dir
in APPPATH\Views\storage.php on line 241.
 1 APPPATH\Views\storage.php(241): CodeIgniter\Debug\Exceptions->errorHandler(8, 'Undefined variable: dir', 'APPPATH\\Views\\storage.php', 241, [...])
 2 SYSTEMPATH\View\View.php(213): include('APPPATH\\Views\\storage.php')
 3 SYSTEMPATH\View\View.php(216): CodeIgniter\View\View->CodeIgniter\View\{closure}()
 4 SYSTEMPATH\Common.php(1135): CodeIgniter\View\View->render('storage', [], true)
 5 APPPATH\Controllers\Storage.php(20): view('storage', [...])
 6 SYSTEMPATH\CodeIgniter.php(927): App\Controllers\Storage->index()
 7 SYSTEMPATH\CodeIgniter.php(482): CodeIgniter\CodeIgniter->runController(Object(App\Controllers\Storage))
 8 SYSTEMPATH\CodeIgniter.php(351): CodeIgniter\CodeIgniter->handleRequest(null, Object(Config\Cache), false)
 9 FCPATH\index.php(67): CodeIgniter\CodeIgniter->run()
10 SYSTEMPATH\Commands\Server\rewrite.php(46): require_once('FCPATH\\index.php')
CRITICAL - 2022-12-23 04:44:48 --> filesize(): stat failed for logo-removebg-preview.png
in APPPATH\Views\storage.php on line 266.
 1 [internal function]: CodeIgniter\Debug\Exceptions->errorHandler(2, 'filesize(): stat failed for logo-removebg-preview.png', 'APPPATH\\Views\\storage.php', 266, [...])
 2 APPPATH\Views\storage.php(266): filesize('logo-removebg-preview.png')
 3 SYSTEMPATH\View\View.php(213): include('APPPATH\\Views\\storage.php')
 4 SYSTEMPATH\View\View.php(216): CodeIgniter\View\View->CodeIgniter\View\{closure}()
 5 SYSTEMPATH\Common.php(1135): CodeIgniter\View\View->render('storage', [], true)
 6 APPPATH\Controllers\Storage.php(19): view('storage', [...])
 7 SYSTEMPATH\CodeIgniter.php(927): App\Controllers\Storage->index()
 8 SYSTEMPATH\CodeIgniter.php(482): CodeIgniter\CodeIgniter->runController(Object(App\Controllers\Storage))
 9 SYSTEMPATH\CodeIgniter.php(351): CodeIgniter\CodeIgniter->handleRequest(null, Object(Config\Cache), false)
10 FCPATH\index.php(67): CodeIgniter\CodeIgniter->run()
11 SYSTEMPATH\Commands\Server\rewrite.php(46): require_once('FCPATH\\index.php')
CRITICAL - 2022-12-23 05:29:35 --> Maximum execution time of 60 seconds exceeded
in SYSTEMPATH\Debug\Toolbar\Collectors\Database.php on line 252.
 1 [internal function]: CodeIgniter\Debug\Exceptions->shutdownHandler()
