CRITICAL - 2023-01-06 09:12:51 --> Invalid file: admin/jurusan/all.php
in SYSTEMPATH\Exceptions\FrameworkException.php on line 33.
 1 SYSTEMPATH\View\View.php(201): CodeIgniter\Exceptions\FrameworkException::forInvalidFile('admin/jurusan/all.php')
 2 SYSTEMPATH\Common.php(1135): CodeIgniter\View\View->render('admin/jurusan/all', [], true)
 3 APPPATH\Controllers\Admin\KompetensiKeahlian.php(11): view('admin/jurusan/all', [...])
 4 SYSTEMPATH\CodeIgniter.php(927): App\Controllers\Admin\KompetensiKeahlian->index()
 5 SYSTEMPATH\CodeIgniter.php(482): CodeIgniter\CodeIgniter->runController(Object(App\Controllers\Admin\KompetensiKeahlian))
 6 SYSTEMPATH\CodeIgniter.php(351): CodeIgniter\CodeIgniter->handleRequest(null, Object(Config\Cache), false)
 7 FCPATH\index.php(67): CodeIgniter\CodeIgniter->run()
 8 SYSTEMPATH\Commands\Server\rewrite.php(46): require_once('FCPATH\\index.php')
CRITICAL - 2023-01-06 21:17:21 --> Call to undefined method CodeIgniter\View\View::extends()
in APPPATH\Views\frontend\home.php on line 1.
 1 SYSTEMPATH\View\View.php(213): include()
 2 SYSTEMPATH\View\View.php(216): CodeIgniter\View\View->CodeIgniter\View\{closure}()
 3 SYSTEMPATH\Common.php(1135): CodeIgniter\View\View->render('frontend/home', [], true)
 4 APPPATH\Controllers\Home.php(9): view('frontend/home')
 5 SYSTEMPATH\CodeIgniter.php(927): App\Controllers\Home->index()
 6 SYSTEMPATH\CodeIgniter.php(482): CodeIgniter\CodeIgniter->runController(Object(App\Controllers\Home))
 7 SYSTEMPATH\CodeIgniter.php(351): CodeIgniter\CodeIgniter->handleRequest(null, Object(Config\Cache), false)
 8 FCPATH\index.php(67): CodeIgniter\CodeIgniter->run()
 9 SYSTEMPATH\Commands\Server\rewrite.php(46): require_once('FCPATH\\index.php')
CRITICAL - 2023-01-06 21:27:46 --> Class 'App\Controllers\App\Models\Posts' not found
in APPPATH\Controllers\Home.php on line 9.
 1 SYSTEMPATH\CodeIgniter.php(927): App\Controllers\Home->index()
 2 SYSTEMPATH\CodeIgniter.php(482): CodeIgniter\CodeIgniter->runController(Object(App\Controllers\Home))
 3 SYSTEMPATH\CodeIgniter.php(351): CodeIgniter\CodeIgniter->handleRequest(null, Object(Config\Cache), false)
 4 FCPATH\index.php(67): CodeIgniter\CodeIgniter->run()
 5 SYSTEMPATH\Commands\Server\rewrite.php(46): require_once('FCPATH\\index.php')
ERROR - 2023-01-06 21:28:07 --> Error connecting to the database: mysqli_sql_exception: No connection could be made because the target machine actively refused it.
 in E:\web\project\smkifsu.sch.id\system\Database\MySQLi\Connection.php:171
Stack trace:
#0 E:\web\project\smkifsu.sch.id\system\Database\MySQLi\Connection.php(171): mysqli->real_connect('localhost', 'root', '', 'digiifsu', 3306, '', 0)
#1 E:\web\project\smkifsu.sch.id\system\Database\BaseConnection.php(382): CodeIgniter\Database\MySQLi\Connection->connect(false)
#2 E:\web\project\smkifsu.sch.id\system\Database\BaseConnection.php(561): CodeIgniter\Database\BaseConnection->initialize()
#3 E:\web\project\smkifsu.sch.id\system\Database\BaseBuilder.php(1585): CodeIgniter\Database\BaseConnection->query('SELECT *\nFROM `...', Array, false)
#4 E:\web\project\smkifsu.sch.id\system\Model.php(772): CodeIgniter\Database\BaseBuilder->get()
#5 E:\web\project\smkifsu.sch.id\app\Controllers\Home.php(10): CodeIgniter\Model->__call('get', Array)
#6 E:\web\project\smkifsu.sch.id\system\CodeIgniter.php(927): App\Controllers\Home->index()
#7 E:\web\project\smkifsu.sch.id\system\CodeIgniter.php(482): CodeIgniter\CodeIgniter->runController(Object(App\Controllers\Home))
#8 E:\web\project\smkifsu.sch.id\system\CodeIgniter.php(351): CodeIgniter\CodeIgniter->handleRequest(NULL, Object(Config\Cache), false)
#9 E:\web\project\smkifsu.sch.id\public\index.php(67): CodeIgniter\CodeIgniter->run()
#10 E:\web\project\smkifsu.sch.id\system\Commands\Server\rewrite.php(46): require_once('E:\\web\\project\\...')
#11 {main}

Next CodeIgniter\Database\Exceptions\DatabaseException: No connection could be made because the target machine actively refused it.
 in E:\web\project\smkifsu.sch.id\system\Database\MySQLi\Connection.php:215
Stack trace:
#0 E:\web\project\smkifsu.sch.id\system\Database\BaseConnection.php(382): CodeIgniter\Database\MySQLi\Connection->connect(false)
#1 E:\web\project\smkifsu.sch.id\system\Database\BaseConnection.php(561): CodeIgniter\Database\BaseConnection->initialize()
#2 E:\web\project\smkifsu.sch.id\system\Database\BaseBuilder.php(1585): CodeIgniter\Database\BaseConnection->query('SELECT *\nFROM `...', Array, false)
#3 E:\web\project\smkifsu.sch.id\system\Model.php(772): CodeIgniter\Database\BaseBuilder->get()
#4 E:\web\project\smkifsu.sch.id\app\Controllers\Home.php(10): CodeIgniter\Model->__call('get', Array)
#5 E:\web\project\smkifsu.sch.id\system\CodeIgniter.php(927): App\Controllers\Home->index()
#6 E:\web\project\smkifsu.sch.id\system\CodeIgniter.php(482): CodeIgniter\CodeIgniter->runController(Object(App\Controllers\Home))
#7 E:\web\project\smkifsu.sch.id\system\CodeIgniter.php(351): CodeIgniter\CodeIgniter->handleRequest(NULL, Object(Config\Cache), false)
#8 E:\web\project\smkifsu.sch.id\public\index.php(67): CodeIgniter\CodeIgniter->run()
#9 E:\web\project\smkifsu.sch.id\system\Commands\Server\rewrite.php(46): require_once('E:\\web\\project\\...')
#10 {main}
CRITICAL - 2023-01-06 21:28:07 --> Unable to connect to the database.
Main connection [MySQLi]: No connection could be made because the target machine actively refused it.

in SYSTEMPATH\Database\BaseConnection.php on line 418.
 1 SYSTEMPATH\Database\BaseConnection.php(561): CodeIgniter\Database\BaseConnection->initialize()
 2 SYSTEMPATH\Database\BaseBuilder.php(1585): CodeIgniter\Database\BaseConnection->query('SELECT *
FROM `tb_post`', [], false)
 3 SYSTEMPATH\Model.php(772): CodeIgniter\Database\BaseBuilder->get()
 4 APPPATH\Controllers\Home.php(10): CodeIgniter\Model->__call('get', [])
 5 SYSTEMPATH\CodeIgniter.php(927): App\Controllers\Home->index()
 6 SYSTEMPATH\CodeIgniter.php(482): CodeIgniter\CodeIgniter->runController(Object(App\Controllers\Home))
 7 SYSTEMPATH\CodeIgniter.php(351): CodeIgniter\CodeIgniter->handleRequest(null, Object(Config\Cache), false)
 8 FCPATH\index.php(67): CodeIgniter\CodeIgniter->run()
 9 SYSTEMPATH\Commands\Server\rewrite.php(46): require_once('FCPATH\\index.php')
ERROR - 2023-01-06 21:28:33 --> Error connecting to the database: mysqli_sql_exception: No connection could be made because the target machine actively refused it.
 in E:\web\project\smkifsu.sch.id\system\Database\MySQLi\Connection.php:171
Stack trace:
#0 E:\web\project\smkifsu.sch.id\system\Database\MySQLi\Connection.php(171): mysqli->real_connect('localhost', 'root', '', 'digiifsu', 3306, '', 0)
#1 E:\web\project\smkifsu.sch.id\system\Database\BaseConnection.php(382): CodeIgniter\Database\MySQLi\Connection->connect(false)
#2 E:\web\project\smkifsu.sch.id\system\Database\BaseConnection.php(561): CodeIgniter\Database\BaseConnection->initialize()
#3 E:\web\project\smkifsu.sch.id\system\Database\BaseBuilder.php(1585): CodeIgniter\Database\BaseConnection->query('SELECT *\nFROM `...', Array, false)
#4 E:\web\project\smkifsu.sch.id\system\Model.php(772): CodeIgniter\Database\BaseBuilder->get()
#5 E:\web\project\smkifsu.sch.id\app\Controllers\Home.php(11): CodeIgniter\Model->__call('get', Array)
#6 E:\web\project\smkifsu.sch.id\system\CodeIgniter.php(927): App\Controllers\Home->index()
#7 E:\web\project\smkifsu.sch.id\system\CodeIgniter.php(482): CodeIgniter\CodeIgniter->runController(Object(App\Controllers\Home))
#8 E:\web\project\smkifsu.sch.id\system\CodeIgniter.php(351): CodeIgniter\CodeIgniter->handleRequest(NULL, Object(Config\Cache), false)
#9 E:\web\project\smkifsu.sch.id\public\index.php(67): CodeIgniter\CodeIgniter->run()
#10 E:\web\project\smkifsu.sch.id\system\Commands\Server\rewrite.php(46): require_once('E:\\web\\project\\...')
#11 {main}

Next CodeIgniter\Database\Exceptions\DatabaseException: No connection could be made because the target machine actively refused it.
 in E:\web\project\smkifsu.sch.id\system\Database\MySQLi\Connection.php:215
Stack trace:
#0 E:\web\project\smkifsu.sch.id\system\Database\BaseConnection.php(382): CodeIgniter\Database\MySQLi\Connection->connect(false)
#1 E:\web\project\smkifsu.sch.id\system\Database\BaseConnection.php(561): CodeIgniter\Database\BaseConnection->initialize()
#2 E:\web\project\smkifsu.sch.id\system\Database\BaseBuilder.php(1585): CodeIgniter\Database\BaseConnection->query('SELECT *\nFROM `...', Array, false)
#3 E:\web\project\smkifsu.sch.id\system\Model.php(772): CodeIgniter\Database\BaseBuilder->get()
#4 E:\web\project\smkifsu.sch.id\app\Controllers\Home.php(11): CodeIgniter\Model->__call('get', Array)
#5 E:\web\project\smkifsu.sch.id\system\CodeIgniter.php(927): App\Controllers\Home->index()
#6 E:\web\project\smkifsu.sch.id\system\CodeIgniter.php(482): CodeIgniter\CodeIgniter->runController(Object(App\Controllers\Home))
#7 E:\web\project\smkifsu.sch.id\system\CodeIgniter.php(351): CodeIgniter\CodeIgniter->handleRequest(NULL, Object(Config\Cache), false)
#8 E:\web\project\smkifsu.sch.id\public\index.php(67): CodeIgniter\CodeIgniter->run()
#9 E:\web\project\smkifsu.sch.id\system\Commands\Server\rewrite.php(46): require_once('E:\\web\\project\\...')
#10 {main}
CRITICAL - 2023-01-06 21:28:33 --> Unable to connect to the database.
Main connection [MySQLi]: No connection could be made because the target machine actively refused it.

in SYSTEMPATH\Database\BaseConnection.php on line 418.
 1 SYSTEMPATH\Database\BaseConnection.php(561): CodeIgniter\Database\BaseConnection->initialize()
 2 SYSTEMPATH\Database\BaseBuilder.php(1585): CodeIgniter\Database\BaseConnection->query('SELECT *
FROM `tb_post`', [], false)
 3 SYSTEMPATH\Model.php(772): CodeIgniter\Database\BaseBuilder->get()
 4 APPPATH\Controllers\Home.php(11): CodeIgniter\Model->__call('get', [])
 5 SYSTEMPATH\CodeIgniter.php(927): App\Controllers\Home->index()
 6 SYSTEMPATH\CodeIgniter.php(482): CodeIgniter\CodeIgniter->runController(Object(App\Controllers\Home))
 7 SYSTEMPATH\CodeIgniter.php(351): CodeIgniter\CodeIgniter->handleRequest(null, Object(Config\Cache), false)
 8 FCPATH\index.php(67): CodeIgniter\CodeIgniter->run()
 9 SYSTEMPATH\Commands\Server\rewrite.php(46): require_once('FCPATH\\index.php')
ERROR - 2023-01-06 21:28:47 --> Error connecting to the database: mysqli_sql_exception: No connection could be made because the target machine actively refused it.
 in E:\web\project\smkifsu.sch.id\system\Database\MySQLi\Connection.php:171
Stack trace:
#0 E:\web\project\smkifsu.sch.id\system\Database\MySQLi\Connection.php(171): mysqli->real_connect('localhost', 'root', '', 'digiifsu', 3306, '', 0)
#1 E:\web\project\smkifsu.sch.id\system\Database\BaseConnection.php(382): CodeIgniter\Database\MySQLi\Connection->connect(false)
#2 E:\web\project\smkifsu.sch.id\system\Database\BaseConnection.php(561): CodeIgniter\Database\BaseConnection->initialize()
#3 E:\web\project\smkifsu.sch.id\system\Database\BaseBuilder.php(1585): CodeIgniter\Database\BaseConnection->query('SELECT *\nFROM `...', Array, false)
#4 E:\web\project\smkifsu.sch.id\system\Model.php(772): CodeIgniter\Database\BaseBuilder->get()
#5 E:\web\project\smkifsu.sch.id\app\Controllers\Home.php(11): CodeIgniter\Model->__call('get', Array)
#6 E:\web\project\smkifsu.sch.id\system\CodeIgniter.php(927): App\Controllers\Home->index()
#7 E:\web\project\smkifsu.sch.id\system\CodeIgniter.php(482): CodeIgniter\CodeIgniter->runController(Object(App\Controllers\Home))
#8 E:\web\project\smkifsu.sch.id\system\CodeIgniter.php(351): CodeIgniter\CodeIgniter->handleRequest(NULL, Object(Config\Cache), false)
#9 E:\web\project\smkifsu.sch.id\public\index.php(67): CodeIgniter\CodeIgniter->run()
#10 E:\web\project\smkifsu.sch.id\system\Commands\Server\rewrite.php(46): require_once('E:\\web\\project\\...')
#11 {main}

Next CodeIgniter\Database\Exceptions\DatabaseException: No connection could be made because the target machine actively refused it.
 in E:\web\project\smkifsu.sch.id\system\Database\MySQLi\Connection.php:215
Stack trace:
#0 E:\web\project\smkifsu.sch.id\system\Database\BaseConnection.php(382): CodeIgniter\Database\MySQLi\Connection->connect(false)
#1 E:\web\project\smkifsu.sch.id\system\Database\BaseConnection.php(561): CodeIgniter\Database\BaseConnection->initialize()
#2 E:\web\project\smkifsu.sch.id\system\Database\BaseBuilder.php(1585): CodeIgniter\Database\BaseConnection->query('SELECT *\nFROM `...', Array, false)
#3 E:\web\project\smkifsu.sch.id\system\Model.php(772): CodeIgniter\Database\BaseBuilder->get()
#4 E:\web\project\smkifsu.sch.id\app\Controllers\Home.php(11): CodeIgniter\Model->__call('get', Array)
#5 E:\web\project\smkifsu.sch.id\system\CodeIgniter.php(927): App\Controllers\Home->index()
#6 E:\web\project\smkifsu.sch.id\system\CodeIgniter.php(482): CodeIgniter\CodeIgniter->runController(Object(App\Controllers\Home))
#7 E:\web\project\smkifsu.sch.id\system\CodeIgniter.php(351): CodeIgniter\CodeIgniter->handleRequest(NULL, Object(Config\Cache), false)
#8 E:\web\project\smkifsu.sch.id\public\index.php(67): CodeIgniter\CodeIgniter->run()
#9 E:\web\project\smkifsu.sch.id\system\Commands\Server\rewrite.php(46): require_once('E:\\web\\project\\...')
#10 {main}
CRITICAL - 2023-01-06 21:28:47 --> Unable to connect to the database.
Main connection [MySQLi]: No connection could be made because the target machine actively refused it.

in SYSTEMPATH\Database\BaseConnection.php on line 418.
 1 SYSTEMPATH\Database\BaseConnection.php(561): CodeIgniter\Database\BaseConnection->initialize()
 2 SYSTEMPATH\Database\BaseBuilder.php(1585): CodeIgniter\Database\BaseConnection->query('SELECT *
FROM `tb_post`', [], false)
 3 SYSTEMPATH\Model.php(772): CodeIgniter\Database\BaseBuilder->get()
 4 APPPATH\Controllers\Home.php(11): CodeIgniter\Model->__call('get', [])
 5 SYSTEMPATH\CodeIgniter.php(927): App\Controllers\Home->index()
 6 SYSTEMPATH\CodeIgniter.php(482): CodeIgniter\CodeIgniter->runController(Object(App\Controllers\Home))
 7 SYSTEMPATH\CodeIgniter.php(351): CodeIgniter\CodeIgniter->handleRequest(null, Object(Config\Cache), false)
 8 FCPATH\index.php(67): CodeIgniter\CodeIgniter->run()
 9 SYSTEMPATH\Commands\Server\rewrite.php(46): require_once('FCPATH\\index.php')
ERROR - 2023-01-06 21:28:55 --> Error connecting to the database: mysqli_sql_exception: No connection could be made because the target machine actively refused it.
 in E:\web\project\smkifsu.sch.id\system\Database\MySQLi\Connection.php:171
Stack trace:
#0 E:\web\project\smkifsu.sch.id\system\Database\MySQLi\Connection.php(171): mysqli->real_connect('localhost', 'root', '', 'digiifsu', 3306, '', 0)
#1 E:\web\project\smkifsu.sch.id\system\Database\BaseConnection.php(382): CodeIgniter\Database\MySQLi\Connection->connect(false)
#2 E:\web\project\smkifsu.sch.id\system\Database\BaseConnection.php(561): CodeIgniter\Database\BaseConnection->initialize()
#3 E:\web\project\smkifsu.sch.id\system\Database\BaseBuilder.php(1585): CodeIgniter\Database\BaseConnection->query('SELECT *\nFROM `...', Array, false)
#4 E:\web\project\smkifsu.sch.id\system\Model.php(772): CodeIgniter\Database\BaseBuilder->get()
#5 E:\web\project\smkifsu.sch.id\app\Controllers\Home.php(11): CodeIgniter\Model->__call('get', Array)
#6 E:\web\project\smkifsu.sch.id\system\CodeIgniter.php(927): App\Controllers\Home->index()
#7 E:\web\project\smkifsu.sch.id\system\CodeIgniter.php(482): CodeIgniter\CodeIgniter->runController(Object(App\Controllers\Home))
#8 E:\web\project\smkifsu.sch.id\system\CodeIgniter.php(351): CodeIgniter\CodeIgniter->handleRequest(NULL, Object(Config\Cache), false)
#9 E:\web\project\smkifsu.sch.id\public\index.php(67): CodeIgniter\CodeIgniter->run()
#10 E:\web\project\smkifsu.sch.id\system\Commands\Server\rewrite.php(46): require_once('E:\\web\\project\\...')
#11 {main}

Next CodeIgniter\Database\Exceptions\DatabaseException: No connection could be made because the target machine actively refused it.
 in E:\web\project\smkifsu.sch.id\system\Database\MySQLi\Connection.php:215
Stack trace:
#0 E:\web\project\smkifsu.sch.id\system\Database\BaseConnection.php(382): CodeIgniter\Database\MySQLi\Connection->connect(false)
#1 E:\web\project\smkifsu.sch.id\system\Database\BaseConnection.php(561): CodeIgniter\Database\BaseConnection->initialize()
#2 E:\web\project\smkifsu.sch.id\system\Database\BaseBuilder.php(1585): CodeIgniter\Database\BaseConnection->query('SELECT *\nFROM `...', Array, false)
#3 E:\web\project\smkifsu.sch.id\system\Model.php(772): CodeIgniter\Database\BaseBuilder->get()
#4 E:\web\project\smkifsu.sch.id\app\Controllers\Home.php(11): CodeIgniter\Model->__call('get', Array)
#5 E:\web\project\smkifsu.sch.id\system\CodeIgniter.php(927): App\Controllers\Home->index()
#6 E:\web\project\smkifsu.sch.id\system\CodeIgniter.php(482): CodeIgniter\CodeIgniter->runController(Object(App\Controllers\Home))
#7 E:\web\project\smkifsu.sch.id\system\CodeIgniter.php(351): CodeIgniter\CodeIgniter->handleRequest(NULL, Object(Config\Cache), false)
#8 E:\web\project\smkifsu.sch.id\public\index.php(67): CodeIgniter\CodeIgniter->run()
#9 E:\web\project\smkifsu.sch.id\system\Commands\Server\rewrite.php(46): require_once('E:\\web\\project\\...')
#10 {main}
CRITICAL - 2023-01-06 21:28:55 --> Unable to connect to the database.
Main connection [MySQLi]: No connection could be made because the target machine actively refused it.

in SYSTEMPATH\Database\BaseConnection.php on line 418.
 1 SYSTEMPATH\Database\BaseConnection.php(561): CodeIgniter\Database\BaseConnection->initialize()
 2 SYSTEMPATH\Database\BaseBuilder.php(1585): CodeIgniter\Database\BaseConnection->query('SELECT *
FROM `tb_post`', [], false)
 3 SYSTEMPATH\Model.php(772): CodeIgniter\Database\BaseBuilder->get()
 4 APPPATH\Controllers\Home.php(11): CodeIgniter\Model->__call('get', [])
 5 SYSTEMPATH\CodeIgniter.php(927): App\Controllers\Home->index()
 6 SYSTEMPATH\CodeIgniter.php(482): CodeIgniter\CodeIgniter->runController(Object(App\Controllers\Home))
 7 SYSTEMPATH\CodeIgniter.php(351): CodeIgniter\CodeIgniter->handleRequest(null, Object(Config\Cache), false)
 8 FCPATH\index.php(67): CodeIgniter\CodeIgniter->run()
 9 SYSTEMPATH\Commands\Server\rewrite.php(46): require_once('FCPATH\\index.php')
ERROR - 2023-01-06 21:29:05 --> Error connecting to the database: mysqli_sql_exception: No connection could be made because the target machine actively refused it.
 in E:\web\project\smkifsu.sch.id\system\Database\MySQLi\Connection.php:171
Stack trace:
#0 E:\web\project\smkifsu.sch.id\system\Database\MySQLi\Connection.php(171): mysqli->real_connect('localhost', 'root', '', 'digiifsu', 3306, '', 0)
#1 E:\web\project\smkifsu.sch.id\system\Database\BaseConnection.php(382): CodeIgniter\Database\MySQLi\Connection->connect(false)
#2 E:\web\project\smkifsu.sch.id\system\Database\BaseConnection.php(561): CodeIgniter\Database\BaseConnection->initialize()
#3 E:\web\project\smkifsu.sch.id\system\Database\BaseBuilder.php(1585): CodeIgniter\Database\BaseConnection->query('SELECT *\nFROM `...', Array, false)
#4 E:\web\project\smkifsu.sch.id\system\Model.php(772): CodeIgniter\Database\BaseBuilder->get()
#5 E:\web\project\smkifsu.sch.id\app\Controllers\Home.php(11): CodeIgniter\Model->__call('get', Array)
#6 E:\web\project\smkifsu.sch.id\system\CodeIgniter.php(927): App\Controllers\Home->index()
#7 E:\web\project\smkifsu.sch.id\system\CodeIgniter.php(482): CodeIgniter\CodeIgniter->runController(Object(App\Controllers\Home))
#8 E:\web\project\smkifsu.sch.id\system\CodeIgniter.php(351): CodeIgniter\CodeIgniter->handleRequest(NULL, Object(Config\Cache), false)
#9 E:\web\project\smkifsu.sch.id\public\index.php(67): CodeIgniter\CodeIgniter->run()
#10 E:\web\project\smkifsu.sch.id\system\Commands\Server\rewrite.php(46): require_once('E:\\web\\project\\...')
#11 {main}

Next CodeIgniter\Database\Exceptions\DatabaseException: No connection could be made because the target machine actively refused it.
 in E:\web\project\smkifsu.sch.id\system\Database\MySQLi\Connection.php:215
Stack trace:
#0 E:\web\project\smkifsu.sch.id\system\Database\BaseConnection.php(382): CodeIgniter\Database\MySQLi\Connection->connect(false)
#1 E:\web\project\smkifsu.sch.id\system\Database\BaseConnection.php(561): CodeIgniter\Database\BaseConnection->initialize()
#2 E:\web\project\smkifsu.sch.id\system\Database\BaseBuilder.php(1585): CodeIgniter\Database\BaseConnection->query('SELECT *\nFROM `...', Array, false)
#3 E:\web\project\smkifsu.sch.id\system\Model.php(772): CodeIgniter\Database\BaseBuilder->get()
#4 E:\web\project\smkifsu.sch.id\app\Controllers\Home.php(11): CodeIgniter\Model->__call('get', Array)
#5 E:\web\project\smkifsu.sch.id\system\CodeIgniter.php(927): App\Controllers\Home->index()
#6 E:\web\project\smkifsu.sch.id\system\CodeIgniter.php(482): CodeIgniter\CodeIgniter->runController(Object(App\Controllers\Home))
#7 E:\web\project\smkifsu.sch.id\system\CodeIgniter.php(351): CodeIgniter\CodeIgniter->handleRequest(NULL, Object(Config\Cache), false)
#8 E:\web\project\smkifsu.sch.id\public\index.php(67): CodeIgniter\CodeIgniter->run()
#9 E:\web\project\smkifsu.sch.id\system\Commands\Server\rewrite.php(46): require_once('E:\\web\\project\\...')
#10 {main}
CRITICAL - 2023-01-06 21:29:05 --> Unable to connect to the database.
Main connection [MySQLi]: No connection could be made because the target machine actively refused it.

in SYSTEMPATH\Database\BaseConnection.php on line 418.
 1 SYSTEMPATH\Database\BaseConnection.php(561): CodeIgniter\Database\BaseConnection->initialize()
 2 SYSTEMPATH\Database\BaseBuilder.php(1585): CodeIgniter\Database\BaseConnection->query('SELECT *
FROM `tb_post`', [], false)
 3 SYSTEMPATH\Model.php(772): CodeIgniter\Database\BaseBuilder->get()
 4 APPPATH\Controllers\Home.php(11): CodeIgniter\Model->__call('get', [])
 5 SYSTEMPATH\CodeIgniter.php(927): App\Controllers\Home->index()
 6 SYSTEMPATH\CodeIgniter.php(482): CodeIgniter\CodeIgniter->runController(Object(App\Controllers\Home))
 7 SYSTEMPATH\CodeIgniter.php(351): CodeIgniter\CodeIgniter->handleRequest(null, Object(Config\Cache), false)
 8 FCPATH\index.php(67): CodeIgniter\CodeIgniter->run()
 9 SYSTEMPATH\Commands\Server\rewrite.php(46): require_once('FCPATH\\index.php')
ERROR - 2023-01-06 21:29:12 --> Error connecting to the database: mysqli_sql_exception: No connection could be made because the target machine actively refused it.
 in E:\web\project\smkifsu.sch.id\system\Database\MySQLi\Connection.php:171
Stack trace:
#0 E:\web\project\smkifsu.sch.id\system\Database\MySQLi\Connection.php(171): mysqli->real_connect('localhost', 'root', '', 'digiifsu', 3306, '', 0)
#1 E:\web\project\smkifsu.sch.id\system\Database\BaseConnection.php(382): CodeIgniter\Database\MySQLi\Connection->connect(false)
#2 E:\web\project\smkifsu.sch.id\system\Database\BaseConnection.php(561): CodeIgniter\Database\BaseConnection->initialize()
#3 E:\web\project\smkifsu.sch.id\system\Database\BaseBuilder.php(1585): CodeIgniter\Database\BaseConnection->query('SELECT *\nFROM `...', Array, false)
#4 E:\web\project\smkifsu.sch.id\system\Model.php(772): CodeIgniter\Database\BaseBuilder->get()
#5 E:\web\project\smkifsu.sch.id\app\Controllers\Home.php(11): CodeIgniter\Model->__call('get', Array)
#6 E:\web\project\smkifsu.sch.id\system\CodeIgniter.php(927): App\Controllers\Home->index()
#7 E:\web\project\smkifsu.sch.id\system\CodeIgniter.php(482): CodeIgniter\CodeIgniter->runController(Object(App\Controllers\Home))
#8 E:\web\project\smkifsu.sch.id\system\CodeIgniter.php(351): CodeIgniter\CodeIgniter->handleRequest(NULL, Object(Config\Cache), false)
#9 E:\web\project\smkifsu.sch.id\public\index.php(67): CodeIgniter\CodeIgniter->run()
#10 E:\web\project\smkifsu.sch.id\system\Commands\Server\rewrite.php(46): require_once('E:\\web\\project\\...')
#11 {main}

Next CodeIgniter\Database\Exceptions\DatabaseException: No connection could be made because the target machine actively refused it.
 in E:\web\project\smkifsu.sch.id\system\Database\MySQLi\Connection.php:215
Stack trace:
#0 E:\web\project\smkifsu.sch.id\system\Database\BaseConnection.php(382): CodeIgniter\Database\MySQLi\Connection->connect(false)
#1 E:\web\project\smkifsu.sch.id\system\Database\BaseConnection.php(561): CodeIgniter\Database\BaseConnection->initialize()
#2 E:\web\project\smkifsu.sch.id\system\Database\BaseBuilder.php(1585): CodeIgniter\Database\BaseConnection->query('SELECT *\nFROM `...', Array, false)
#3 E:\web\project\smkifsu.sch.id\system\Model.php(772): CodeIgniter\Database\BaseBuilder->get()
#4 E:\web\project\smkifsu.sch.id\app\Controllers\Home.php(11): CodeIgniter\Model->__call('get', Array)
#5 E:\web\project\smkifsu.sch.id\system\CodeIgniter.php(927): App\Controllers\Home->index()
#6 E:\web\project\smkifsu.sch.id\system\CodeIgniter.php(482): CodeIgniter\CodeIgniter->runController(Object(App\Controllers\Home))
#7 E:\web\project\smkifsu.sch.id\system\CodeIgniter.php(351): CodeIgniter\CodeIgniter->handleRequest(NULL, Object(Config\Cache), false)
#8 E:\web\project\smkifsu.sch.id\public\index.php(67): CodeIgniter\CodeIgniter->run()
#9 E:\web\project\smkifsu.sch.id\system\Commands\Server\rewrite.php(46): require_once('E:\\web\\project\\...')
#10 {main}
CRITICAL - 2023-01-06 21:29:12 --> Unable to connect to the database.
Main connection [MySQLi]: No connection could be made because the target machine actively refused it.

in SYSTEMPATH\Database\BaseConnection.php on line 418.
 1 SYSTEMPATH\Database\BaseConnection.php(561): CodeIgniter\Database\BaseConnection->initialize()
 2 SYSTEMPATH\Database\BaseBuilder.php(1585): CodeIgniter\Database\BaseConnection->query('SELECT *
FROM `tb_post`', [], false)
 3 SYSTEMPATH\Model.php(772): CodeIgniter\Database\BaseBuilder->get()
 4 APPPATH\Controllers\Home.php(11): CodeIgniter\Model->__call('get', [])
 5 SYSTEMPATH\CodeIgniter.php(927): App\Controllers\Home->index()
 6 SYSTEMPATH\CodeIgniter.php(482): CodeIgniter\CodeIgniter->runController(Object(App\Controllers\Home))
 7 SYSTEMPATH\CodeIgniter.php(351): CodeIgniter\CodeIgniter->handleRequest(null, Object(Config\Cache), false)
 8 FCPATH\index.php(67): CodeIgniter\CodeIgniter->run()
 9 SYSTEMPATH\Commands\Server\rewrite.php(46): require_once('FCPATH\\index.php')
ERROR - 2023-01-06 21:29:41 --> Error connecting to the database: mysqli_sql_exception: No connection could be made because the target machine actively refused it.
 in E:\web\project\smkifsu.sch.id\system\Database\MySQLi\Connection.php:171
Stack trace:
#0 E:\web\project\smkifsu.sch.id\system\Database\MySQLi\Connection.php(171): mysqli->real_connect('localhost', 'root', '', 'digiifsu', 3306, '', 0)
#1 E:\web\project\smkifsu.sch.id\system\Database\BaseConnection.php(382): CodeIgniter\Database\MySQLi\Connection->connect(false)
#2 E:\web\project\smkifsu.sch.id\system\Database\BaseConnection.php(561): CodeIgniter\Database\BaseConnection->initialize()
#3 E:\web\project\smkifsu.sch.id\system\Database\BaseBuilder.php(1585): CodeIgniter\Database\BaseConnection->query('SELECT *\nFROM `...', Array, false)
#4 E:\web\project\smkifsu.sch.id\system\Model.php(772): CodeIgniter\Database\BaseBuilder->get()
#5 E:\web\project\smkifsu.sch.id\app\Controllers\Home.php(11): CodeIgniter\Model->__call('get', Array)
#6 E:\web\project\smkifsu.sch.id\system\CodeIgniter.php(927): App\Controllers\Home->index()
#7 E:\web\project\smkifsu.sch.id\system\CodeIgniter.php(482): CodeIgniter\CodeIgniter->runController(Object(App\Controllers\Home))
#8 E:\web\project\smkifsu.sch.id\system\CodeIgniter.php(351): CodeIgniter\CodeIgniter->handleRequest(NULL, Object(Config\Cache), false)
#9 E:\web\project\smkifsu.sch.id\public\index.php(67): CodeIgniter\CodeIgniter->run()
#10 E:\web\project\smkifsu.sch.id\system\Commands\Server\rewrite.php(46): require_once('E:\\web\\project\\...')
#11 {main}

Next CodeIgniter\Database\Exceptions\DatabaseException: No connection could be made because the target machine actively refused it.
 in E:\web\project\smkifsu.sch.id\system\Database\MySQLi\Connection.php:215
Stack trace:
#0 E:\web\project\smkifsu.sch.id\system\Database\BaseConnection.php(382): CodeIgniter\Database\MySQLi\Connection->connect(false)
#1 E:\web\project\smkifsu.sch.id\system\Database\BaseConnection.php(561): CodeIgniter\Database\BaseConnection->initialize()
#2 E:\web\project\smkifsu.sch.id\system\Database\BaseBuilder.php(1585): CodeIgniter\Database\BaseConnection->query('SELECT *\nFROM `...', Array, false)
#3 E:\web\project\smkifsu.sch.id\system\Model.php(772): CodeIgniter\Database\BaseBuilder->get()
#4 E:\web\project\smkifsu.sch.id\app\Controllers\Home.php(11): CodeIgniter\Model->__call('get', Array)
#5 E:\web\project\smkifsu.sch.id\system\CodeIgniter.php(927): App\Controllers\Home->index()
#6 E:\web\project\smkifsu.sch.id\system\CodeIgniter.php(482): CodeIgniter\CodeIgniter->runController(Object(App\Controllers\Home))
#7 E:\web\project\smkifsu.sch.id\system\CodeIgniter.php(351): CodeIgniter\CodeIgniter->handleRequest(NULL, Object(Config\Cache), false)
#8 E:\web\project\smkifsu.sch.id\public\index.php(67): CodeIgniter\CodeIgniter->run()
#9 E:\web\project\smkifsu.sch.id\system\Commands\Server\rewrite.php(46): require_once('E:\\web\\project\\...')
#10 {main}
CRITICAL - 2023-01-06 21:29:41 --> Unable to connect to the database.
Main connection [MySQLi]: No connection could be made because the target machine actively refused it.

in SYSTEMPATH\Database\BaseConnection.php on line 418.
 1 SYSTEMPATH\Database\BaseConnection.php(561): CodeIgniter\Database\BaseConnection->initialize()
 2 SYSTEMPATH\Database\BaseBuilder.php(1585): CodeIgniter\Database\BaseConnection->query('SELECT *
FROM `tb_post`', [], false)
 3 SYSTEMPATH\Model.php(772): CodeIgniter\Database\BaseBuilder->get()
 4 APPPATH\Controllers\Home.php(11): CodeIgniter\Model->__call('get', [])
 5 SYSTEMPATH\CodeIgniter.php(927): App\Controllers\Home->index()
 6 SYSTEMPATH\CodeIgniter.php(482): CodeIgniter\CodeIgniter->runController(Object(App\Controllers\Home))
 7 SYSTEMPATH\CodeIgniter.php(351): CodeIgniter\CodeIgniter->handleRequest(null, Object(Config\Cache), false)
 8 FCPATH\index.php(67): CodeIgniter\CodeIgniter->run()
 9 SYSTEMPATH\Commands\Server\rewrite.php(46): require_once('FCPATH\\index.php')
CRITICAL - 2023-01-06 21:31:39 --> Call to undefined method CodeIgniter\Database\MySQLi\Result::limit()
in APPPATH\Controllers\Home.php on line 11.
 1 SYSTEMPATH\CodeIgniter.php(927): App\Controllers\Home->index()
 2 SYSTEMPATH\CodeIgniter.php(482): CodeIgniter\CodeIgniter->runController(Object(App\Controllers\Home))
 3 SYSTEMPATH\CodeIgniter.php(351): CodeIgniter\CodeIgniter->handleRequest(null, Object(Config\Cache), false)
 4 FCPATH\index.php(67): CodeIgniter\CodeIgniter->run()
 5 SYSTEMPATH\Commands\Server\rewrite.php(46): require_once('FCPATH\\index.php')
CRITICAL - 2023-01-06 21:33:50 --> syntax error, unexpected '}'
in APPPATH\Views\frontend\home.php on line 276.
 1 SYSTEMPATH\View\View.php(216): CodeIgniter\View\View->CodeIgniter\View\{closure}()
 2 SYSTEMPATH\Common.php(1135): CodeIgniter\View\View->render('frontend/home', [], true)
 3 APPPATH\Controllers\Home.php(12): view('frontend/home', [...])
 4 SYSTEMPATH\CodeIgniter.php(927): App\Controllers\Home->index()
 5 SYSTEMPATH\CodeIgniter.php(482): CodeIgniter\CodeIgniter->runController(Object(App\Controllers\Home))
 6 SYSTEMPATH\CodeIgniter.php(351): CodeIgniter\CodeIgniter->handleRequest(null, Object(Config\Cache), false)
 7 FCPATH\index.php(67): CodeIgniter\CodeIgniter->run()
 8 SYSTEMPATH\Commands\Server\rewrite.php(46): require_once('FCPATH\\index.php')
CRITICAL - 2023-01-06 21:37:38 --> Undefined property: stdClass::$publish_at
in APPPATH\Views\frontend\home.php on line 285.
 1 APPPATH\Views\frontend\home.php(285): CodeIgniter\Debug\Exceptions->errorHandler(8, 'Undefined property: stdClass::$publish_at', 'APPPATH\\Views\\frontend\\home.php', 285, [...])
 2 SYSTEMPATH\View\View.php(213): include('APPPATH\\Views\\frontend\\home.php')
 3 SYSTEMPATH\View\View.php(216): CodeIgniter\View\View->CodeIgniter\View\{closure}()
 4 SYSTEMPATH\Common.php(1135): CodeIgniter\View\View->render('frontend/home', [], true)
 5 APPPATH\Controllers\Home.php(12): view('frontend/home', [...])
 6 SYSTEMPATH\CodeIgniter.php(927): App\Controllers\Home->index()
 7 SYSTEMPATH\CodeIgniter.php(482): CodeIgniter\CodeIgniter->runController(Object(App\Controllers\Home))
 8 SYSTEMPATH\CodeIgniter.php(351): CodeIgniter\CodeIgniter->handleRequest(null, Object(Config\Cache), false)
 9 FCPATH\index.php(67): CodeIgniter\CodeIgniter->run()
10 SYSTEMPATH\Commands\Server\rewrite.php(46): require_once('FCPATH\\index.php')
ERROR - 2023-01-06 21:55:03 --> mysqli_sql_exception: Column 'slug' in where clause is ambiguous in E:\web\project\smkifsu.sch.id\system\Database\MySQLi\Connection.php:292
Stack trace:
#0 E:\web\project\smkifsu.sch.id\system\Database\MySQLi\Connection.php(292): mysqli->query('SELECT `tb_post...', 0)
#1 E:\web\project\smkifsu.sch.id\system\Database\BaseConnection.php(666): CodeIgniter\Database\MySQLi\Connection->execute('SELECT `tb_post...')
#2 E:\web\project\smkifsu.sch.id\system\Database\BaseConnection.php(593): CodeIgniter\Database\BaseConnection->simpleQuery('SELECT `tb_post...')
#3 E:\web\project\smkifsu.sch.id\system\Database\BaseBuilder.php(1585): CodeIgniter\Database\BaseConnection->query('SELECT `tb_post...', Array, false)
#4 E:\web\project\smkifsu.sch.id\app\Controllers\Home.php(16): CodeIgniter\Database\BaseBuilder->get()
#5 E:\web\project\smkifsu.sch.id\system\CodeIgniter.php(927): App\Controllers\Home->detailPost('1', 'smk-informatika...')
#6 E:\web\project\smkifsu.sch.id\system\CodeIgniter.php(482): CodeIgniter\CodeIgniter->runController(Object(App\Controllers\Home))
#7 E:\web\project\smkifsu.sch.id\system\CodeIgniter.php(351): CodeIgniter\CodeIgniter->handleRequest(NULL, Object(Config\Cache), false)
#8 E:\web\project\smkifsu.sch.id\public\index.php(67): CodeIgniter\CodeIgniter->run()
#9 E:\web\project\smkifsu.sch.id\system\Commands\Server\rewrite.php(46): require_once('E:\\web\\project\\...')
#10 {main}
CRITICAL - 2023-01-06 21:55:04 --> Column 'slug' in where clause is ambiguous
in SYSTEMPATH\Database\MySQLi\Connection.php on line 292.
 1 SYSTEMPATH\Database\MySQLi\Connection.php(292): mysqli->query('SELECT `tb_post`.*, `tb_post_categories`.`nama` as `nama_category`, `tb_users`.`nama_lengkap`
FROM `tb_post`
LEFT JOIN `tb_post_categories` ON `tb_post_categories`.`id`=`tb_post`.`id_category`
LEFT JOIN `tb_users` ON `tb_users`.`id`=`tb_post`.`author`
WHERE `status` = \'publish\'
AND `slug` = \'smk-informatika-sumedang\'
AND `id` = \'1\'
 LIMIT 3', 0)
 2 SYSTEMPATH\Database\BaseConnection.php(666): CodeIgniter\Database\MySQLi\Connection->execute('SELECT `tb_post`.*, `tb_post_categories`.`nama` as `nama_category`, `tb_users`.`nama_lengkap`
FROM `tb_post`
LEFT JOIN `tb_post_categories` ON `tb_post_categories`.`id`=`tb_post`.`id_category`
LEFT JOIN `tb_users` ON `tb_users`.`id`=`tb_post`.`author`
WHERE `status` = \'publish\'
AND `slug` = \'smk-informatika-sumedang\'
AND `id` = \'1\'
 LIMIT 3')
 3 SYSTEMPATH\Database\BaseConnection.php(593): CodeIgniter\Database\BaseConnection->simpleQuery('SELECT `tb_post`.*, `tb_post_categories`.`nama` as `nama_category`, `tb_users`.`nama_lengkap`
FROM `tb_post`
LEFT JOIN `tb_post_categories` ON `tb_post_categories`.`id`=`tb_post`.`id_category`
LEFT JOIN `tb_users` ON `tb_users`.`id`=`tb_post`.`author`
WHERE `status` = \'publish\'
AND `slug` = \'smk-informatika-sumedang\'
AND `id` = \'1\'
 LIMIT 3')
 4 SYSTEMPATH\Database\BaseBuilder.php(1585): CodeIgniter\Database\BaseConnection->query('SELECT `tb_post`.*, `tb_post_categories`.`nama` as `nama_category`, `tb_users`.`nama_lengkap`
FROM `tb_post`
LEFT JOIN `tb_post_categories` ON `tb_post_categories`.`id`=`tb_post`.`id_category`
LEFT JOIN `tb_users` ON `tb_users`.`id`=`tb_post`.`author`
WHERE `status` = :status:
AND `slug` = :slug:
AND `id` = :id:
 LIMIT 3', [...], false)
 5 APPPATH\Controllers\Home.php(16): CodeIgniter\Database\BaseBuilder->get()
 6 SYSTEMPATH\CodeIgniter.php(927): App\Controllers\Home->detailPost('1', 'smk-informatika-sumedang')
 7 SYSTEMPATH\CodeIgniter.php(482): CodeIgniter\CodeIgniter->runController(Object(App\Controllers\Home))
 8 SYSTEMPATH\CodeIgniter.php(351): CodeIgniter\CodeIgniter->handleRequest(null, Object(Config\Cache), false)
 9 FCPATH\index.php(67): CodeIgniter\CodeIgniter->run()
10 SYSTEMPATH\Commands\Server\rewrite.php(46): require_once('FCPATH\\index.php')
ERROR - 2023-01-06 21:55:19 --> mysqli_sql_exception: Column 'id' in where clause is ambiguous in E:\web\project\smkifsu.sch.id\system\Database\MySQLi\Connection.php:292
Stack trace:
#0 E:\web\project\smkifsu.sch.id\system\Database\MySQLi\Connection.php(292): mysqli->query('SELECT `tb_post...', 0)
#1 E:\web\project\smkifsu.sch.id\system\Database\BaseConnection.php(666): CodeIgniter\Database\MySQLi\Connection->execute('SELECT `tb_post...')
#2 E:\web\project\smkifsu.sch.id\system\Database\BaseConnection.php(593): CodeIgniter\Database\BaseConnection->simpleQuery('SELECT `tb_post...')
#3 E:\web\project\smkifsu.sch.id\system\Database\BaseBuilder.php(1585): CodeIgniter\Database\BaseConnection->query('SELECT `tb_post...', Array, false)
#4 E:\web\project\smkifsu.sch.id\app\Controllers\Home.php(16): CodeIgniter\Database\BaseBuilder->get()
#5 E:\web\project\smkifsu.sch.id\system\CodeIgniter.php(927): App\Controllers\Home->detailPost('1', 'smk-informatika...')
#6 E:\web\project\smkifsu.sch.id\system\CodeIgniter.php(482): CodeIgniter\CodeIgniter->runController(Object(App\Controllers\Home))
#7 E:\web\project\smkifsu.sch.id\system\CodeIgniter.php(351): CodeIgniter\CodeIgniter->handleRequest(NULL, Object(Config\Cache), false)
#8 E:\web\project\smkifsu.sch.id\public\index.php(67): CodeIgniter\CodeIgniter->run()
#9 E:\web\project\smkifsu.sch.id\system\Commands\Server\rewrite.php(46): require_once('E:\\web\\project\\...')
#10 {main}
CRITICAL - 2023-01-06 21:55:19 --> Column 'id' in where clause is ambiguous
in SYSTEMPATH\Database\MySQLi\Connection.php on line 292.
 1 SYSTEMPATH\Database\MySQLi\Connection.php(292): mysqli->query('SELECT `tb_post`.*, `tb_post_categories`.`nama` as `nama_category`, `tb_users`.`nama_lengkap`
FROM `tb_post`
LEFT JOIN `tb_post_categories` ON `tb_post_categories`.`id`=`tb_post`.`id_category`
LEFT JOIN `tb_users` ON `tb_users`.`id`=`tb_post`.`author`
WHERE `status` = \'publish\'
AND `tb_post`.`slug` = \'smk-informatika-sumedang\'
AND `id` = \'1\'
 LIMIT 3', 0)
 2 SYSTEMPATH\Database\BaseConnection.php(666): CodeIgniter\Database\MySQLi\Connection->execute('SELECT `tb_post`.*, `tb_post_categories`.`nama` as `nama_category`, `tb_users`.`nama_lengkap`
FROM `tb_post`
LEFT JOIN `tb_post_categories` ON `tb_post_categories`.`id`=`tb_post`.`id_category`
LEFT JOIN `tb_users` ON `tb_users`.`id`=`tb_post`.`author`
WHERE `status` = \'publish\'
AND `tb_post`.`slug` = \'smk-informatika-sumedang\'
AND `id` = \'1\'
 LIMIT 3')
 3 SYSTEMPATH\Database\BaseConnection.php(593): CodeIgniter\Database\BaseConnection->simpleQuery('SELECT `tb_post`.*, `tb_post_categories`.`nama` as `nama_category`, `tb_users`.`nama_lengkap`
FROM `tb_post`
LEFT JOIN `tb_post_categories` ON `tb_post_categories`.`id`=`tb_post`.`id_category`
LEFT JOIN `tb_users` ON `tb_users`.`id`=`tb_post`.`author`
WHERE `status` = \'publish\'
AND `tb_post`.`slug` = \'smk-informatika-sumedang\'
AND `id` = \'1\'
 LIMIT 3')
 4 SYSTEMPATH\Database\BaseBuilder.php(1585): CodeIgniter\Database\BaseConnection->query('SELECT `tb_post`.*, `tb_post_categories`.`nama` as `nama_category`, `tb_users`.`nama_lengkap`
FROM `tb_post`
LEFT JOIN `tb_post_categories` ON `tb_post_categories`.`id`=`tb_post`.`id_category`
LEFT JOIN `tb_users` ON `tb_users`.`id`=`tb_post`.`author`
WHERE `status` = :status:
AND `tb_post`.`slug` = :tb_post.slug:
AND `id` = :id:
 LIMIT 3', [...], false)
 5 APPPATH\Controllers\Home.php(16): CodeIgniter\Database\BaseBuilder->get()
 6 SYSTEMPATH\CodeIgniter.php(927): App\Controllers\Home->detailPost('1', 'smk-informatika-sumedang')
 7 SYSTEMPATH\CodeIgniter.php(482): CodeIgniter\CodeIgniter->runController(Object(App\Controllers\Home))
 8 SYSTEMPATH\CodeIgniter.php(351): CodeIgniter\CodeIgniter->handleRequest(null, Object(Config\Cache), false)
 9 FCPATH\index.php(67): CodeIgniter\CodeIgniter->run()
10 SYSTEMPATH\Commands\Server\rewrite.php(46): require_once('FCPATH\\index.php')
ERROR - 2023-01-06 21:55:29 --> mysqli_sql_exception: Unknown column 'tb_posts.id' in 'where clause' in E:\web\project\smkifsu.sch.id\system\Database\MySQLi\Connection.php:292
Stack trace:
#0 E:\web\project\smkifsu.sch.id\system\Database\MySQLi\Connection.php(292): mysqli->query('SELECT `tb_post...', 0)
#1 E:\web\project\smkifsu.sch.id\system\Database\BaseConnection.php(666): CodeIgniter\Database\MySQLi\Connection->execute('SELECT `tb_post...')
#2 E:\web\project\smkifsu.sch.id\system\Database\BaseConnection.php(593): CodeIgniter\Database\BaseConnection->simpleQuery('SELECT `tb_post...')
#3 E:\web\project\smkifsu.sch.id\system\Database\BaseBuilder.php(1585): CodeIgniter\Database\BaseConnection->query('SELECT `tb_post...', Array, false)
#4 E:\web\project\smkifsu.sch.id\app\Controllers\Home.php(16): CodeIgniter\Database\BaseBuilder->get()
#5 E:\web\project\smkifsu.sch.id\system\CodeIgniter.php(927): App\Controllers\Home->detailPost('1', 'smk-informatika...')
#6 E:\web\project\smkifsu.sch.id\system\CodeIgniter.php(482): CodeIgniter\CodeIgniter->runController(Object(App\Controllers\Home))
#7 E:\web\project\smkifsu.sch.id\system\CodeIgniter.php(351): CodeIgniter\CodeIgniter->handleRequest(NULL, Object(Config\Cache), false)
#8 E:\web\project\smkifsu.sch.id\public\index.php(67): CodeIgniter\CodeIgniter->run()
#9 E:\web\project\smkifsu.sch.id\system\Commands\Server\rewrite.php(46): require_once('E:\\web\\project\\...')
#10 {main}
CRITICAL - 2023-01-06 21:55:29 --> Unknown column 'tb_posts.id' in 'where clause'
in SYSTEMPATH\Database\MySQLi\Connection.php on line 292.
 1 SYSTEMPATH\Database\MySQLi\Connection.php(292): mysqli->query('SELECT `tb_post`.*, `tb_post_categories`.`nama` as `nama_category`, `tb_users`.`nama_lengkap`
FROM `tb_post`
LEFT JOIN `tb_post_categories` ON `tb_post_categories`.`id`=`tb_post`.`id_category`
LEFT JOIN `tb_users` ON `tb_users`.`id`=`tb_post`.`author`
WHERE `status` = \'publish\'
AND `tb_post`.`slug` = \'smk-informatika-sumedang\'
AND `tb_posts`.`id` = \'1\'
 LIMIT 3', 0)
 2 SYSTEMPATH\Database\BaseConnection.php(666): CodeIgniter\Database\MySQLi\Connection->execute('SELECT `tb_post`.*, `tb_post_categories`.`nama` as `nama_category`, `tb_users`.`nama_lengkap`
FROM `tb_post`
LEFT JOIN `tb_post_categories` ON `tb_post_categories`.`id`=`tb_post`.`id_category`
LEFT JOIN `tb_users` ON `tb_users`.`id`=`tb_post`.`author`
WHERE `status` = \'publish\'
AND `tb_post`.`slug` = \'smk-informatika-sumedang\'
AND `tb_posts`.`id` = \'1\'
 LIMIT 3')
 3 SYSTEMPATH\Database\BaseConnection.php(593): CodeIgniter\Database\BaseConnection->simpleQuery('SELECT `tb_post`.*, `tb_post_categories`.`nama` as `nama_category`, `tb_users`.`nama_lengkap`
FROM `tb_post`
LEFT JOIN `tb_post_categories` ON `tb_post_categories`.`id`=`tb_post`.`id_category`
LEFT JOIN `tb_users` ON `tb_users`.`id`=`tb_post`.`author`
WHERE `status` = \'publish\'
AND `tb_post`.`slug` = \'smk-informatika-sumedang\'
AND `tb_posts`.`id` = \'1\'
 LIMIT 3')
 4 SYSTEMPATH\Database\BaseBuilder.php(1585): CodeIgniter\Database\BaseConnection->query('SELECT `tb_post`.*, `tb_post_categories`.`nama` as `nama_category`, `tb_users`.`nama_lengkap`
FROM `tb_post`
LEFT JOIN `tb_post_categories` ON `tb_post_categories`.`id`=`tb_post`.`id_category`
LEFT JOIN `tb_users` ON `tb_users`.`id`=`tb_post`.`author`
WHERE `status` = :status:
AND `tb_post`.`slug` = :tb_post.slug:
AND `tb_posts`.`id` = :tb_posts.id:
 LIMIT 3', [...], false)
 5 APPPATH\Controllers\Home.php(16): CodeIgniter\Database\BaseBuilder->get()
 6 SYSTEMPATH\CodeIgniter.php(927): App\Controllers\Home->detailPost('1', 'smk-informatika-sumedang')
 7 SYSTEMPATH\CodeIgniter.php(482): CodeIgniter\CodeIgniter->runController(Object(App\Controllers\Home))
 8 SYSTEMPATH\CodeIgniter.php(351): CodeIgniter\CodeIgniter->handleRequest(null, Object(Config\Cache), false)
 9 FCPATH\index.php(67): CodeIgniter\CodeIgniter->run()
10 SYSTEMPATH\Commands\Server\rewrite.php(46): require_once('FCPATH\\index.php')
